#
# There is insufficient memory for the Java Runtime Environment to continue.
# Native memory allocation (malloc) failed to allocate 381936 bytes for Chunk::new
# Possible reasons:
#   The system is out of physical RAM or swap space
#   In 32 bit mode, the process size limit was hit
# Possible solutions:
#   Reduce memory load on the system
#   Increase physical memory or swap space
#   Check if swap backing store is full
#   Use 64 bit Java on a 64 bit OS
#   Decrease Java heap size (-Xmx/-Xms)
#   Decrease number of Java threads
#   Decrease Java thread stack sizes (-Xss)
#   Set larger code cache with -XX:ReservedCodeCacheSize=
# This output file may be truncated or incomplete.
#
#  Out of Memory Error (allocation.cpp:390), pid=5772, tid=0x0000000000000518
#
# JRE version: Java(TM) SE Runtime Environment (8.0_92-b14) (build 1.8.0_92-b14)
# Java VM: Java HotSpot(TM) 64-Bit Server VM (25.92-b14 mixed mode windows-amd64 compressed oops)
# Failed to write core dump. Minidumps are not enabled by default on client versions of Windows
#

---------------  T H R E A D  ---------------

Current thread (0x0000000014841000):  JavaThread "C2 CompilerThread1" daemon [_thread_in_native, id=1304, stack(0x0000000015f80000,0x0000000016080000)]

Stack: [0x0000000015f80000,0x0000000016080000]
[error occurred during error reporting (printing stack bounds), id 0xc0000005]

Native frames: (J=compiled Java code, j=interpreted, Vv=VM code, C=native code)


Current CompileTask:
C2:   2350 1711       4       com.android.dx.dex.code.OutputFinisher::addConstants (93 bytes)


---------------  P R O C E S S  ---------------

Java Threads: ( => current thread )
  0x00000000163f0800 JavaThread "pool-1-thread-1" [_thread_in_Java, id=5808, stack(0x0000000016780000,0x0000000016880000)]
  0x000000001489e000 JavaThread "Service Thread" daemon [_thread_blocked, id=5784, stack(0x0000000016580000,0x0000000016680000)]
  0x0000000014844000 JavaThread "C1 CompilerThread2" daemon [_thread_in_vm, id=2680, stack(0x0000000016080000,0x0000000016180000)]
=>0x0000000014841000 JavaThread "C2 CompilerThread1" daemon [_thread_in_native, id=1304, stack(0x0000000015f80000,0x0000000016080000)]
  0x000000001483d000 JavaThread "C2 CompilerThread0" daemon [_thread_in_native, id=5152, stack(0x0000000015e80000,0x0000000015f80000)]
  0x000000001483b800 JavaThread "Attach Listener" daemon [_thread_blocked, id=1540, stack(0x0000000015d80000,0x0000000015e80000)]
  0x000000001483a800 JavaThread "Signal Dispatcher" daemon [_thread_blocked, id=4856, stack(0x0000000015c80000,0x0000000015d80000)]
  0x000000001482a800 JavaThread "Finalizer" daemon [_thread_blocked, id=3760, stack(0x0000000015aa0000,0x0000000015ba0000)]
  0x000000000215f800 JavaThread "Reference Handler" daemon [_thread_blocked, id=1116, stack(0x00000000159a0000,0x0000000015aa0000)]
  0x0000000002070800 JavaThread "main" [_thread_blocked, id=5980, stack(0x0000000001ea0000,0x0000000001fa0000)]

Other Threads:
  0x0000000014807800 VMThread [stack: 0x00000000158a0000,0x00000000159a0000] [id=3332]
  0x00000000161cf800 WatcherThread [stack: 0x0000000016680000,0x0000000016780000] [id=1248]

VM state:not at safepoint (normal execution)

VM Mutex/Monitor currently owned by a thread: None

Heap:
 PSYoungGen      total 38400K, used 6265K [0x00000000eab00000, 0x00000000ed580000, 0x0000000100000000)
  eden space 33280K, 3% used [0x00000000eab00000,0x00000000eac1ee38,0x00000000ecb80000)
  from space 5120K, 99% used [0x00000000ed080000,0x00000000ed57f770,0x00000000ed580000)
  to   space 5120K, 0% used [0x00000000ecb80000,0x00000000ecb80000,0x00000000ed080000)
 ParOldGen       total 99328K, used 38913K [0x00000000c0000000, 0x00000000c6100000, 0x00000000eab00000)
  object space 99328K, 39% used [0x00000000c0000000,0x00000000c2600660,0x00000000c6100000)
 Metaspace       used 6311K, capacity 7344K, committed 7552K, reserved 1056768K
  class space    used 606K, capacity 616K, committed 640K, reserved 1048576K

Card table byte_map: [0x0000000011530000,0x0000000011740000] byte_map_base: 0x0000000010f30000

Marking Bits: (ParMarkBitMap*) 0x000000006fca64f0
 Begin Bits: [0x0000000011ca0000, 0x0000000012ca0000)
 End Bits:   [0x0000000012ca0000, 0x0000000013ca0000)

Polling page: 0x00000000004b0000

CodeCache: size=245760Kb used=7875Kb max_used=7875Kb free=237884Kb
 bounds [0x0000000002170000, 0x0000000002930000, 0x0000000011170000]
 total_blobs=2176 nmethods=1912 adapters=176
 compilation: enabled

Compilation events (10 events):
Event: 2.266 Thread 0x0000000014844000 nmethod 1877 0x00000000028d96d0 code [0x00000000028d98e0, 0x00000000028da3f8]
Event: 2.267 Thread 0x0000000014844000 1878 %     3       com.android.dx.dex.code.OutputFinisher::massageInstructions @ 17 (89 bytes)
Event: 2.268 Thread 0x0000000014844000 nmethod 1878% 0x00000000028dabd0 code [0x00000000028dae20, 0x00000000028dbb58]
Event: 2.269 Thread 0x0000000014844000 1879 %     3       com.android.dx.dex.code.DalvInsnList::makeImmutable @ 18 (51 bytes)
Event: 2.270 Thread 0x0000000014844000 nmethod 1879% 0x00000000028dc550 code [0x00000000028dc7c0, 0x00000000028dd7b8]
Event: 2.271 Thread 0x0000000014844000 1880 %     3       com.android.dx.dex.code.PositionList::make @ 73 (224 bytes)
Event: 2.272 Thread 0x0000000014844000 nmethod 1880% 0x00000000028de4d0 code [0x00000000028de7c0, 0x00000000028e0448]
Event: 2.272 Thread 0x0000000014844000 1881       3       com.android.dx.dex.code.PositionList::make (224 bytes)
Event: 2.273 Thread 0x0000000014844000 nmethod 1881 0x00000000028e1650 code [0x00000000028e1940, 0x00000000028e3428]
Event: 2.273 Thread 0x0000000014844000 1882 %     3       com.android.dx.dex.code.LocalList::make @ 16 (102 bytes)

GC Heap History (10 events):
Event: 1.076 GC heap before
{Heap before GC invocations=4 (full 0):
 PSYoungGen      total 38400K, used 38389K [0x00000000eab00000, 0x00000000ed580000, 0x0000000100000000)
  eden space 33280K, 100% used [0x00000000eab00000,0x00000000ecb80000,0x00000000ecb80000)
  from space 5120K, 99% used [0x00000000ecb80000,0x00000000ed07d6d8,0x00000000ed080000)
  to   space 5120K, 0% used [0x00000000ed080000,0x00000000ed080000,0x00000000ed580000)
 ParOldGen       total 87552K, used 31528K [0x00000000c0000000, 0x00000000c5580000, 0x00000000eab00000)
  object space 87552K, 36% used [0x00000000c0000000,0x00000000c1eca0a0,0x00000000c5580000)
 Metaspace       used 5825K, capacity 6896K, committed 7040K, reserved 1056768K
  class space    used 584K, capacity 616K, committed 640K, reserved 1048576K
Event: 1.107 GC heap after
Heap after GC invocations=4 (full 0):
 PSYoungGen      total 38400K, used 5109K [0x00000000eab00000, 0x00000000ed580000, 0x0000000100000000)
  eden space 33280K, 0% used [0x00000000eab00000,0x00000000eab00000,0x00000000ecb80000)
  from space 5120K, 99% used [0x00000000ed080000,0x00000000ed57d6b8,0x00000000ed580000)
  to   space 5120K, 0% used [0x00000000ecb80000,0x00000000ecb80000,0x00000000ed080000)
 ParOldGen       total 87552K, used 42177K [0x00000000c0000000, 0x00000000c5580000, 0x00000000eab00000)
  object space 87552K, 48% used [0x00000000c0000000,0x00000000c2930630,0x00000000c5580000)
 Metaspace       used 5825K, capacity 6896K, committed 7040K, reserved 1056768K
  class space    used 584K, capacity 616K, committed 640K, reserved 1048576K
}
Event: 1.464 GC heap before
{Heap before GC invocations=5 (full 0):
 PSYoungGen      total 38400K, used 38389K [0x00000000eab00000, 0x00000000ed580000, 0x0000000100000000)
  eden space 33280K, 100% used [0x00000000eab00000,0x00000000ecb80000,0x00000000ecb80000)
  from space 5120K, 99% used [0x00000000ed080000,0x00000000ed57d6b8,0x00000000ed580000)
  to   space 5120K, 0% used [0x00000000ecb80000,0x00000000ecb80000,0x00000000ed080000)
 ParOldGen       total 87552K, used 42177K [0x00000000c0000000, 0x00000000c5580000, 0x00000000eab00000)
  object space 87552K, 48% used [0x00000000c0000000,0x00000000c2930630,0x00000000c5580000)
 Metaspace       used 5897K, capacity 6960K, committed 7040K, reserved 1056768K
  class space    used 584K, capacity 616K, committed 640K, reserved 1048576K
Event: 1.501 GC heap after
Heap after GC invocations=5 (full 0):
 PSYoungGen      total 38400K, used 5112K [0x00000000eab00000, 0x00000000ed580000, 0x0000000100000000)
  eden space 33280K, 0% used [0x00000000eab00000,0x00000000eab00000,0x00000000ecb80000)
  from space 5120K, 99% used [0x00000000ecb80000,0x00000000ed07e1a0,0x00000000ed080000)
  to   space 5120K, 0% used [0x00000000ed080000,0x00000000ed080000,0x00000000ed580000)
 ParOldGen       total 87552K, used 54573K [0x00000000c0000000, 0x00000000c5580000, 0x00000000eab00000)
  object space 87552K, 62% used [0x00000000c0000000,0x00000000c354b630,0x00000000c5580000)
 Metaspace       used 5897K, capacity 6960K, committed 7040K, reserved 1056768K
  class space    used 584K, capacity 616K, committed 640K, reserved 1048576K
}
Event: 1.588 GC heap before
{Heap before GC invocations=6 (full 0):
 PSYoungGen      total 38400K, used 38392K [0x00000000eab00000, 0x00000000ed580000, 0x0000000100000000)
  eden space 33280K, 100% used [0x00000000eab00000,0x00000000ecb80000,0x00000000ecb80000)
  from space 5120K, 99% used [0x00000000ecb80000,0x00000000ed07e1a0,0x00000000ed080000)
  to   space 5120K, 0% used [0x00000000ed080000,0x00000000ed080000,0x00000000ed580000)
 ParOldGen       total 87552K, used 54573K [0x00000000c0000000, 0x00000000c5580000, 0x00000000eab00000)
  object space 87552K, 62% used [0x00000000c0000000,0x00000000c354b630,0x00000000c5580000)
 Metaspace       used 5900K, capacity 6960K, committed 7040K, reserved 1056768K
  class space    used 584K, capacity 616K, committed 640K, reserved 1048576K
Event: 1.611 GC heap after
Heap after GC invocations=6 (full 0):
 PSYoungGen      total 38400K, used 5108K [0x00000000eab00000, 0x00000000ed580000, 0x0000000100000000)
  eden space 33280K, 0% used [0x00000000eab00000,0x00000000eab00000,0x00000000ecb80000)
  from space 5120K, 99% used [0x00000000ed080000,0x00000000ed57d1f0,0x00000000ed580000)
  to   space 5120K, 0% used [0x00000000ecb80000,0x00000000ecb80000,0x00000000ed080000)
 ParOldGen       total 87552K, used 66973K [0x00000000c0000000, 0x00000000c5580000, 0x00000000eab00000)
  object space 87552K, 76% used [0x00000000c0000000,0x00000000c4167480,0x00000000c5580000)
 Metaspace       used 5900K, capacity 6960K, committed 7040K, reserved 1056768K
  class space    used 584K, capacity 616K, committed 640K, reserved 1048576K
}
Event: 1.683 GC heap before
{Heap before GC invocations=7 (full 0):
 PSYoungGen      total 38400K, used 38388K [0x00000000eab00000, 0x00000000ed580000, 0x0000000100000000)
  eden space 33280K, 100% used [0x00000000eab00000,0x00000000ecb80000,0x00000000ecb80000)
  from space 5120K, 99% used [0x00000000ed080000,0x00000000ed57d1f0,0x00000000ed580000)
  to   space 5120K, 0% used [0x00000000ecb80000,0x00000000ecb80000,0x00000000ed080000)
 ParOldGen       total 87552K, used 66973K [0x00000000c0000000, 0x00000000c5580000, 0x00000000eab00000)
  object space 87552K, 76% used [0x00000000c0000000,0x00000000c4167480,0x00000000c5580000)
 Metaspace       used 5918K, capacity 7024K, committed 7296K, reserved 1056768K
  class space    used 585K, capacity 616K, committed 640K, reserved 1048576K
Event: 1.717 GC heap after
Heap after GC invocations=7 (full 0):
 PSYoungGen      total 38400K, used 5107K [0x00000000eab00000, 0x00000000ed580000, 0x0000000100000000)
  eden space 33280K, 0% used [0x00000000eab00000,0x00000000eab00000,0x00000000ecb80000)
  from space 5120K, 99% used [0x00000000ecb80000,0x00000000ed07cf68,0x00000000ed080000)
  to   space 5120K, 0% used [0x00000000ed080000,0x00000000ed080000,0x00000000ed580000)
 ParOldGen       total 87552K, used 81283K [0x00000000c0000000, 0x00000000c5580000, 0x00000000eab00000)
  object space 87552K, 92% used [0x00000000c0000000,0x00000000c4f60c10,0x00000000c5580000)
 Metaspace       used 5918K, capacity 7024K, committed 7296K, reserved 1056768K
  class space    used 585K, capacity 616K, committed 640K, reserved 1048576K
}
Event: 1.717 GC heap before
{Heap before GC invocations=8 (full 1):
 PSYoungGen      total 38400K, used 5107K [0x00000000eab00000, 0x00000000ed580000, 0x0000000100000000)
  eden space 33280K, 0% used [0x00000000eab00000,0x00000000eab00000,0x00000000ecb80000)
  from space 5120K, 99% used [0x00000000ecb80000,0x00000000ed07cf68,0x00000000ed080000)
  to   space 5120K, 0% used [0x00000000ed080000,0x00000000ed080000,0x00000000ed580000)
 ParOldGen       total 87552K, used 81283K [0x00000000c0000000, 0x00000000c5580000, 0x00000000eab00000)
  object space 87552K, 92% used [0x00000000c0000000,0x00000000c4f60c10,0x00000000c5580000)
 Metaspace       used 5918K, capacity 7024K, committed 7296K, reserved 1056768K
  class space    used 585K, capacity 616K, committed 640K, reserved 1048576K
Event: 1.924 GC heap after
Heap after GC invocations=8 (full 1):
 PSYoungGen      total 38400K, used 0K [0x00000000eab00000, 0x00000000ed580000, 0x0000000100000000)
  eden space 33280K, 0% used [0x00000000eab00000,0x00000000eab00000,0x00000000ecb80000)
  from space 5120K, 0% used [0x00000000ecb80000,0x00000000ecb80000,0x00000000ed080000)
  to   space 5120K, 0% used [0x00000000ed080000,0x00000000ed080000,0x00000000ed580000)
 ParOldGen       total 99328K, used 35378K [0x00000000c0000000, 0x00000000c6100000, 0x00000000eab00000)
  object space 99328K, 35% used [0x00000000c0000000,0x00000000c228c978,0x00000000c6100000)
 Metaspace       used 5918K, capacity 7024K, committed 7296K, reserved 1056768K
  class space    used 585K, capacity 616K, committed 640K, reserved 1048576K
}

Deoptimization events (10 events):
Event: 2.089 Thread 0x00000000163f0800 Uncommon trap: reason=class_check action=maybe_recompile pc=0x000000000271e8c8 method=java.util.Arrays.hashCode([Ljava/lang/Object;)I @ 43
Event: 2.089 Thread 0x00000000163f0800 Uncommon trap: reason=class_check action=maybe_recompile pc=0x000000000271e8c8 method=java.util.Arrays.hashCode([Ljava/lang/Object;)I @ 43
Event: 2.089 Thread 0x00000000163f0800 Uncommon trap: reason=class_check action=maybe_recompile pc=0x000000000271e8c8 method=java.util.Arrays.hashCode([Ljava/lang/Object;)I @ 43
Event: 2.089 Thread 0x00000000163f0800 Uncommon trap: reason=class_check action=maybe_recompile pc=0x00000000026cdd28 method=java.util.Arrays.hashCode([Ljava/lang/Object;)I @ 43
Event: 2.095 Thread 0x00000000163f0800 Uncommon trap: reason=bimorphic action=maybe_recompile pc=0x0000000002538324 method=java.util.HashMap.getNode(ILjava/lang/Object;)Ljava/util/HashMap$Node; @ 126
Event: 2.095 Thread 0x00000000163f0800 Uncommon trap: reason=bimorphic action=maybe_recompile pc=0x0000000002538324 method=java.util.HashMap.getNode(ILjava/lang/Object;)Ljava/util/HashMap$Node; @ 126
Event: 2.096 Thread 0x00000000163f0800 Uncommon trap: reason=bimorphic action=maybe_recompile pc=0x0000000002538324 method=java.util.HashMap.getNode(ILjava/lang/Object;)Ljava/util/HashMap$Node; @ 126
Event: 2.136 Thread 0x00000000163f0800 Uncommon trap: reason=bimorphic action=maybe_recompile pc=0x0000000002538324 method=java.util.HashMap.getNode(ILjava/lang/Object;)Ljava/util/HashMap$Node; @ 126
Event: 2.136 Thread 0x00000000163f0800 Uncommon trap: reason=bimorphic action=maybe_recompile pc=0x0000000002578b30 method=java.util.HashMap.getNode(ILjava/lang/Object;)Ljava/util/HashMap$Node; @ 126
Event: 2.178 Thread 0x00000000163f0800 Uncommon trap: reason=unstable_if action=reinterpret pc=0x000000000250b0dc method=java.util.Arrays.equals([Ljava/lang/Object;[Ljava/lang/Object;)Z @ 23

Internal exceptions (3 events):
Event: 0.026 Thread 0x0000000002070800 Exception <a 'java/lang/NoSuchMethodError': Method sun.misc.Unsafe.defineClass(Ljava/lang/String;[BII)Ljava/lang/Class; name or signature does not match> (0x00000000eab07cc0) thrown at [D:\re\workspace\8-2-build-windows-amd64-cygwin\jdk8u92\6642\hotspot\sr´¶õ§tcö?
Event: 0.026 Thread 0x0000000002070800 Exception <a 'java/lang/NoSuchMethodError': Method sun.misc.Unsafe.prefetchRead(Ljava/lang/Object;J)V name or signature does not match> (0x00000000eab07fa8) thrown at [D:\re\workspace\8-2-build-windows-amd64-cygwin\jdk8u92\6642\hotspot\src\share\vm\prims\jó%	çπ÷?
Event: 0.355 Thread 0x00000000163dd800 Implicit null exception at 0x00000000023d9f83 to 0x00000000023db86d

Events (10 events):
Event: 2.168 loading class com/android/dx/rop/code/RegisterSpecList$Expander done
Event: 2.177 loading class com/android/dx/dex/code/CatchHandlerList$Entry
Event: 2.177 loading class com/android/dx/dex/code/CatchHandlerList$Entry done
Event: 2.178 Thread 0x00000000163f0800 Uncommon trap: trap_request=0xffffff65 fr.pc=0x000000000250b0dc
Event: 2.178 Thread 0x00000000163f0800 DEOPT PACKING pc=0x000000000250b0dc sp=0x000000001687e7f0
Event: 2.178 Thread 0x00000000163f0800 DEOPT UNPACKING pc=0x00000000021b582a sp=0x000000001687e780 mode 2
Event: 2.178 loading class com/android/dx/dex/code/CatchTable$Entry
Event: 2.178 loading class com/android/dx/dex/code/CatchTable$Entry done
Event: 2.178 loading class com/android/dx/util/ByteArrayAnnotatedOutput
Event: 2.178 loading class com/android/dx/util/ByteArrayAnnotatedOutput done


Dynamic libraries:
0x00007ff6a7580000 - 0x00007ff6a75b7000 	C:\Program Files\Java\jdk1.8.0_92\bin\java.exe
0x00007ffcc7430000 - 0x00007ffcc75dc000 	C:\Windows\SYSTEM32\ntdll.dll
0x00007ffcc4f20000 - 0x00007ffcc505a000 	C:\Windows\system32\KERNEL32.DLL
0x00007ffcc47f0000 - 0x00007ffcc4905000 	C:\Windows\system32\KERNELBASE.dll
0x00007ffcc32c0000 - 0x00007ffcc334e000 	C:\Windows\system32\apphelp.dll
0x00007ffcaf270000 - 0x00007ffcaf2c3000 	C:\Windows\AppPatch\AppPatch64\AcGenral.DLL
0x00007ffcc5770000 - 0x00007ffcc5817000 	C:\Windows\system32\msvcrt.dll
0x00007ffcc4530000 - 0x00007ffcc455b000 	C:\Windows\SYSTEM32\SspiCli.dll
0x00007ffcc5b20000 - 0x00007ffcc5b71000 	C:\Windows\system32\SHLWAPI.dll
0x00007ffcc4da0000 - 0x00007ffcc4f11000 	C:\Windows\system32\USER32.dll
0x00007ffcc52b0000 - 0x00007ffcc5428000 	C:\Windows\system32\ole32.dll
0x00007ffcc5cc0000 - 0x00007ffcc71eb000 	C:\Windows\system32\SHELL32.dll
0x00007ffcc3cf0000 - 0x00007ffcc3d0e000 	C:\Windows\SYSTEM32\USERENV.dll
0x00007ffcc5440000 - 0x00007ffcc54ea000 	C:\Windows\system32\ADVAPI32.dll
0x00007ffcb8d90000 - 0x00007ffcb8dab000 	C:\Windows\SYSTEM32\MPR.dll
0x00007ffcc5620000 - 0x00007ffcc5756000 	C:\Windows\system32\RPCRT4.dll
0x00007ffcc7230000 - 0x00007ffcc7287000 	C:\Windows\SYSTEM32\sechost.dll
0x00007ffcc5880000 - 0x00007ffcc5a56000 	C:\Windows\SYSTEM32\combase.dll
0x00007ffcc5100000 - 0x00007ffcc524f000 	C:\Windows\system32\GDI32.dll
0x00007ffcc4680000 - 0x00007ffcc4694000 	C:\Windows\SYSTEM32\profapi.dll
0x00007ffcc2cd0000 - 0x00007ffcc2d6f000 	C:\Windows\SYSTEM32\SHCORE.dll
0x00007ffcc71f0000 - 0x00007ffcc7224000 	C:\Windows\system32\IMM32.DLL
0x00007ffcc5b80000 - 0x00007ffcc5cb9000 	C:\Windows\system32\MSCTF.dll
0x00007ffcc2490000 - 0x00007ffcc270b000 	C:\Windows\WinSxS\amd64_microsoft.windows.common-controls_6595b64144ccf1df_6.0.9600.18006_none_623f33d3ecbe86e8\COMCTL32.dll
0x000000006f3b0000 - 0x000000006f482000 	C:\Program Files\Java\jdk1.8.0_92\jre\bin\msvcr100.dll
0x000000006f490000 - 0x000000006fd26000 	C:\Program Files\Java\jdk1.8.0_92\jre\bin\server\jvm.dll
0x00007ffcb8db0000 - 0x00007ffcb8db9000 	C:\Windows\SYSTEM32\WSOCK32.dll
0x00007ffcc0880000 - 0x00007ffcc089f000 	C:\Windows\SYSTEM32\WINMM.dll
0x00007ffcc1170000 - 0x00007ffcc117a000 	C:\Windows\SYSTEM32\VERSION.dll
0x00007ffcc54f0000 - 0x00007ffcc54f7000 	C:\Windows\system32\PSAPI.DLL
0x00007ffcc5250000 - 0x00007ffcc52a8000 	C:\Windows\system32\WS2_32.dll
0x00007ffcc0830000 - 0x00007ffcc085a000 	C:\Windows\SYSTEM32\WINMMBASE.dll
0x00007ffcc5760000 - 0x00007ffcc5769000 	C:\Windows\system32\NSI.dll
0x00007ffcc4750000 - 0x00007ffcc479a000 	C:\Windows\SYSTEM32\cfgmgr32.dll
0x00007ffcc3510000 - 0x00007ffcc3536000 	C:\Windows\SYSTEM32\DEVOBJ.dll
0x0000000070240000 - 0x000000007024f000 	C:\Program Files\Java\jdk1.8.0_92\jre\bin\verify.dll
0x0000000070210000 - 0x0000000070239000 	C:\Program Files\Java\jdk1.8.0_92\jre\bin\java.dll
0x00000000701f0000 - 0x0000000070206000 	C:\Program Files\Java\jdk1.8.0_92\jre\bin\zip.dll

VM Arguments:
jvm_args: -Djava.awt.headless=true -Xmx1024M -Dfile.encoding=windows-1252 -Duser.country=GB -Duser.language=en -Duser.variant 
java_command: com.android.dx.command.Main --dex --force-jumbo --num-threads=4 --multi-dex --output D:\Software\Android\Projects\Game\app\build\intermediates\transforms\dex\debug\folders\1000\5\slice_8 D:\Software\Android\Projects\Game\app\build\intermediates\transforms\instantRunSlicer\debug\folders\1\5\slice_8
java_class_path (initial): C:\Users\Shekhar\AppData\Local\Android\Sdk\build-tools\23.0.3\lib\dx.jar
Launcher Type: SUN_STANDARD

Environment Variables:
PATH=C:\ProgramData\Oracle\Java\javapath;C:\Program Files (x86)\Intel\iCLS Client\;C:\Program Files\Intel\iCLS Client\;C:\Windows\system32;C:\Windows;C:\Windows\System32\Wbem;C:\Windows\System32\WindowsPowerShell\v1.0\;C:\Program Files\Intel\Intel(R) Management Engine Components\DAL;C:\Program Files\Intel\Intel(R) Management Engine Components\IPT;C:\Program Files (x86)\Intel\Intel(R) Management Engine Components\DAL;C:\Program Files (x86)\Intel\Intel(R) Management Engine Components\IPT;C:\Program Files (x86)\NVIDIA Corporation\PhysX\Common;C:\Program Files (x86)\MySQL\MySQL Fabric 1.5 & MySQL Utilities 1.5\;C:\Program Files (x86)\MySQL\MySQL Fabric 1.5 & MySQL Utilities 1.5\Doctrine extensions for PHP\;D:\Software\Matlab\MatlabR2015b\bin;C:\Program Files (x86)\Windows Kits\8.1\Windows Performance Toolkit\;D:\Software\Java\JDK 8\bin;
USERNAME=Shekhar
OS=Windows_NT
PROCESSOR_IDENTIFIER=Intel64 Family 6 Model 42 Stepping 7, GenuineIntel



---------------  S Y S T E M  ---------------

OS: Windows 8.1 , 64 bit Build 9600 (6.3.9600.17056)

CPU:total 4 (4 cores per cpu, 1 threads per core) family 6 model 42 stepping 7, cmov, cx8, fxsr, mmx, sse, sse2, sse3, ssse3, sse4.1, sse4.2, popcnt, avx, aes, clmul, tsc, tscinvbit

Memory: 4k page, physical 8348912k(2076124k free), swap 10446064k(5004k free)

vm_info: Java HotSpot(TM) 64-Bit Server VM (25.92-b14) for windows-amd64 JRE (1.8.0_92-b14), built on Mar 31 2016 21:03:04 by "java_re" with MS VC++ 10.0 (VS2010)

time: Mon Aug 08 21:37:54 2016
elapsed time: 2 seconds (0d 0h 0m 2s)

