#
# There is insufficient memory for the Java Runtime Environment to continue.
# Native memory allocation (malloc) failed to allocate 734816 bytes for Chunk::new
# Possible reasons:
#   The system is out of physical RAM or swap space
#   In 32 bit mode, the process size limit was hit
# Possible solutions:
#   Reduce memory load on the system
#   Increase physical memory or swap space
#   Check if swap backing store is full
#   Use 64 bit Java on a 64 bit OS
#   Decrease Java heap size (-Xmx/-Xms)
#   Decrease number of Java threads
#   Decrease Java thread stack sizes (-Xss)
#   Set larger code cache with -XX:ReservedCodeCacheSize=
# This output file may be truncated or incomplete.
#
#  Out of Memory Error (allocation.cpp:390), pid=4828, tid=0x0000000000000c88
#
# JRE version: Java(TM) SE Runtime Environment (8.0_92-b14) (build 1.8.0_92-b14)
# Java VM: Java HotSpot(TM) 64-Bit Server VM (25.92-b14 mixed mode windows-amd64 compressed oops)
# Failed to write core dump. Minidumps are not enabled by default on client versions of Windows
#

---------------  T H R E A D  ---------------

Current thread (0x0000000014813800):  JavaThread "C2 CompilerThread1" daemon [_thread_in_native, id=3208, stack(0x0000000015f50000,0x0000000016050000)]

Stack: [0x0000000015f50000,0x0000000016050000]
[error occurred during error reporting (printing stack bounds), id 0xc0000005]

Native frames: (J=compiled Java code, j=interpreted, Vv=VM code, C=native code)


Current CompileTask:
C2:   2194 1671   !   4       com.android.dx.cf.code.BytecodeArray::parseInstruction (2764 bytes)


---------------  P R O C E S S  ---------------

Java Threads: ( => current thread )
  0x00000000163c1000 JavaThread "pool-2-thread-4" [_thread_blocked, id=6456, stack(0x0000000016b50000,0x0000000016c50000)]
  0x00000000163c0000 JavaThread "pool-2-thread-3" [_thread_in_Java, id=2844, stack(0x0000000016a50000,0x0000000016b50000)]
  0x00000000163bf800 JavaThread "pool-2-thread-2" [_thread_in_Java, id=2120, stack(0x0000000016950000,0x0000000016a50000)]
  0x00000000163be800 JavaThread "pool-3-thread-1" [_thread_blocked, id=6256, stack(0x0000000016850000,0x0000000016950000)]
  0x00000000163f8800 JavaThread "pool-2-thread-1" [_thread_blocked, id=6844, stack(0x0000000016750000,0x0000000016850000)]
  0x0000000016155000 JavaThread "Service Thread" daemon [_thread_blocked, id=7444, stack(0x0000000016550000,0x0000000016650000)]
  0x000000001486c000 JavaThread "C1 CompilerThread2" daemon [_thread_blocked, id=7424, stack(0x0000000016050000,0x0000000016150000)]
=>0x0000000014813800 JavaThread "C2 CompilerThread1" daemon [_thread_in_native, id=3208, stack(0x0000000015f50000,0x0000000016050000)]
  0x0000000014818000 JavaThread "C2 CompilerThread0" daemon [_thread_in_native, id=2640, stack(0x0000000015e50000,0x0000000015f50000)]
  0x0000000014816800 JavaThread "Attach Listener" daemon [_thread_blocked, id=4360, stack(0x0000000015d50000,0x0000000015e50000)]
  0x0000000014815000 JavaThread "Signal Dispatcher" daemon [_thread_blocked, id=3472, stack(0x0000000015c50000,0x0000000015d50000)]
  0x00000000147fa800 JavaThread "Finalizer" daemon [_thread_blocked, id=2336, stack(0x0000000015a60000,0x0000000015b60000)]
  0x00000000020ff000 JavaThread "Reference Handler" daemon [_thread_blocked, id=4240, stack(0x0000000015960000,0x0000000015a60000)]
  0x0000000002010800 JavaThread "main" [_thread_blocked, id=7348, stack(0x0000000001ee0000,0x0000000001fe0000)]

Other Threads:
  0x00000000147d7800 VMThread [stack: 0x0000000015860000,0x0000000015960000] [id=4280]
  0x000000001616a800 WatcherThread [stack: 0x0000000016650000,0x0000000016750000] [id=7420]

VM state:not at safepoint (normal execution)

VM Mutex/Monitor currently owned by a thread: None

Heap:
 PSYoungGen      total 71680K, used 27200K [0x00000000eab00000, 0x00000000ef600000, 0x0000000100000000)
  eden space 66560K, 33% used [0x00000000eab00000,0x00000000ec0975a8,0x00000000eec00000)
  from space 5120K, 99% used [0x00000000ef100000,0x00000000ef5f8df0,0x00000000ef600000)
  to   space 5120K, 0% used [0x00000000eec00000,0x00000000eec00000,0x00000000ef100000)
 ParOldGen       total 87552K, used 15308K [0x00000000c0000000, 0x00000000c5580000, 0x00000000eab00000)
  object space 87552K, 17% used [0x00000000c0000000,0x00000000c0ef3198,0x00000000c5580000)
 Metaspace       used 6297K, capacity 7154K, committed 7296K, reserved 1056768K
  class space    used 604K, capacity 618K, committed 640K, reserved 1048576K

Card table byte_map: [0x00000000114e0000,0x00000000116f0000] byte_map_base: 0x0000000010ee0000

Marking Bits: (ParMarkBitMap*) 0x000000005f5164f0
 Begin Bits: [0x0000000011c50000, 0x0000000012c50000)
 End Bits:   [0x0000000012c50000, 0x0000000013c50000)

Polling page: 0x0000000001fe0000

CodeCache: size=245760Kb used=6969Kb max_used=6970Kb free=238790Kb
 bounds [0x0000000002120000, 0x0000000002800000, 0x0000000011120000]
 total_blobs=1968 nmethods=1698 adapters=182
 compilation: enabled

Compilation events (10 events):
Event: 2.187 Thread 0x000000001486c000 1721       2       com.android.dx.rop.annotation.Annotation::<init> (54 bytes)
Event: 2.188 Thread 0x000000001486c000 nmethod 1721 0x00000000027ef710 code [0x00000000027ef8a0, 0x00000000027efbf8]
Event: 2.189 Thread 0x000000001486c000 1722       2       com.android.dx.dex.file.AnnotationItem::<init> (41 bytes)
Event: 2.189 Thread 0x000000001486c000 nmethod 1722 0x00000000027ef050 code [0x00000000027ef1e0, 0x00000000027ef4f8]
Event: 2.189 Thread 0x000000001486c000 1723       2       com.android.dx.dex.file.AnnotationItem::addContents (27 bytes)
Event: 2.189 Thread 0x000000001486c000 nmethod 1723 0x00000000027eebd0 code [0x00000000027eed40, 0x00000000027eef18]
Event: 2.190 Thread 0x000000001486c000 1724 %     3       com.android.dx.util.IntList::binarysearch @ 45 (124 bytes)
Event: 2.190 Thread 0x000000001486c000 nmethod 1724% 0x00000000027ee210 code [0x00000000027ee3a0, 0x00000000027ee8d0]
Event: 2.190 Thread 0x000000001486c000 1725       3       com.android.dx.util.IntList::binarysearch (124 bytes)
Event: 2.190 Thread 0x000000001486c000 nmethod 1725 0x00000000027ed910 code [0x00000000027edaa0, 0x00000000027edf50]

GC Heap History (8 events):
Event: 1.083 GC heap before
{Heap before GC invocations=1 (full 0):
 PSYoungGen      total 38400K, used 33280K [0x00000000eab00000, 0x00000000ed580000, 0x0000000100000000)
  eden space 33280K, 100% used [0x00000000eab00000,0x00000000ecb80000,0x00000000ecb80000)
  from space 5120K, 0% used [0x00000000ed080000,0x00000000ed080000,0x00000000ed580000)
  to   space 5120K, 0% used [0x00000000ecb80000,0x00000000ecb80000,0x00000000ed080000)
 ParOldGen       total 87552K, used 0K [0x00000000c0000000, 0x00000000c5580000, 0x00000000eab00000)
  object space 87552K, 0% used [0x00000000c0000000,0x00000000c0000000,0x00000000c5580000)
 Metaspace       used 6006K, capacity 6898K, committed 7040K, reserved 1056768K
  class space    used 603K, capacity 618K, committed 640K, reserved 1048576K
Event: 1.089 GC heap after
Heap after GC invocations=1 (full 0):
 PSYoungGen      total 38400K, used 5094K [0x00000000eab00000, 0x00000000ed580000, 0x0000000100000000)
  eden space 33280K, 0% used [0x00000000eab00000,0x00000000eab00000,0x00000000ecb80000)
  from space 5120K, 99% used [0x00000000ecb80000,0x00000000ed079b40,0x00000000ed080000)
  to   space 5120K, 0% used [0x00000000ed080000,0x00000000ed080000,0x00000000ed580000)
 ParOldGen       total 87552K, used 900K [0x00000000c0000000, 0x00000000c5580000, 0x00000000eab00000)
  object space 87552K, 1% used [0x00000000c0000000,0x00000000c00e13d8,0x00000000c5580000)
 Metaspace       used 6006K, capacity 6898K, committed 7040K, reserved 1056768K
  class space    used 603K, capacity 618K, committed 640K, reserved 1048576K
}
Event: 1.448 GC heap before
{Heap before GC invocations=2 (full 0):
 PSYoungGen      total 38400K, used 38374K [0x00000000eab00000, 0x00000000ed580000, 0x0000000100000000)
  eden space 33280K, 100% used [0x00000000eab00000,0x00000000ecb80000,0x00000000ecb80000)
  from space 5120K, 99% used [0x00000000ecb80000,0x00000000ed079b40,0x00000000ed080000)
  to   space 5120K, 0% used [0x00000000ed080000,0x00000000ed080000,0x00000000ed580000)
 ParOldGen       total 87552K, used 900K [0x00000000c0000000, 0x00000000c5580000, 0x00000000eab00000)
  object space 87552K, 1% used [0x00000000c0000000,0x00000000c00e13d8,0x00000000c5580000)
 Metaspace       used 6200K, capacity 7090K, committed 7296K, reserved 1056768K
  class space    used 604K, capacity 618K, committed 640K, reserved 1048576K
Event: 1.458 GC heap after
Heap after GC invocations=2 (full 0):
 PSYoungGen      total 38400K, used 5102K [0x00000000eab00000, 0x00000000ef600000, 0x0000000100000000)
  eden space 33280K, 0% used [0x00000000eab00000,0x00000000eab00000,0x00000000ecb80000)
  from space 5120K, 99% used [0x00000000ed080000,0x00000000ed57b950,0x00000000ed580000)
  to   space 5120K, 0% used [0x00000000ecb80000,0x00000000ecb80000,0x00000000ed080000)
 ParOldGen       total 87552K, used 5355K [0x00000000c0000000, 0x00000000c5580000, 0x00000000eab00000)
  object space 87552K, 6% used [0x00000000c0000000,0x00000000c053af18,0x00000000c5580000)
 Metaspace       used 6200K, capacity 7090K, committed 7296K, reserved 1056768K
  class space    used 604K, capacity 618K, committed 640K, reserved 1048576K
}
Event: 1.681 GC heap before
{Heap before GC invocations=3 (full 0):
 PSYoungGen      total 38400K, used 38382K [0x00000000eab00000, 0x00000000ef600000, 0x0000000100000000)
  eden space 33280K, 100% used [0x00000000eab00000,0x00000000ecb80000,0x00000000ecb80000)
  from space 5120K, 99% used [0x00000000ed080000,0x00000000ed57b950,0x00000000ed580000)
  to   space 5120K, 0% used [0x00000000ecb80000,0x00000000ecb80000,0x00000000ed080000)
 ParOldGen       total 87552K, used 5355K [0x00000000c0000000, 0x00000000c5580000, 0x00000000eab00000)
  object space 87552K, 6% used [0x00000000c0000000,0x00000000c053af18,0x00000000c5580000)
 Metaspace       used 6263K, capacity 7154K, committed 7296K, reserved 1056768K
  class space    used 604K, capacity 618K, committed 640K, reserved 1048576K
Event: 1.707 GC heap after
Heap after GC invocations=3 (full 0):
 PSYoungGen      total 38400K, used 5111K [0x00000000eab00000, 0x00000000ef600000, 0x0000000100000000)
  eden space 33280K, 0% used [0x00000000eab00000,0x00000000eab00000,0x00000000ecb80000)
  from space 5120K, 99% used [0x00000000ecb80000,0x00000000ed07dd10,0x00000000ed080000)
  to   space 5120K, 0% used [0x00000000ef100000,0x00000000ef100000,0x00000000ef600000)
 ParOldGen       total 87552K, used 9976K [0x00000000c0000000, 0x00000000c5580000, 0x00000000eab00000)
  object space 87552K, 11% used [0x00000000c0000000,0x00000000c09be138,0x00000000c5580000)
 Metaspace       used 6263K, capacity 7154K, committed 7296K, reserved 1056768K
  class space    used 604K, capacity 618K, committed 640K, reserved 1048576K
}
Event: 1.984 GC heap before
{Heap before GC invocations=4 (full 0):
 PSYoungGen      total 38400K, used 38391K [0x00000000eab00000, 0x00000000ef600000, 0x0000000100000000)
  eden space 33280K, 100% used [0x00000000eab00000,0x00000000ecb80000,0x00000000ecb80000)
  from space 5120K, 99% used [0x00000000ecb80000,0x00000000ed07dd10,0x00000000ed080000)
  to   space 5120K, 0% used [0x00000000ef100000,0x00000000ef100000,0x00000000ef600000)
 ParOldGen       total 87552K, used 9976K [0x00000000c0000000, 0x00000000c5580000, 0x00000000eab00000)
  object space 87552K, 11% used [0x00000000c0000000,0x00000000c09be138,0x00000000c5580000)
 Metaspace       used 6289K, capacity 7154K, committed 7296K, reserved 1056768K
  class space    used 604K, capacity 618K, committed 640K, reserved 1048576K
Event: 2.127 GC heap after
Heap after GC invocations=4 (full 0):
 PSYoungGen      total 71680K, used 5091K [0x00000000eab00000, 0x00000000ef600000, 0x0000000100000000)
  eden space 66560K, 0% used [0x00000000eab00000,0x00000000eab00000,0x00000000eec00000)
  from space 5120K, 99% used [0x00000000ef100000,0x00000000ef5f8df0,0x00000000ef600000)
  to   space 5120K, 0% used [0x00000000eec00000,0x00000000eec00000,0x00000000ef100000)
 ParOldGen       total 87552K, used 15308K [0x00000000c0000000, 0x00000000c5580000, 0x00000000eab00000)
  object space 87552K, 17% used [0x00000000c0000000,0x00000000c0ef3198,0x00000000c5580000)
 Metaspace       used 6289K, capacity 7154K, committed 7296K, reserved 1056768K
  class space    used 604K, capacity 618K, committed 640K, reserved 1048576K
}

Deoptimization events (10 events):
Event: 1.050 Thread 0x00000000163c0000 Uncommon trap: reason=unstable_if action=reinterpret pc=0x0000000002413f6c method=com.android.dx.rop.code.RegisterSpecSet.put(Lcom/android/dx/rop/code/RegisterSpec;)V @ 77
Event: 1.050 Thread 0x00000000163c0000 Uncommon trap: reason=unstable_if action=reinterpret pc=0x00000000024977a0 method=com.android.dx.rop.code.RegisterSpecSet.put(Lcom/android/dx/rop/code/RegisterSpec;)V @ 77
Event: 1.338 Thread 0x0000000002010800 Uncommon trap: reason=unloaded action=reinterpret pc=0x00000000025f1e14 method=com.android.dx.cf.cst.ConstantPoolParser.parse0(ILjava/util/BitSet;)Lcom/android/dx/rop/cst/Constant; @ 198
Event: 1.403 Thread 0x00000000163c1000 Uncommon trap: reason=unstable_if action=reinterpret pc=0x000000000235259c method=com.android.dx.rop.cst.Constant.compareTo(Lcom/android/dx/rop/cst/Constant;)I @ 12
Event: 1.442 Thread 0x00000000163bf800 Uncommon trap: reason=uninitialized action=reinterpret pc=0x00000000026419a4 method=com.android.dx.cf.code.BytecodeArray.parseInstruction(ILcom/android/dx/cf/code/BytecodeArray$Visitor;)I @ 999
Event: 1.460 Thread 0x00000000163bf800 Uncommon trap: reason=bimorphic action=maybe_recompile pc=0x000000000254cff4 method=java.util.HashMap.putVal(ILjava/lang/Object;Ljava/lang/Object;ZZ)Ljava/lang/Object; @ 203
Event: 1.630 Thread 0x00000000163bf800 Uncommon trap: reason=unstable_if action=reinterpret pc=0x000000000270a4b4 method=com.android.dx.ssa.SCCP.simulateStmt(Lcom/android/dx/ssa/SsaInsn;)V @ 53
Event: 1.649 Thread 0x00000000163c0000 Uncommon trap: reason=unstable_if action=reinterpret pc=0x0000000002529ffc method=com.android.dx.util.IntList.binarysearch(I)I @ 105
Event: 1.820 Thread 0x00000000163bf800 Uncommon trap: reason=unstable_if action=reinterpret pc=0x00000000027236b8 method=com.android.dx.ssa.SCCP.simulateBranch(Lcom/android/dx/ssa/SsaInsn;)V @ 64
Event: 1.823 Thread 0x00000000163bf800 Uncommon trap: reason=unstable_if action=reinterpret pc=0x00000000023fa49c method=com.android.dx.ssa.SsaMethod.updateOneDefinition(Lcom/android/dx/ssa/SsaInsn;Lcom/android/dx/rop/code/RegisterSpec;)V @ 4

Internal exceptions (3 events):
Event: 0.322 Thread 0x0000000002010800 Exception <a 'java/lang/NoSuchMethodError': Method sun.misc.Unsafe.defineClass(Ljava/lang/String;[BII)Ljava/lang/Class; name or signature does not match> (0x00000000eab07cc0) thrown at [D:\re\workspace\8-2-build-windows-amd64-cygwin\jdk8u92\6642\hotspot\srCnFÔ„•Ô?
Event: 0.322 Thread 0x0000000002010800 Exception <a 'java/lang/NoSuchMethodError': Method sun.misc.Unsafe.prefetchRead(Ljava/lang/Object;J)V name or signature does not match> (0x00000000eab07fa8) thrown at [D:\re\workspace\8-2-build-windows-amd64-cygwin\jdk8u92\6642\hotspot\src\share\vm\prims\jèG+að?
Event: 1.024 Thread 0x00000000163c0000 Implicit null exception at 0x00000000023dee84 to 0x00000000023e0e85

Events (10 events):
Event: 1.820 Thread 0x00000000163bf800 DEOPT UNPACKING pc=0x000000000216582a sp=0x0000000016a4e930 mode 2
Event: 1.822 loading class com/android/dx/rop/code/RegOps
Event: 1.822 loading class com/android/dx/rop/code/RegOps done
Event: 1.823 Thread 0x00000000163bf800 Uncommon trap: trap_request=0xffffff65 fr.pc=0x00000000023fa49c
Event: 1.823 Thread 0x00000000163bf800 DEOPT PACKING pc=0x00000000023fa49c sp=0x0000000016a4e8c0
Event: 1.823 Thread 0x00000000163bf800 DEOPT UNPACKING pc=0x000000000216582a sp=0x0000000016a4e868 mode 2
Event: 1.898 Executing VM operation: ParallelGCFailedAllocation
Event: 2.127 Executing VM operation: ParallelGCFailedAllocation done
Event: 2.190 Thread 0x00000000163c0000 DEOPT PACKING pc=0x0000000002790b19 sp=0x0000000016b4e610
Event: 2.190 Thread 0x00000000163c0000 DEOPT UNPACKING pc=0x000000000216787f sp=0x0000000016b4e308 mode 0


Dynamic libraries:
0x00007ff6c6660000 - 0x00007ff6c6697000 	C:\Program Files\Java\jdk1.8.0_92\bin\java.exe
0x00007fffd9b80000 - 0x00007fffd9d2c000 	C:\Windows\SYSTEM32\ntdll.dll
0x00007fffd8a70000 - 0x00007fffd8baa000 	C:\Windows\system32\KERNEL32.DLL
0x00007fffd6fa0000 - 0x00007fffd70b5000 	C:\Windows\system32\KERNELBASE.dll
0x00007fffd3670000 - 0x00007fffd36fe000 	C:\Windows\system32\apphelp.dll
0x00007fffc4d00000 - 0x00007fffc4d53000 	C:\Windows\AppPatch\AppPatch64\AcGenral.DLL
0x00007fffd9ab0000 - 0x00007fffd9b57000 	C:\Windows\system32\msvcrt.dll
0x00007fffd6c80000 - 0x00007fffd6cab000 	C:\Windows\SYSTEM32\SspiCli.dll
0x00007fffd7370000 - 0x00007fffd73c1000 	C:\Windows\system32\SHLWAPI.dll
0x00007fffd8f70000 - 0x00007fffd90e1000 	C:\Windows\system32\USER32.dll
0x00007fffd8df0000 - 0x00007fffd8f68000 	C:\Windows\system32\ole32.dll
0x00007fffd73d0000 - 0x00007fffd88fb000 	C:\Windows\system32\SHELL32.dll
0x00007fffd6440000 - 0x00007fffd645e000 	C:\Windows\SYSTEM32\USERENV.dll
0x00007fffd8900000 - 0x00007fffd89aa000 	C:\Windows\system32\ADVAPI32.dll
0x00007fffca470000 - 0x00007fffca48b000 	C:\Windows\SYSTEM32\MPR.dll
0x00007fffd91a0000 - 0x00007fffd92d6000 	C:\Windows\system32\RPCRT4.dll
0x00007fffd72f0000 - 0x00007fffd7347000 	C:\Windows\SYSTEM32\sechost.dll
0x00007fffd98d0000 - 0x00007fffd9aa6000 	C:\Windows\SYSTEM32\combase.dll
0x00007fffd9660000 - 0x00007fffd97af000 	C:\Windows\system32\GDI32.dll
0x00007fffd6dd0000 - 0x00007fffd6de4000 	C:\Windows\SYSTEM32\profapi.dll
0x00007fffd5420000 - 0x00007fffd54bf000 	C:\Windows\SYSTEM32\SHCORE.dll
0x00007fffd92e0000 - 0x00007fffd9314000 	C:\Windows\system32\IMM32.DLL
0x00007fffd9320000 - 0x00007fffd9459000 	C:\Windows\system32\MSCTF.dll
0x00007fffd2cf0000 - 0x00007fffd2f6b000 	C:\Windows\WinSxS\amd64_microsoft.windows.common-controls_6595b64144ccf1df_6.0.9600.18006_none_623f33d3ecbe86e8\COMCTL32.dll
0x000000005ca50000 - 0x000000005cb22000 	C:\Program Files\Java\jdk1.8.0_92\jre\bin\msvcr100.dll
0x000000005ed00000 - 0x000000005f596000 	C:\Program Files\Java\jdk1.8.0_92\jre\bin\server\jvm.dll
0x00007fffcbfb0000 - 0x00007fffcbfb9000 	C:\Windows\SYSTEM32\WSOCK32.dll
0x00007fffd4e90000 - 0x00007fffd4eaf000 	C:\Windows\SYSTEM32\WINMM.dll
0x00007fffd4e80000 - 0x00007fffd4e8a000 	C:\Windows\SYSTEM32\VERSION.dll
0x00007fffd7350000 - 0x00007fffd7357000 	C:\Windows\system32\PSAPI.DLL
0x00007fffd8bb0000 - 0x00007fffd8c08000 	C:\Windows\system32\WS2_32.dll
0x00007fffd3910000 - 0x00007fffd393a000 	C:\Windows\SYSTEM32\WINMMBASE.dll
0x00007fffd98c0000 - 0x00007fffd98c9000 	C:\Windows\system32\NSI.dll
0x00007fffd6ea0000 - 0x00007fffd6eea000 	C:\Windows\SYSTEM32\cfgmgr32.dll
0x00007fffd5c80000 - 0x00007fffd5ca6000 	C:\Windows\SYSTEM32\DEVOBJ.dll
0x000000005ecf0000 - 0x000000005ecff000 	C:\Program Files\Java\jdk1.8.0_92\jre\bin\verify.dll
0x000000005ecc0000 - 0x000000005ece9000 	C:\Program Files\Java\jdk1.8.0_92\jre\bin\java.dll
0x000000005eca0000 - 0x000000005ecb6000 	C:\Program Files\Java\jdk1.8.0_92\jre\bin\zip.dll

VM Arguments:
jvm_args: -Djava.awt.headless=true -Xmx1024M -Dfile.encoding=windows-1252 -Duser.country=GB -Duser.language=en -Duser.variant 
java_command: com.android.dx.command.Main --dex --force-jumbo --num-threads=4 --multi-dex --output D:\Software\Android\Projects\Game\app\build\intermediates\transforms\dex\debug\folders\1000\10\com.android.support-appcompat-v7-23.4.0_ef45e7ddf47aa9041b305bfbd4aa8f4ebbc6e774 D:\Software\Android\Projects\Game\app\build\intermediates\exploded-aar\com.android.support\appcompat-v7\23.4.0\jars\classes.jar
java_class_path (initial): C:\Users\Shekhar\AppData\Local\Android\Sdk\build-tools\23.0.3\lib\dx.jar
Launcher Type: SUN_STANDARD

Environment Variables:
PATH=C:\ProgramData\Oracle\Java\javapath;C:\Program Files (x86)\Intel\iCLS Client\;C:\Program Files\Intel\iCLS Client\;C:\Windows\system32;C:\Windows;C:\Windows\System32\Wbem;C:\Windows\System32\WindowsPowerShell\v1.0\;C:\Program Files\Intel\Intel(R) Management Engine Components\DAL;C:\Program Files\Intel\Intel(R) Management Engine Components\IPT;C:\Program Files (x86)\Intel\Intel(R) Management Engine Components\DAL;C:\Program Files (x86)\Intel\Intel(R) Management Engine Components\IPT;C:\Program Files (x86)\NVIDIA Corporation\PhysX\Common;C:\Program Files (x86)\MySQL\MySQL Fabric 1.5 & MySQL Utilities 1.5\;C:\Program Files (x86)\MySQL\MySQL Fabric 1.5 & MySQL Utilities 1.5\Doctrine extensions for PHP\;D:\Software\Matlab\MatlabR2015b\bin;C:\Program Files (x86)\Windows Kits\8.1\Windows Performance Toolkit\;D:\Software\Java\JDK 8\bin;
USERNAME=Shekhar
OS=Windows_NT
PROCESSOR_IDENTIFIER=Intel64 Family 6 Model 42 Stepping 7, GenuineIntel



---------------  S Y S T E M  ---------------

OS: Windows 8.1 , 64 bit Build 9600 (6.3.9600.17056)

CPU:total 4 (4 cores per cpu, 1 threads per core) family 6 model 42 stepping 7, cmov, cx8, fxsr, mmx, sse, sse2, sse3, ssse3, sse4.1, sse4.2, popcnt, avx, aes, clmul, tsc, tscinvbit

Memory: 4k page, physical 8348912k(1174484k free), swap 10446064k(5064k free)

vm_info: Java HotSpot(TM) 64-Bit Server VM (25.92-b14) for windows-amd64 JRE (1.8.0_92-b14), built on Mar 31 2016 21:03:04 by "java_re" with MS VC++ 10.0 (VS2010)

time: Tue Jul 05 22:02:42 2016
elapsed time: 2 seconds (0d 0h 0m 2s)

