#
# There is insufficient memory for the Java Runtime Environment to continue.
# Native memory allocation (malloc) failed to allocate 670416 bytes for Chunk::new
# Possible reasons:
#   The system is out of physical RAM or swap space
#   In 32 bit mode, the process size limit was hit
# Possible solutions:
#   Reduce memory load on the system
#   Increase physical memory or swap space
#   Check if swap backing store is full
#   Use 64 bit Java on a 64 bit OS
#   Decrease Java heap size (-Xmx/-Xms)
#   Decrease number of Java threads
#   Decrease Java thread stack sizes (-Xss)
#   Set larger code cache with -XX:ReservedCodeCacheSize=
# This output file may be truncated or incomplete.
#
#  Out of Memory Error (allocation.cpp:390), pid=7224, tid=0x0000000000001e40
#
# JRE version: Java(TM) SE Runtime Environment (8.0_92-b14) (build 1.8.0_92-b14)
# Java VM: Java HotSpot(TM) 64-Bit Server VM (25.92-b14 mixed mode windows-amd64 compressed oops)
# Failed to write core dump. Minidumps are not enabled by default on client versions of Windows
#

---------------  T H R E A D  ---------------

Current thread (0x0000000014da5800):  JavaThread "C2 CompilerThread1" daemon [_thread_in_native, id=7744, stack(0x0000000016480000,0x0000000016580000)]

Stack: [0x0000000016480000,0x0000000016580000]
[error occurred during error reporting (printing stack bounds), id 0xc0000005]

Native frames: (J=compiled Java code, j=interpreted, Vv=VM code, C=native code)


Current CompileTask:
C2:   3097 1651       4       com.android.dx.cf.code.RopperMachine::getSources (264 bytes)


---------------  P R O C E S S  ---------------

Java Threads: ( => current thread )
  0x00000000169af000 JavaThread "pool-2-thread-4" [_thread_blocked, id=4828, stack(0x0000000017080000,0x0000000017180000)]
  0x00000000169ae800 JavaThread "pool-2-thread-3" [_thread_in_Java, id=6600, stack(0x0000000016f80000,0x0000000017080000)]
  0x00000000169ad800 JavaThread "pool-2-thread-2" [_thread_blocked, id=7880, stack(0x0000000016e80000,0x0000000016f80000)]
  0x00000000169ad000 JavaThread "pool-3-thread-1" [_thread_blocked, id=3056, stack(0x0000000016d80000,0x0000000016e80000)]
  0x00000000169a8800 JavaThread "pool-2-thread-1" [_thread_blocked, id=6908, stack(0x0000000016c80000,0x0000000016d80000)]
  0x0000000016685000 JavaThread "Service Thread" daemon [_thread_blocked, id=4792, stack(0x0000000016a80000,0x0000000016b80000)]
  0x0000000014dac000 JavaThread "C1 CompilerThread2" daemon [_thread_blocked, id=2644, stack(0x0000000016580000,0x0000000016680000)]
=>0x0000000014da5800 JavaThread "C2 CompilerThread1" daemon [_thread_in_native, id=7744, stack(0x0000000016480000,0x0000000016580000)]
  0x0000000014d4c000 JavaThread "C2 CompilerThread0" daemon [_thread_in_native, id=7248, stack(0x0000000016380000,0x0000000016480000)]
  0x0000000014d4a800 JavaThread "Attach Listener" daemon [_thread_blocked, id=4360, stack(0x0000000016280000,0x0000000016380000)]
  0x0000000014d49800 JavaThread "Signal Dispatcher" daemon [_thread_blocked, id=2628, stack(0x0000000016180000,0x0000000016280000)]
  0x0000000014d3a000 JavaThread "Finalizer" daemon [_thread_blocked, id=7708, stack(0x0000000015fa0000,0x00000000160a0000)]
  0x0000000014d19000 JavaThread "Reference Handler" daemon [_thread_blocked, id=6572, stack(0x0000000015ea0000,0x0000000015fa0000)]
  0x0000000002580800 JavaThread "main" [_thread_blocked, id=4940, stack(0x0000000002410000,0x0000000002510000)]

Other Threads:
  0x0000000014d16800 VMThread [stack: 0x0000000015da0000,0x0000000015ea0000] [id=6520]
  0x000000001669a000 WatcherThread [stack: 0x0000000016b80000,0x0000000016c80000] [id=2624]

VM state:not at safepoint (normal execution)

VM Mutex/Monitor currently owned by a thread: None

Heap:
 PSYoungGen      total 71680K, used 41341K [0x00000000eab00000, 0x00000000ef600000, 0x0000000100000000)
  eden space 66560K, 54% used [0x00000000eab00000,0x00000000ece619d0,0x00000000eec00000)
  from space 5120K, 99% used [0x00000000ef100000,0x00000000ef5fdb18,0x00000000ef600000)
  to   space 5120K, 0% used [0x00000000eec00000,0x00000000eec00000,0x00000000ef100000)
 ParOldGen       total 87552K, used 25024K [0x00000000c0000000, 0x00000000c5580000, 0x00000000eab00000)
  object space 87552K, 28% used [0x00000000c0000000,0x00000000c18700f0,0x00000000c5580000)
 Metaspace       used 6422K, capacity 7192K, committed 7424K, reserved 1056768K
  class space    used 625K, capacity 656K, committed 768K, reserved 1048576K

Card table byte_map: [0x0000000011a40000,0x0000000011c50000] byte_map_base: 0x0000000011440000

Marking Bits: (ParMarkBitMap*) 0x000000005f5164f0
 Begin Bits: [0x00000000121b0000, 0x00000000131b0000)
 End Bits:   [0x00000000131b0000, 0x00000000141b0000)

Polling page: 0x0000000000ae0000

CodeCache: size=245760Kb used=7716Kb max_used=7716Kb free=238043Kb
 bounds [0x0000000002680000, 0x0000000002e10000, 0x0000000011680000]
 total_blobs=2101 nmethods=1831 adapters=182
 compilation: enabled

Compilation events (10 events):
Event: 3.053 Thread 0x0000000014dac000 1862       2       com.android.dx.cf.cst.ConstantPoolParser::getEndOffset (9 bytes)
Event: 3.053 Thread 0x0000000014dac000 nmethod 1862 0x0000000002e0cf10 code [0x0000000002e0d080, 0x0000000002e0d208]
Event: 3.053 Thread 0x0000000014dac000 1863       2       com.android.dx.cf.attrib.AttSourceFile::<init> (26 bytes)
Event: 3.053 Thread 0x0000000014dac000 nmethod 1863 0x0000000002e0d2d0 code [0x0000000002e0d440, 0x0000000002e0d688]
Event: 3.053 Thread 0x0000000014dac000 1864   !   2       java.util.concurrent.LinkedBlockingQueue::offer (130 bytes)
Event: 3.054 Thread 0x0000000014dac000 nmethod 1864 0x0000000002e0d750 code [0x0000000002e0d960, 0x0000000002e0e008]
Event: 3.054 Thread 0x0000000014dac000 1865   !   2       java.util.concurrent.ArrayBlockingQueue::offer (55 bytes)
Event: 3.055 Thread 0x0000000014dac000 nmethod 1865 0x0000000002e0e890 code [0x0000000002e0ea40, 0x0000000002e0ed78]
Event: 3.055 Thread 0x0000000014dac000 1866       2       java.util.concurrent.ArrayBlockingQueue::checkNotNull (13 bytes)
Event: 3.055 Thread 0x0000000014dac000 nmethod 1866 0x0000000002e0f0d0 code [0x0000000002e0f240, 0x0000000002e0f408]

GC Heap History (8 events):
Event: 1.082 GC heap before
{Heap before GC invocations=1 (full 0):
 PSYoungGen      total 38400K, used 33280K [0x00000000eab00000, 0x00000000ed580000, 0x0000000100000000)
  eden space 33280K, 100% used [0x00000000eab00000,0x00000000ecb80000,0x00000000ecb80000)
  from space 5120K, 0% used [0x00000000ed080000,0x00000000ed080000,0x00000000ed580000)
  to   space 5120K, 0% used [0x00000000ecb80000,0x00000000ecb80000,0x00000000ed080000)
 ParOldGen       total 87552K, used 0K [0x00000000c0000000, 0x00000000c5580000, 0x00000000eab00000)
  object space 87552K, 0% used [0x00000000c0000000,0x00000000c0000000,0x00000000c5580000)
 Metaspace       used 6040K, capacity 6962K, committed 7040K, reserved 1056768K
  class space    used 603K, capacity 618K, committed 640K, reserved 1048576K
Event: 1.106 GC heap after
Heap after GC invocations=1 (full 0):
 PSYoungGen      total 38400K, used 5088K [0x00000000eab00000, 0x00000000ef600000, 0x0000000100000000)
  eden space 33280K, 0% used [0x00000000eab00000,0x00000000eab00000,0x00000000ecb80000)
  from space 5120K, 99% used [0x00000000ecb80000,0x00000000ed078050,0x00000000ed080000)
  to   space 5120K, 0% used [0x00000000ef100000,0x00000000ef100000,0x00000000ef600000)
 ParOldGen       total 87552K, used 1068K [0x00000000c0000000, 0x00000000c5580000, 0x00000000eab00000)
  object space 87552K, 1% used [0x00000000c0000000,0x00000000c010b298,0x00000000c5580000)
 Metaspace       used 6040K, capacity 6962K, committed 7040K, reserved 1056768K
  class space    used 603K, capacity 618K, committed 640K, reserved 1048576K
}
Event: 1.683 GC heap before
{Heap before GC invocations=2 (full 0):
 PSYoungGen      total 38400K, used 38368K [0x00000000eab00000, 0x00000000ef600000, 0x0000000100000000)
  eden space 33280K, 100% used [0x00000000eab00000,0x00000000ecb80000,0x00000000ecb80000)
  from space 5120K, 99% used [0x00000000ecb80000,0x00000000ed078050,0x00000000ed080000)
  to   space 5120K, 0% used [0x00000000ef100000,0x00000000ef100000,0x00000000ef600000)
 ParOldGen       total 87552K, used 1068K [0x00000000c0000000, 0x00000000c5580000, 0x00000000eab00000)
  object space 87552K, 1% used [0x00000000c0000000,0x00000000c010b298,0x00000000c5580000)
 Metaspace       used 6195K, capacity 7090K, committed 7296K, reserved 1056768K
  class space    used 604K, capacity 618K, committed 640K, reserved 1048576K
Event: 1.739 GC heap after
Heap after GC invocations=2 (full 0):
 PSYoungGen      total 71680K, used 5103K [0x00000000eab00000, 0x00000000ef600000, 0x0000000100000000)
  eden space 66560K, 0% used [0x00000000eab00000,0x00000000eab00000,0x00000000eec00000)
  from space 5120K, 99% used [0x00000000ef100000,0x00000000ef5fbe00,0x00000000ef600000)
  to   space 5120K, 0% used [0x00000000eec00000,0x00000000eec00000,0x00000000ef100000)
 ParOldGen       total 87552K, used 5176K [0x00000000c0000000, 0x00000000c5580000, 0x00000000eab00000)
  object space 87552K, 5% used [0x00000000c0000000,0x00000000c050e050,0x00000000c5580000)
 Metaspace       used 6195K, capacity 7090K, committed 7296K, reserved 1056768K
  class space    used 604K, capacity 618K, committed 640K, reserved 1048576K
}
Event: 2.413 GC heap before
{Heap before GC invocations=3 (full 0):
 PSYoungGen      total 71680K, used 71663K [0x00000000eab00000, 0x00000000ef600000, 0x0000000100000000)
  eden space 66560K, 100% used [0x00000000eab00000,0x00000000eec00000,0x00000000eec00000)
  from space 5120K, 99% used [0x00000000ef100000,0x00000000ef5fbe00,0x00000000ef600000)
  to   space 5120K, 0% used [0x00000000eec00000,0x00000000eec00000,0x00000000ef100000)
 ParOldGen       total 87552K, used 5176K [0x00000000c0000000, 0x00000000c5580000, 0x00000000eab00000)
  object space 87552K, 5% used [0x00000000c0000000,0x00000000c050e050,0x00000000c5580000)
 Metaspace       used 6296K, capacity 7154K, committed 7296K, reserved 1056768K
  class space    used 604K, capacity 618K, committed 640K, reserved 1048576K
Event: 2.450 GC heap after
Heap after GC invocations=3 (full 0):
 PSYoungGen      total 71680K, used 5109K [0x00000000eab00000, 0x00000000ef600000, 0x0000000100000000)
  eden space 66560K, 0% used [0x00000000eab00000,0x00000000eab00000,0x00000000eec00000)
  from space 5120K, 99% used [0x00000000eec00000,0x00000000ef0fd458,0x00000000ef100000)
  to   space 5120K, 0% used [0x00000000ef100000,0x00000000ef100000,0x00000000ef600000)
 ParOldGen       total 87552K, used 15335K [0x00000000c0000000, 0x00000000c5580000, 0x00000000eab00000)
  object space 87552K, 17% used [0x00000000c0000000,0x00000000c0ef9dd0,0x00000000c5580000)
 Metaspace       used 6296K, capacity 7154K, committed 7296K, reserved 1056768K
  class space    used 604K, capacity 618K, committed 640K, reserved 1048576K
}
Event: 2.832 GC heap before
{Heap before GC invocations=4 (full 0):
 PSYoungGen      total 71680K, used 71669K [0x00000000eab00000, 0x00000000ef600000, 0x0000000100000000)
  eden space 66560K, 100% used [0x00000000eab00000,0x00000000eec00000,0x00000000eec00000)
  from space 5120K, 99% used [0x00000000eec00000,0x00000000ef0fd458,0x00000000ef100000)
  to   space 5120K, 0% used [0x00000000ef100000,0x00000000ef100000,0x00000000ef600000)
 ParOldGen       total 87552K, used 15335K [0x00000000c0000000, 0x00000000c5580000, 0x00000000eab00000)
  object space 87552K, 17% used [0x00000000c0000000,0x00000000c0ef9dd0,0x00000000c5580000)
 Metaspace       used 6402K, capacity 7192K, committed 7424K, reserved 1056768K
  class space    used 625K, capacity 656K, committed 768K, reserved 1048576K
Event: 2.873 GC heap after
Heap after GC invocations=4 (full 0):
 PSYoungGen      total 71680K, used 5110K [0x00000000eab00000, 0x00000000ef600000, 0x0000000100000000)
  eden space 66560K, 0% used [0x00000000eab00000,0x00000000eab00000,0x00000000eec00000)
  from space 5120K, 99% used [0x00000000ef100000,0x00000000ef5fdb18,0x00000000ef600000)
  to   space 5120K, 0% used [0x00000000eec00000,0x00000000eec00000,0x00000000ef100000)
 ParOldGen       total 87552K, used 25024K [0x00000000c0000000, 0x00000000c5580000, 0x00000000eab00000)
  object space 87552K, 28% used [0x00000000c0000000,0x00000000c18700f0,0x00000000c5580000)
 Metaspace       used 6402K, capacity 7192K, committed 7424K, reserved 1056768K
  class space    used 625K, capacity 656K, committed 768K, reserved 1048576K
}

Deoptimization events (10 events):
Event: 2.678 Thread 0x00000000169ad800 Uncommon trap: reason=bimorphic action=maybe_recompile pc=0x0000000002c4a7a4 method=com.android.dx.ssa.LiteralOpUpgrader.tryReplacingWithConstant(Lcom/android/dx/ssa/NormalSsaInsn;)Z @ 62
Event: 2.701 Thread 0x00000000169ad800 Uncommon trap: reason=unstable_if action=reinterpret pc=0x0000000002a18244 method=java.util.HashMap.putVal(ILjava/lang/Object;Ljava/lang/Object;ZZ)Ljava/lang/Object; @ 162
Event: 2.704 Thread 0x00000000169ad800 Uncommon trap: reason=unstable_if action=reinterpret pc=0x00000000028edf90 method=java.util.HashMap.getNode(ILjava/lang/Object;)Ljava/util/HashMap$Node; @ 84
Event: 2.722 Thread 0x00000000169a8800 Uncommon trap: reason=bimorphic action=maybe_recompile pc=0x0000000002b6b00c method=java.util.HashMap.putVal(ILjava/lang/Object;Ljava/lang/Object;ZZ)Ljava/lang/Object; @ 203
Event: 2.722 Thread 0x00000000169a8800 Uncommon trap: reason=bimorphic action=maybe_recompile pc=0x0000000002b6b00c method=java.util.HashMap.putVal(ILjava/lang/Object;Ljava/lang/Object;ZZ)Ljava/lang/Object; @ 203
Event: 2.746 Thread 0x00000000169a8800 Uncommon trap: reason=unstable_if action=reinterpret pc=0x0000000002d017b0 method=com.android.dx.ssa.InterferenceRegisterMapper.interferes(III)Z @ 69
Event: 2.747 Thread 0x00000000169a8800 Uncommon trap: reason=unstable_if action=reinterpret pc=0x00000000028b4c18 method=java.util.HashMap.getNode(ILjava/lang/Object;)Ljava/util/HashMap$Node; @ 84
Event: 2.748 Thread 0x00000000169a8800 Uncommon trap: reason=unstable_if action=reinterpret pc=0x0000000002b6ab44 method=java.util.HashMap.putVal(ILjava/lang/Object;Ljava/lang/Object;ZZ)Ljava/lang/Object; @ 162
Event: 2.902 Thread 0x00000000169a8800 Uncommon trap: reason=bimorphic action=maybe_recompile pc=0x0000000002c4a7a4 method=com.android.dx.ssa.LiteralOpUpgrader.tryReplacingWithConstant(Lcom/android/dx/ssa/NormalSsaInsn;)Z @ 62
Event: 2.922 Thread 0x00000000169a8800 Uncommon trap: reason=unstable_if action=reinterpret pc=0x0000000002bbb68c method=com.android.dx.ssa.MoveParamCombiner$1.visitNonMoveInsn(Lcom/android/dx/ssa/NormalSsaInsn;)V @ 27

Internal exceptions (5 events):
Event: 0.089 Thread 0x0000000002580800 Exception <a 'java/lang/NoSuchMethodError': Method sun.misc.Unsafe.defineClass(Ljava/lang/String;[BII)Ljava/lang/Class; name or signature does not match> (0x00000000eab07cc0) thrown at [D:\re\workspace\8-2-build-windows-amd64-cygwin\jdk8u92\6642\hotspot\srßúhﬁíÀ∂?
Event: 0.089 Thread 0x0000000002580800 Exception <a 'java/lang/NoSuchMethodError': Method sun.misc.Unsafe.prefetchRead(Ljava/lang/Object;J)V name or signature does not match> (0x00000000eab07fa8) thrown at [D:\re\workspace\8-2-build-windows-amd64-cygwin\jdk8u92\6642\hotspot\src\share\vm\prims\jùjâÉû@
Event: 2.702 Thread 0x00000000169ad800 Exception <a 'java/lang/ArrayIndexOutOfBoundsException': 18> (0x00000000ed8c40e8) thrown at [D:\re\workspace\8-2-build-windows-amd64-cygwin\jdk8u92\6642\hotspot\src\share\vm\interpreter\interpreterRuntime.cpp, line 366]
Event: 2.703 Thread 0x00000000169ad800 Exception <a 'java/lang/ArrayIndexOutOfBoundsException': 145> (0x00000000ed8c5c68) thrown at [D:\re\workspace\8-2-build-windows-amd64-cygwin\jdk8u92\6642\hotspot\src\share\vm\interpreter\interpreterRuntime.cpp, line 366]
Event: 2.703 Thread 0x00000000169ad800 Exception <a 'java/lang/ArrayIndexOutOfBoundsException'> (0x00000000ed8c6f50) thrown at [D:\re\workspace\8-2-build-windows-amd64-cygwin\jdk8u92\6642\hotspot\src\share\vm\runtime\sharedRuntime.cpp, line 605]

Events (10 events):
Event: 2.793 Executing VM operation: ParallelGCFailedAllocation
Event: 2.873 Executing VM operation: ParallelGCFailedAllocation done
Event: 2.902 Thread 0x00000000169a8800 Uncommon trap: trap_request=0xffffffc6 fr.pc=0x0000000002c4a7a4
Event: 2.902 Thread 0x00000000169a8800 DEOPT PACKING pc=0x0000000002c4a7a4 sp=0x0000000016d7e9a0
Event: 2.902 Thread 0x00000000169a8800 DEOPT UNPACKING pc=0x00000000026c582a sp=0x0000000016d7e940 mode 2
Event: 2.922 Thread 0x00000000169a8800 Uncommon trap: trap_request=0xffffff65 fr.pc=0x0000000002bbb68c
Event: 2.922 Thread 0x00000000169a8800 DEOPT PACKING pc=0x0000000002bbb68c sp=0x0000000016d7ea90
Event: 2.922 Thread 0x00000000169a8800 DEOPT UNPACKING pc=0x00000000026c582a sp=0x0000000016d7e9e8 mode 2
Event: 3.024 Thread 0x00000000169af000 DEOPT PACKING pc=0x0000000002d22229 sp=0x000000001717edc0
Event: 3.024 Thread 0x00000000169af000 DEOPT UNPACKING pc=0x00000000026c787f sp=0x000000001717ebc8 mode 0


Dynamic libraries:
0x00007ff6c6660000 - 0x00007ff6c6697000 	C:\Program Files\Java\jdk1.8.0_92\bin\java.exe
0x00007fffd9b80000 - 0x00007fffd9d2c000 	C:\Windows\SYSTEM32\ntdll.dll
0x00007fffd8a70000 - 0x00007fffd8baa000 	C:\Windows\system32\KERNEL32.DLL
0x00007fffd6fa0000 - 0x00007fffd70b5000 	C:\Windows\system32\KERNELBASE.dll
0x00007fffd3670000 - 0x00007fffd36fe000 	C:\Windows\system32\apphelp.dll
0x00007fffc4d00000 - 0x00007fffc4d53000 	C:\Windows\AppPatch\AppPatch64\AcGenral.DLL
0x00007fffd9ab0000 - 0x00007fffd9b57000 	C:\Windows\system32\msvcrt.dll
0x00007fffd6c80000 - 0x00007fffd6cab000 	C:\Windows\SYSTEM32\SspiCli.dll
0x00007fffd7370000 - 0x00007fffd73c1000 	C:\Windows\system32\SHLWAPI.dll
0x00007fffd8f70000 - 0x00007fffd90e1000 	C:\Windows\system32\USER32.dll
0x00007fffd8df0000 - 0x00007fffd8f68000 	C:\Windows\system32\ole32.dll
0x00007fffd73d0000 - 0x00007fffd88fb000 	C:\Windows\system32\SHELL32.dll
0x00007fffd6440000 - 0x00007fffd645e000 	C:\Windows\SYSTEM32\USERENV.dll
0x00007fffd8900000 - 0x00007fffd89aa000 	C:\Windows\system32\ADVAPI32.dll
0x00007fffca470000 - 0x00007fffca48b000 	C:\Windows\SYSTEM32\MPR.dll
0x00007fffd91a0000 - 0x00007fffd92d6000 	C:\Windows\system32\RPCRT4.dll
0x00007fffd72f0000 - 0x00007fffd7347000 	C:\Windows\SYSTEM32\sechost.dll
0x00007fffd98d0000 - 0x00007fffd9aa6000 	C:\Windows\SYSTEM32\combase.dll
0x00007fffd9660000 - 0x00007fffd97af000 	C:\Windows\system32\GDI32.dll
0x00007fffd6dd0000 - 0x00007fffd6de4000 	C:\Windows\SYSTEM32\profapi.dll
0x00007fffd5420000 - 0x00007fffd54bf000 	C:\Windows\SYSTEM32\SHCORE.dll
0x00007fffd92e0000 - 0x00007fffd9314000 	C:\Windows\system32\IMM32.DLL
0x00007fffd9320000 - 0x00007fffd9459000 	C:\Windows\system32\MSCTF.dll
0x00007fffd2cf0000 - 0x00007fffd2f6b000 	C:\Windows\WinSxS\amd64_microsoft.windows.common-controls_6595b64144ccf1df_6.0.9600.18006_none_623f33d3ecbe86e8\COMCTL32.dll
0x000000005ca50000 - 0x000000005cb22000 	C:\Program Files\Java\jdk1.8.0_92\jre\bin\msvcr100.dll
0x000000005ed00000 - 0x000000005f596000 	C:\Program Files\Java\jdk1.8.0_92\jre\bin\server\jvm.dll
0x00007fffcbfb0000 - 0x00007fffcbfb9000 	C:\Windows\SYSTEM32\WSOCK32.dll
0x00007fffd4e90000 - 0x00007fffd4eaf000 	C:\Windows\SYSTEM32\WINMM.dll
0x00007fffd4e80000 - 0x00007fffd4e8a000 	C:\Windows\SYSTEM32\VERSION.dll
0x00007fffd7350000 - 0x00007fffd7357000 	C:\Windows\system32\PSAPI.DLL
0x00007fffd8bb0000 - 0x00007fffd8c08000 	C:\Windows\system32\WS2_32.dll
0x00007fffd3910000 - 0x00007fffd393a000 	C:\Windows\SYSTEM32\WINMMBASE.dll
0x00007fffd98c0000 - 0x00007fffd98c9000 	C:\Windows\system32\NSI.dll
0x00007fffd6ea0000 - 0x00007fffd6eea000 	C:\Windows\SYSTEM32\cfgmgr32.dll
0x00007fffd5c80000 - 0x00007fffd5ca6000 	C:\Windows\SYSTEM32\DEVOBJ.dll
0x000000005ecf0000 - 0x000000005ecff000 	C:\Program Files\Java\jdk1.8.0_92\jre\bin\verify.dll
0x000000005ecc0000 - 0x000000005ece9000 	C:\Program Files\Java\jdk1.8.0_92\jre\bin\java.dll
0x000000005eca0000 - 0x000000005ecb6000 	C:\Program Files\Java\jdk1.8.0_92\jre\bin\zip.dll

VM Arguments:
jvm_args: -Djava.awt.headless=true -Xmx1024M -Dfile.encoding=windows-1252 -Duser.country=GB -Duser.language=en -Duser.variant 
java_command: com.android.dx.command.Main --dex --force-jumbo --num-threads=4 --multi-dex --output D:\Software\Android\Projects\Game\app\build\intermediates\transforms\dex\debug\folders\1000\10\com.android.support-appcompat-v7-23.4.0_ef45e7ddf47aa9041b305bfbd4aa8f4ebbc6e774 D:\Software\Android\Projects\Game\app\build\intermediates\exploded-aar\com.android.support\appcompat-v7\23.4.0\jars\classes.jar
java_class_path (initial): C:\Users\Shekhar\AppData\Local\Android\Sdk\build-tools\23.0.3\lib\dx.jar
Launcher Type: SUN_STANDARD

Environment Variables:
PATH=C:\ProgramData\Oracle\Java\javapath;C:\Program Files (x86)\Intel\iCLS Client\;C:\Program Files\Intel\iCLS Client\;C:\Windows\system32;C:\Windows;C:\Windows\System32\Wbem;C:\Windows\System32\WindowsPowerShell\v1.0\;C:\Program Files\Intel\Intel(R) Management Engine Components\DAL;C:\Program Files\Intel\Intel(R) Management Engine Components\IPT;C:\Program Files (x86)\Intel\Intel(R) Management Engine Components\DAL;C:\Program Files (x86)\Intel\Intel(R) Management Engine Components\IPT;C:\Program Files (x86)\NVIDIA Corporation\PhysX\Common;C:\Program Files (x86)\MySQL\MySQL Fabric 1.5 & MySQL Utilities 1.5\;C:\Program Files (x86)\MySQL\MySQL Fabric 1.5 & MySQL Utilities 1.5\Doctrine extensions for PHP\;D:\Software\Matlab\MatlabR2015b\bin;C:\Program Files (x86)\Windows Kits\8.1\Windows Performance Toolkit\;D:\Software\Java\JDK 8\bin;
USERNAME=Shekhar
OS=Windows_NT
PROCESSOR_IDENTIFIER=Intel64 Family 6 Model 42 Stepping 7, GenuineIntel



---------------  S Y S T E M  ---------------

OS: Windows 8.1 , 64 bit Build 9600 (6.3.9600.17056)

CPU:total 4 (4 cores per cpu, 1 threads per core) family 6 model 42 stepping 7, cmov, cx8, fxsr, mmx, sse, sse2, sse3, ssse3, sse4.1, sse4.2, popcnt, avx, aes, clmul, tsc, tscinvbit

Memory: 4k page, physical 8348912k(1165548k free), swap 10446064k(5260k free)

vm_info: Java HotSpot(TM) 64-Bit Server VM (25.92-b14) for windows-amd64 JRE (1.8.0_92-b14), built on Mar 31 2016 21:03:04 by "java_re" with MS VC++ 10.0 (VS2010)

time: Tue Jul 05 22:03:37 2016
elapsed time: 3 seconds (0d 0h 0m 3s)

