#
# There is insufficient memory for the Java Runtime Environment to continue.
# Native memory allocation (malloc) failed to allocate 1048576 bytes for AllocateHeap
# Possible reasons:
#   The system is out of physical RAM or swap space
#   In 32 bit mode, the process size limit was hit
# Possible solutions:
#   Reduce memory load on the system
#   Increase physical memory or swap space
#   Check if swap backing store is full
#   Use 64 bit Java on a 64 bit OS
#   Decrease Java heap size (-Xmx/-Xms)
#   Decrease number of Java threads
#   Decrease Java thread stack sizes (-Xss)
#   Set larger code cache with -XX:ReservedCodeCacheSize=
# This output file may be truncated or incomplete.
#
#  Out of Memory Error (memory/allocation.inline.hpp:61), pid=3588, tid=0x0000000000001df0
#
# JRE version:  (8.0_92-b14) (build )
# Java VM: Java HotSpot(TM) 64-Bit Server VM (25.92-b14 mixed mode windows-amd64 compressed oops)
# Failed to write core dump. Minidumps are not enabled by default on client versions of Windows
#

---------------  T H R E A D  ---------------

Current thread (0x0000000002380800):  JavaThread "Unknown thread" [_thread_in_vm, id=7664, stack(0x0000000002240000,0x0000000002340000)]

Stack: [0x0000000002240000,0x0000000002340000]
[error occurred during error reporting (printing stack bounds), id 0xc0000005]

Native frames: (J=compiled Java code, j=interpreted, Vv=VM code, C=native code)


---------------  P R O C E S S  ---------------

Java Threads: ( => current thread )

Other Threads:

=>0x0000000002380800 (exited) JavaThread "Unknown thread" [_thread_in_vm, id=7664, stack(0x0000000002240000,0x0000000002340000)]

VM state:not at safepoint (normal execution)

VM Mutex/Monitor currently owned by a thread: None

Heap:
 PSYoungGen      total 38400K, used 665K [0x00000000eab00000, 0x00000000ed580000, 0x0000000100000000)
  eden space 33280K, 2% used [0x00000000eab00000,0x00000000eaba6670,0x00000000ecb80000)
  from space 5120K, 0% used [0x00000000ed080000,0x00000000ed080000,0x00000000ed580000)
  to   space 5120K, 0% used [0x00000000ecb80000,0x00000000ecb80000,0x00000000ed080000)
 ParOldGen       total 87552K, used 0K [0x00000000c0000000, 0x00000000c5580000, 0x00000000eab00000)
  object space 87552K, 0% used [0x00000000c0000000,0x00000000c0000000,0x00000000c5580000)
 Metaspace       used 769K, capacity 4480K, committed 4480K, reserved 1056768K
  class space    used 75K, capacity 384K, committed 384K, reserved 1048576K

Card table byte_map: [0x0000000011840000,0x0000000011a50000] byte_map_base: 0x0000000011240000

Marking Bits: (ParMarkBitMap*) 0x000000005f5164f0
 Begin Bits: [0x0000000011fb0000, 0x0000000012fb0000)
 End Bits:   [0x0000000012fb0000, 0x0000000013fb0000)

Polling page: 0x00000000009a0000

CodeCache: size=245760Kb used=328Kb max_used=328Kb free=245431Kb
 bounds [0x0000000002480000, 0x00000000026f0000, 0x0000000011480000]
 total_blobs=58 nmethods=0 adapters=38
 compilation: enabled

Compilation events (0 events):
No events

GC Heap History (0 events):
No events

Deoptimization events (0 events):
No events

Internal exceptions (0 events):
No events

Events (10 events):
Event: 0.075 loading class java/lang/Short
Event: 0.075 loading class java/lang/Short done
Event: 0.075 loading class java/lang/Integer
Event: 0.075 loading class java/lang/Integer done
Event: 0.075 loading class java/lang/Long
Event: 0.075 loading class java/lang/Long done
Event: 0.076 loading class java/lang/NullPointerException
Event: 0.076 loading class java/lang/NullPointerException done
Event: 0.076 loading class java/lang/ArithmeticException
Event: 0.076 loading class java/lang/ArithmeticException done


Dynamic libraries:
0x00007ff6c6660000 - 0x00007ff6c6697000 	C:\Program Files\Java\jdk1.8.0_92\bin\java.exe
0x00007fffd9b80000 - 0x00007fffd9d2c000 	C:\Windows\SYSTEM32\ntdll.dll
0x00007fffd8a70000 - 0x00007fffd8baa000 	C:\Windows\system32\KERNEL32.DLL
0x00007fffd6fa0000 - 0x00007fffd70b5000 	C:\Windows\system32\KERNELBASE.dll
0x00007fffd3670000 - 0x00007fffd36fe000 	C:\Windows\system32\apphelp.dll
0x00007fffc4d00000 - 0x00007fffc4d53000 	C:\Windows\AppPatch\AppPatch64\AcGenral.DLL
0x00007fffd9ab0000 - 0x00007fffd9b57000 	C:\Windows\system32\msvcrt.dll
0x00007fffd6c80000 - 0x00007fffd6cab000 	C:\Windows\SYSTEM32\SspiCli.dll
0x00007fffd7370000 - 0x00007fffd73c1000 	C:\Windows\system32\SHLWAPI.dll
0x00007fffd8f70000 - 0x00007fffd90e1000 	C:\Windows\system32\USER32.dll
0x00007fffd8df0000 - 0x00007fffd8f68000 	C:\Windows\system32\ole32.dll
0x00007fffd73d0000 - 0x00007fffd88fb000 	C:\Windows\system32\SHELL32.dll
0x00007fffd6440000 - 0x00007fffd645e000 	C:\Windows\SYSTEM32\USERENV.dll
0x00007fffd8900000 - 0x00007fffd89aa000 	C:\Windows\system32\ADVAPI32.dll
0x00007fffca470000 - 0x00007fffca48b000 	C:\Windows\SYSTEM32\MPR.dll
0x00007fffd91a0000 - 0x00007fffd92d6000 	C:\Windows\system32\RPCRT4.dll
0x00007fffd72f0000 - 0x00007fffd7347000 	C:\Windows\SYSTEM32\sechost.dll
0x00007fffd98d0000 - 0x00007fffd9aa6000 	C:\Windows\SYSTEM32\combase.dll
0x00007fffd9660000 - 0x00007fffd97af000 	C:\Windows\system32\GDI32.dll
0x00007fffd6dd0000 - 0x00007fffd6de4000 	C:\Windows\SYSTEM32\profapi.dll
0x00007fffd5420000 - 0x00007fffd54bf000 	C:\Windows\SYSTEM32\SHCORE.dll
0x00007fffd92e0000 - 0x00007fffd9314000 	C:\Windows\system32\IMM32.DLL
0x00007fffd9320000 - 0x00007fffd9459000 	C:\Windows\system32\MSCTF.dll
0x00007fffd2cf0000 - 0x00007fffd2f6b000 	C:\Windows\WinSxS\amd64_microsoft.windows.common-controls_6595b64144ccf1df_6.0.9600.18006_none_623f33d3ecbe86e8\COMCTL32.dll
0x000000005ca50000 - 0x000000005cb22000 	C:\Program Files\Java\jdk1.8.0_92\jre\bin\msvcr100.dll
0x000000005ed00000 - 0x000000005f596000 	C:\Program Files\Java\jdk1.8.0_92\jre\bin\server\jvm.dll
0x00007fffcbfb0000 - 0x00007fffcbfb9000 	C:\Windows\SYSTEM32\WSOCK32.dll
0x00007fffd4e90000 - 0x00007fffd4eaf000 	C:\Windows\SYSTEM32\WINMM.dll
0x00007fffd4e80000 - 0x00007fffd4e8a000 	C:\Windows\SYSTEM32\VERSION.dll
0x00007fffd7350000 - 0x00007fffd7357000 	C:\Windows\system32\PSAPI.DLL
0x00007fffd8bb0000 - 0x00007fffd8c08000 	C:\Windows\system32\WS2_32.dll
0x00007fffd3910000 - 0x00007fffd393a000 	C:\Windows\SYSTEM32\WINMMBASE.dll
0x00007fffd98c0000 - 0x00007fffd98c9000 	C:\Windows\system32\NSI.dll
0x00007fffd6ea0000 - 0x00007fffd6eea000 	C:\Windows\SYSTEM32\cfgmgr32.dll
0x00007fffd5c80000 - 0x00007fffd5ca6000 	C:\Windows\SYSTEM32\DEVOBJ.dll
0x000000005ecf0000 - 0x000000005ecff000 	C:\Program Files\Java\jdk1.8.0_92\jre\bin\verify.dll
0x000000005ecc0000 - 0x000000005ece9000 	C:\Program Files\Java\jdk1.8.0_92\jre\bin\java.dll
0x000000005eca0000 - 0x000000005ecb6000 	C:\Program Files\Java\jdk1.8.0_92\jre\bin\zip.dll

VM Arguments:
jvm_args: -Djava.awt.headless=true -Xmx1024M -Dfile.encoding=windows-1252 -Duser.country=GB -Duser.language=en -Duser.variant 
java_command: com.android.dx.command.Main --dex --force-jumbo --num-threads=4 --multi-dex --output D:\Software\Android\Projects\Game\app\build\intermediates\transforms\dex\debug\folders\1000\5\slice_9 D:\Software\Android\Projects\Game\app\build\intermediates\transforms\instantRunSlicer\debug\folders\1\5\slice_9
java_class_path (initial): C:\Users\Drishti\AppData\Local\Android\Sdk\build-tools\23.0.3\lib\dx.jar
Launcher Type: SUN_STANDARD

Environment Variables:
PATH=C:\ProgramData\Oracle\Java\javapath;C:\Program Files (x86)\Intel\iCLS Client\;C:\Program Files\Intel\iCLS Client\;C:\Windows\system32;C:\Windows;C:\Windows\System32\Wbem;C:\Windows\System32\WindowsPowerShell\v1.0\;C:\Program Files\Intel\Intel(R) Management Engine Components\DAL;C:\Program Files\Intel\Intel(R) Management Engine Components\IPT;C:\Program Files (x86)\Intel\Intel(R) Management Engine Components\DAL;C:\Program Files (x86)\Intel\Intel(R) Management Engine Components\IPT;C:\Program Files (x86)\NVIDIA Corporation\PhysX\Common;C:\Program Files (x86)\MySQL\MySQL Fabric 1.5 & MySQL Utilities 1.5\;C:\Program Files (x86)\MySQL\MySQL Fabric 1.5 & MySQL Utilities 1.5\Doctrine extensions for PHP\;D:\Software\Matlab\MatlabR2015b\bin;C:\Program Files (x86)\Windows Kits\8.1\Windows Performance Toolkit\;D:\Software\Java\JDK 8\bin;
USERNAME=Drishti
OS=Windows_NT
PROCESSOR_IDENTIFIER=Intel64 Family 6 Model 42 Stepping 7, GenuineIntel



---------------  S Y S T E M  ---------------

OS: Windows 8.1 , 64 bit Build 9600 (6.3.9600.17056)

CPU:total 4 (4 cores per cpu, 1 threads per core) family 6 model 42 stepping 7, cmov, cx8, fxsr, mmx, sse, sse2, sse3, ssse3, sse4.1, sse4.2, popcnt, avx, aes, clmul, tsc, tscinvbit

Memory: 4k page, physical 8348912k(1301656k free), swap 10446064k(24264k free)

vm_info: Java HotSpot(TM) 64-Bit Server VM (25.92-b14) for windows-amd64 JRE (1.8.0_92-b14), built on Mar 31 2016 21:03:04 by "java_re" with MS VC++ 10.0 (VS2010)

time: Tue Jul 05 22:03:34 2016
elapsed time: 0 seconds (0d 0h 0m 0s)

