#
# There is insufficient memory for the Java Runtime Environment to continue.
# Native memory allocation (malloc) failed to allocate 254928 bytes for Chunk::new
# Possible reasons:
#   The system is out of physical RAM or swap space
#   In 32 bit mode, the process size limit was hit
# Possible solutions:
#   Reduce memory load on the system
#   Increase physical memory or swap space
#   Check if swap backing store is full
#   Use 64 bit Java on a 64 bit OS
#   Decrease Java heap size (-Xmx/-Xms)
#   Decrease number of Java threads
#   Decrease Java thread stack sizes (-Xss)
#   Set larger code cache with -XX:ReservedCodeCacheSize=
# This output file may be truncated or incomplete.
#
#  Out of Memory Error (allocation.cpp:390), pid=2676, tid=0x000000000000027c
#
# JRE version: Java(TM) SE Runtime Environment (8.0_92-b14) (build 1.8.0_92-b14)
# Java VM: Java HotSpot(TM) 64-Bit Server VM (25.92-b14 mixed mode windows-amd64 compressed oops)
# Failed to write core dump. Minidumps are not enabled by default on client versions of Windows
#

---------------  T H R E A D  ---------------

Current thread (0x0000000014973800):  JavaThread "C2 CompilerThread1" daemon [_thread_in_native, id=636, stack(0x0000000015fc0000,0x00000000160c0000)]

Stack: [0x0000000015fc0000,0x00000000160c0000]
[error occurred during error reporting (printing stack bounds), id 0xc0000005]

Native frames: (J=compiled Java code, j=interpreted, Vv=VM code, C=native code)


Current CompileTask:
C2:   6168 1757   !   4       com.android.dx.cf.code.BytecodeArray::parseInstruction (2764 bytes)


---------------  P R O C E S S  ---------------

Java Threads: ( => current thread )
  0x0000000016491800 JavaThread "pool-2-thread-4" [_thread_in_vm, id=4836, stack(0x0000000016bc0000,0x0000000016cc0000)]
  0x000000001641e000 JavaThread "pool-2-thread-3" [_thread_blocked, id=3080, stack(0x0000000016ac0000,0x0000000016bc0000)]
  0x000000001641b000 JavaThread "pool-2-thread-2" [_thread_blocked, id=4556, stack(0x00000000169c0000,0x0000000016ac0000)]
  0x00000000162ec000 JavaThread "pool-3-thread-1" [_thread_blocked, id=3712, stack(0x00000000168c0000,0x00000000169c0000)]
  0x00000000162eb800 JavaThread "pool-2-thread-1" [_thread_blocked, id=3916, stack(0x00000000167c0000,0x00000000168c0000)]
  0x00000000161ce800 JavaThread "Service Thread" daemon [_thread_blocked, id=3924, stack(0x00000000165c0000,0x00000000166c0000)]
  0x00000000149cc000 JavaThread "C1 CompilerThread2" daemon [_thread_blocked, id=968, stack(0x00000000160c0000,0x00000000161c0000)]
=>0x0000000014973800 JavaThread "C2 CompilerThread1" daemon [_thread_in_native, id=636, stack(0x0000000015fc0000,0x00000000160c0000)]
  0x0000000014978000 JavaThread "C2 CompilerThread0" daemon [_thread_in_native, id=444, stack(0x0000000015ec0000,0x0000000015fc0000)]
  0x0000000014976800 JavaThread "Attach Listener" daemon [_thread_blocked, id=1408, stack(0x0000000015dc0000,0x0000000015ec0000)]
  0x0000000014975000 JavaThread "Signal Dispatcher" daemon [_thread_blocked, id=1836, stack(0x0000000015cc0000,0x0000000015dc0000)]
  0x000000001495a800 JavaThread "Finalizer" daemon [_thread_blocked, id=3132, stack(0x0000000015bc0000,0x0000000015cc0000)]
  0x000000000228f800 JavaThread "Reference Handler" daemon [_thread_blocked, id=1108, stack(0x0000000015ac0000,0x0000000015bc0000)]
  0x00000000021a0800 JavaThread "main" [_thread_blocked, id=3220, stack(0x00000000020a0000,0x00000000021a0000)]

Other Threads:
  0x0000000014937800 VMThread [stack: 0x00000000159c0000,0x0000000015ac0000] [id=4244]
  0x00000000161cb800 WatcherThread [stack: 0x00000000166c0000,0x00000000167c0000] [id=3040]

VM state:not at safepoint (normal execution)

VM Mutex/Monitor currently owned by a thread: None

Heap:
 PSYoungGen      total 138240K, used 26976K [0x00000000eab00000, 0x00000000f3700000, 0x0000000100000000)
  eden space 133120K, 20% used [0x00000000eab00000,0x00000000ec5583e0,0x00000000f2d00000)
  from space 5120K, 0% used [0x00000000f3200000,0x00000000f3200000,0x00000000f3700000)
  to   space 5120K, 0% used [0x00000000f2d00000,0x00000000f2d00000,0x00000000f3200000)
 ParOldGen       total 87552K, used 32817K [0x00000000c0000000, 0x00000000c5580000, 0x00000000eab00000)
  object space 87552K, 37% used [0x00000000c0000000,0x00000000c200c700,0x00000000c5580000)
 Metaspace       used 5888K, capacity 6960K, committed 7040K, reserved 1056768K
  class space    used 584K, capacity 616K, committed 640K, reserved 1048576K

Card table byte_map: [0x0000000011660000,0x0000000011870000] byte_map_base: 0x0000000011060000

Marking Bits: (ParMarkBitMap*) 0x00000000677b64f0
 Begin Bits: [0x0000000011dd0000, 0x0000000012dd0000)
 End Bits:   [0x0000000012dd0000, 0x0000000013dd0000)

Polling page: 0x00000000006f0000

CodeCache: size=245760Kb used=7883Kb max_used=7894Kb free=237876Kb
 bounds [0x00000000022a0000, 0x0000000002a60000, 0x00000000112a0000]
 total_blobs=1955 nmethods=1692 adapters=175
 compilation: enabled

Compilation events (10 events):
Event: 6.100 Thread 0x0000000014973800 nmethod 1752 0x0000000002a578d0 code [0x0000000002a57a60, 0x0000000002a581e8]
Event: 6.100 Thread 0x0000000014973800 1753       4       com.android.dx.util.ByteArray::getInt (47 bytes)
Event: 6.100 Thread 0x00000000149cc000 1754 %     3       com.android.dx.cf.code.BytecodeArray::processWorkSet @ 14 (50 bytes)
Event: 6.101 Thread 0x00000000149cc000 nmethod 1754% 0x0000000002a53f10 code [0x0000000002a540e0, 0x0000000002a546f8]
Event: 6.102 Thread 0x0000000014973800 nmethod 1753 0x0000000002a57450 code [0x0000000002a575a0, 0x0000000002a57718]
Event: 6.102 Thread 0x00000000149cc000 1755       3       com.android.dx.cf.code.BytecodeArray::processWorkSet (50 bytes)
Event: 6.102 Thread 0x00000000149cc000 nmethod 1755 0x0000000002a5b590 code [0x0000000002a5b740, 0x0000000002a5bcb8]
Event: 6.103 Thread 0x0000000014973800 1756       4       com.android.dx.cf.code.BasicBlocker::visitLocal (34 bytes)
Event: 6.105 Thread 0x0000000014973800 nmethod 1756 0x0000000002a59b50 code [0x0000000002a59ca0, 0x0000000002a59e18]
Event: 6.105 Thread 0x0000000014973800 1757   !   4       com.android.dx.cf.code.BytecodeArray::parseInstruction (2764 bytes)

GC Heap History (10 events):
Event: 1.019 GC heap before
{Heap before GC invocations=1 (full 0):
 PSYoungGen      total 38400K, used 33280K [0x00000000eab00000, 0x00000000ed580000, 0x0000000100000000)
  eden space 33280K, 100% used [0x00000000eab00000,0x00000000ecb80000,0x00000000ecb80000)
  from space 5120K, 0% used [0x00000000ed080000,0x00000000ed080000,0x00000000ed580000)
  to   space 5120K, 0% used [0x00000000ecb80000,0x00000000ecb80000,0x00000000ed080000)
 ParOldGen       total 87552K, used 0K [0x00000000c0000000, 0x00000000c5580000, 0x00000000eab00000)
  object space 87552K, 0% used [0x00000000c0000000,0x00000000c0000000,0x00000000c5580000)
 Metaspace       used 5713K, capacity 6832K, committed 7040K, reserved 1056768K
  class space    used 582K, capacity 616K, committed 640K, reserved 1048576K
Event: 1.085 GC heap after
Heap after GC invocations=1 (full 0):
 PSYoungGen      total 38400K, used 5113K [0x00000000eab00000, 0x00000000ef600000, 0x0000000100000000)
  eden space 33280K, 0% used [0x00000000eab00000,0x00000000eab00000,0x00000000ecb80000)
  from space 5120K, 99% used [0x00000000ecb80000,0x00000000ed07e6c8,0x00000000ed080000)
  to   space 5120K, 0% used [0x00000000ef100000,0x00000000ef100000,0x00000000ef600000)
 ParOldGen       total 87552K, used 3538K [0x00000000c0000000, 0x00000000c5580000, 0x00000000eab00000)
  object space 87552K, 4% used [0x00000000c0000000,0x00000000c0374ac8,0x00000000c5580000)
 Metaspace       used 5713K, capacity 6832K, committed 7040K, reserved 1056768K
  class space    used 582K, capacity 616K, committed 640K, reserved 1048576K
}
Event: 1.456 GC heap before
{Heap before GC invocations=2 (full 0):
 PSYoungGen      total 38400K, used 38393K [0x00000000eab00000, 0x00000000ef600000, 0x0000000100000000)
  eden space 33280K, 100% used [0x00000000eab00000,0x00000000ecb80000,0x00000000ecb80000)
  from space 5120K, 99% used [0x00000000ecb80000,0x00000000ed07e6c8,0x00000000ed080000)
  to   space 5120K, 0% used [0x00000000ef100000,0x00000000ef100000,0x00000000ef600000)
 ParOldGen       total 87552K, used 3538K [0x00000000c0000000, 0x00000000c5580000, 0x00000000eab00000)
  object space 87552K, 4% used [0x00000000c0000000,0x00000000c0374ac8,0x00000000c5580000)
 Metaspace       used 5764K, capacity 6896K, committed 7040K, reserved 1056768K
  class space    used 584K, capacity 616K, committed 640K, reserved 1048576K
Event: 1.644 GC heap after
Heap after GC invocations=2 (full 0):
 PSYoungGen      total 71680K, used 5100K [0x00000000eab00000, 0x00000000ef600000, 0x0000000100000000)
  eden space 66560K, 0% used [0x00000000eab00000,0x00000000eab00000,0x00000000eec00000)
  from space 5120K, 99% used [0x00000000ef100000,0x00000000ef5fb0a0,0x00000000ef600000)
  to   space 5120K, 0% used [0x00000000eec00000,0x00000000eec00000,0x00000000ef100000)
 ParOldGen       total 87552K, used 14310K [0x00000000c0000000, 0x00000000c5580000, 0x00000000eab00000)
  object space 87552K, 16% used [0x00000000c0000000,0x00000000c0df99f8,0x00000000c5580000)
 Metaspace       used 5764K, capacity 6896K, committed 7040K, reserved 1056768K
  class space    used 584K, capacity 616K, committed 640K, reserved 1048576K
}
Event: 2.569 GC heap before
{Heap before GC invocations=3 (full 0):
 PSYoungGen      total 71680K, used 71660K [0x00000000eab00000, 0x00000000ef600000, 0x0000000100000000)
  eden space 66560K, 100% used [0x00000000eab00000,0x00000000eec00000,0x00000000eec00000)
  from space 5120K, 99% used [0x00000000ef100000,0x00000000ef5fb0a0,0x00000000ef600000)
  to   space 5120K, 0% used [0x00000000eec00000,0x00000000eec00000,0x00000000ef100000)
 ParOldGen       total 87552K, used 14310K [0x00000000c0000000, 0x00000000c5580000, 0x00000000eab00000)
  object space 87552K, 16% used [0x00000000c0000000,0x00000000c0df99f8,0x00000000c5580000)
 Metaspace       used 5830K, capacity 6960K, committed 7040K, reserved 1056768K
  class space    used 584K, capacity 616K, committed 640K, reserved 1048576K
Event: 2.777 GC heap after
Heap after GC invocations=3 (full 0):
 PSYoungGen      total 71680K, used 5089K [0x00000000eab00000, 0x00000000f3700000, 0x0000000100000000)
  eden space 66560K, 0% used [0x00000000eab00000,0x00000000eab00000,0x00000000eec00000)
  from space 5120K, 99% used [0x00000000eec00000,0x00000000ef0f8500,0x00000000ef100000)
  to   space 5120K, 0% used [0x00000000f3200000,0x00000000f3200000,0x00000000f3700000)
 ParOldGen       total 87552K, used 42700K [0x00000000c0000000, 0x00000000c5580000, 0x00000000eab00000)
  object space 87552K, 48% used [0x00000000c0000000,0x00000000c29b3178,0x00000000c5580000)
 Metaspace       used 5830K, capacity 6960K, committed 7040K, reserved 1056768K
  class space    used 584K, capacity 616K, committed 640K, reserved 1048576K
}
Event: 3.936 GC heap before
{Heap before GC invocations=4 (full 0):
 PSYoungGen      total 71680K, used 71649K [0x00000000eab00000, 0x00000000f3700000, 0x0000000100000000)
  eden space 66560K, 100% used [0x00000000eab00000,0x00000000eec00000,0x00000000eec00000)
  from space 5120K, 99% used [0x00000000eec00000,0x00000000ef0f8500,0x00000000ef100000)
  to   space 5120K, 0% used [0x00000000f3200000,0x00000000f3200000,0x00000000f3700000)
 ParOldGen       total 87552K, used 42700K [0x00000000c0000000, 0x00000000c5580000, 0x00000000eab00000)
  object space 87552K, 48% used [0x00000000c0000000,0x00000000c29b3178,0x00000000c5580000)
 Metaspace       used 5880K, capacity 6960K, committed 7040K, reserved 1056768K
  class space    used 584K, capacity 616K, committed 640K, reserved 1048576K
Event: 4.132 GC heap after
Heap after GC invocations=4 (full 0):
 PSYoungGen      total 138240K, used 5088K [0x00000000eab00000, 0x00000000f3700000, 0x0000000100000000)
  eden space 133120K, 0% used [0x00000000eab00000,0x00000000eab00000,0x00000000f2d00000)
  from space 5120K, 99% used [0x00000000f3200000,0x00000000f36f81f0,0x00000000f3700000)
  to   space 5120K, 0% used [0x00000000f2d00000,0x00000000f2d00000,0x00000000f3200000)
 ParOldGen       total 87552K, used 65056K [0x00000000c0000000, 0x00000000c5580000, 0x00000000eab00000)
  object space 87552K, 74% used [0x00000000c0000000,0x00000000c3f88398,0x00000000c5580000)
 Metaspace       used 5880K, capacity 6960K, committed 7040K, reserved 1056768K
  class space    used 584K, capacity 616K, committed 640K, reserved 1048576K
}
Event: 4.132 GC heap before
{Heap before GC invocations=5 (full 1):
 PSYoungGen      total 138240K, used 5088K [0x00000000eab00000, 0x00000000f3700000, 0x0000000100000000)
  eden space 133120K, 0% used [0x00000000eab00000,0x00000000eab00000,0x00000000f2d00000)
  from space 5120K, 99% used [0x00000000f3200000,0x00000000f36f81f0,0x00000000f3700000)
  to   space 5120K, 0% used [0x00000000f2d00000,0x00000000f2d00000,0x00000000f3200000)
 ParOldGen       total 87552K, used 65056K [0x00000000c0000000, 0x00000000c5580000, 0x00000000eab00000)
  object space 87552K, 74% used [0x00000000c0000000,0x00000000c3f88398,0x00000000c5580000)
 Metaspace       used 5880K, capacity 6960K, committed 7040K, reserved 1056768K
  class space    used 584K, capacity 616K, committed 640K, reserved 1048576K
Event: 5.029 GC heap after
Heap after GC invocations=5 (full 1):
 PSYoungGen      total 138240K, used 0K [0x00000000eab00000, 0x00000000f3700000, 0x0000000100000000)
  eden space 133120K, 0% used [0x00000000eab00000,0x00000000eab00000,0x00000000f2d00000)
  from space 5120K, 0% used [0x00000000f3200000,0x00000000f3200000,0x00000000f3700000)
  to   space 5120K, 0% used [0x00000000f2d00000,0x00000000f2d00000,0x00000000f3200000)
 ParOldGen       total 87552K, used 32817K [0x00000000c0000000, 0x00000000c5580000, 0x00000000eab00000)
  object space 87552K, 37% used [0x00000000c0000000,0x00000000c200c700,0x00000000c5580000)
 Metaspace       used 5880K, capacity 6960K, committed 7040K, reserved 1056768K
  class space    used 584K, capacity 616K, committed 640K, reserved 1048576K
}

Deoptimization events (10 events):
Event: 3.912 Thread 0x0000000016491800 Uncommon trap: reason=unstable_if action=reinterpret pc=0x0000000002965304 method=com.android.dx.ssa.back.IdenticalBlockCombiner.process()Lcom/android/dx/rop/code/RopMethod; @ 197
Event: 3.915 Thread 0x0000000016491800 Uncommon trap: reason=bimorphic action=maybe_recompile pc=0x000000000289d028 method=com.android.dx.ssa.SCCP.setLatticeValueTo(IILcom/android/dx/rop/cst/Constant;)Z @ 43
Event: 3.921 Thread 0x0000000016491800 Uncommon trap: reason=unstable_if action=reinterpret pc=0x000000000278cd2c method=com.android.dx.cf.code.OneLocalsArray.<init>(I)V @ 2
Event: 3.929 Thread 0x00000000162eb800 Uncommon trap: reason=bimorphic action=maybe_recompile pc=0x000000000289d028 method=com.android.dx.ssa.SCCP.setLatticeValueTo(IILcom/android/dx/rop/cst/Constant;)Z @ 43
Event: 5.762 Thread 0x000000001641b000 Uncommon trap: reason=uninitialized action=reinterpret pc=0x000000000282e0b0 method=com.android.dx.cf.code.BytecodeArray.parseInstruction(ILcom/android/dx/cf/code/BytecodeArray$Visitor;)I @ 1031
Event: 5.764 Thread 0x000000001641b000 Uncommon trap: reason=class_check action=maybe_recompile pc=0x00000000028c0614 method=com.android.dx.rop.cst.CstLiteral32.equals(Ljava/lang/Object;)Z @ 20
Event: 5.764 Thread 0x000000001641b000 Uncommon trap: reason=class_check action=maybe_recompile pc=0x00000000028c0614 method=com.android.dx.rop.cst.CstLiteral32.equals(Ljava/lang/Object;)Z @ 20
Event: 5.764 Thread 0x000000001641b000 Uncommon trap: reason=class_check action=maybe_recompile pc=0x00000000028c0614 method=com.android.dx.rop.cst.CstLiteral32.equals(Ljava/lang/Object;)Z @ 20
Event: 5.765 Thread 0x000000001641b000 Uncommon trap: reason=class_check action=maybe_recompile pc=0x00000000028c0614 method=com.android.dx.rop.cst.CstLiteral32.equals(Ljava/lang/Object;)Z @ 20
Event: 5.861 Thread 0x00000000021a0800 Uncommon trap: reason=unloaded action=reinterpret pc=0x000000000242c88c method=com.android.dx.cf.cst.ConstantPoolParser.parse0(ILjava/util/BitSet;)Lcom/android/dx/rop/cst/Constant; @ 176

Internal exceptions (3 events):
Event: 0.039 Thread 0x00000000021a0800 Exception <a 'java/lang/NoSuchMethodError': Method sun.misc.Unsafe.defineClass(Ljava/lang/String;[BII)Ljava/lang/Class; name or signature does not match> (0x00000000eab07cc0) thrown at [D:\re\workspace\8-2-build-windows-amd64-cygwin\jdk8u92\6642\hotspot\srÖ‡Î3Â£?
Event: 0.039 Thread 0x00000000021a0800 Exception <a 'java/lang/NoSuchMethodError': Method sun.misc.Unsafe.prefetchRead(Ljava/lang/Object;J)V name or signature does not match> (0x00000000eab07fa8) thrown at [D:\re\workspace\8-2-build-windows-amd64-cygwin\jdk8u92\6642\hotspot\src\share\vm\prims\jú¿S“ a‚?
Event: 0.574 Thread 0x000000001641e000 Implicit null exception at 0x0000000002528601 to 0x0000000002529c35

Events (10 events):
Event: 5.987 Thread 0x00000000162eb800 DEOPT PACKING pc=0x00000000027ceb4d sp=0x00000000168be650
Event: 5.987 Thread 0x00000000162eb800 DEOPT UNPACKING pc=0x00000000022e787f sp=0x00000000168be418 mode 0
Event: 6.049 Thread 0x00000000162eb800 DEOPT PACKING pc=0x00000000026e8a6c sp=0x00000000168be830
Event: 6.049 Thread 0x00000000162eb800 DEOPT UNPACKING pc=0x00000000022e787f sp=0x00000000168be5c0 mode 0
Event: 6.055 Thread 0x00000000162eb800 DEOPT PACKING pc=0x00000000027ba84b sp=0x00000000168be910
Event: 6.055 Thread 0x00000000162eb800 DEOPT UNPACKING pc=0x00000000022e787f sp=0x00000000168be6a8 mode 0
Event: 6.071 Thread 0x00000000162eb800 DEOPT PACKING pc=0x00000000027bcecc sp=0x00000000168be960
Event: 6.071 Thread 0x00000000162eb800 DEOPT UNPACKING pc=0x00000000022e787f sp=0x00000000168be6c8 mode 0
Event: 6.102 Thread 0x0000000016491800 DEOPT PACKING pc=0x000000000277eb5a sp=0x0000000016cbe940
Event: 6.102 Thread 0x0000000016491800 DEOPT UNPACKING pc=0x00000000022e787f sp=0x0000000016cbe6b8 mode 0


Dynamic libraries:
0x00007ff6c48d0000 - 0x00007ff6c4907000 	C:\Program Files\Java\jdk1.8.0_92\bin\java.exe
0x00007fff1b9f0000 - 0x00007fff1bb9c000 	C:\Windows\SYSTEM32\ntdll.dll
0x00007fff19480000 - 0x00007fff195ba000 	C:\Windows\system32\KERNEL32.DLL
0x00007fff19040000 - 0x00007fff19155000 	C:\Windows\system32\KERNELBASE.dll
0x00007fff17880000 - 0x00007fff1790e000 	C:\Windows\system32\apphelp.dll
0x00007fff0cf20000 - 0x00007fff0cf73000 	C:\Windows\AppPatch\AppPatch64\AcGenral.DLL
0x00007fff1b640000 - 0x00007fff1b6e7000 	C:\Windows\system32\msvcrt.dll
0x00007fff18af0000 - 0x00007fff18b1b000 	C:\Windows\SYSTEM32\SspiCli.dll
0x00007fff1b7b0000 - 0x00007fff1b801000 	C:\Windows\system32\SHLWAPI.dll
0x00007fff19300000 - 0x00007fff19471000 	C:\Windows\system32\USER32.dll
0x00007fff1abd0000 - 0x00007fff1ad48000 	C:\Windows\system32\ole32.dll
0x00007fff195e0000 - 0x00007fff1ab0b000 	C:\Windows\system32\SHELL32.dll
0x00007fff182b0000 - 0x00007fff182ce000 	C:\Windows\SYSTEM32\USERENV.dll
0x00007fff1ab20000 - 0x00007fff1abca000 	C:\Windows\system32\ADVAPI32.dll
0x00007fff0f370000 - 0x00007fff0f38b000 	C:\Windows\SYSTEM32\MPR.dll
0x00007fff1afe0000 - 0x00007fff1b116000 	C:\Windows\system32\RPCRT4.dll
0x00007fff1b270000 - 0x00007fff1b2c7000 	C:\Windows\SYSTEM32\sechost.dll
0x00007fff1b810000 - 0x00007fff1b9e6000 	C:\Windows\SYSTEM32\combase.dll
0x00007fff1b120000 - 0x00007fff1b26f000 	C:\Windows\system32\GDI32.dll
0x00007fff18c40000 - 0x00007fff18c54000 	C:\Windows\SYSTEM32\profapi.dll
0x00007fff17500000 - 0x00007fff1759f000 	C:\Windows\SYSTEM32\SHCORE.dll
0x00007fff1adb0000 - 0x00007fff1ade4000 	C:\Windows\system32\IMM32.DLL
0x00007fff19160000 - 0x00007fff19299000 	C:\Windows\system32\MSCTF.dll
0x00007fff16c80000 - 0x00007fff16efb000 	C:\Windows\WinSxS\amd64_microsoft.windows.common-controls_6595b64144ccf1df_6.0.9600.18006_none_623f33d3ecbe86e8\COMCTL32.dll
0x0000000066be0000 - 0x0000000066cb2000 	C:\Program Files\Java\jdk1.8.0_92\jre\bin\msvcr100.dll
0x0000000066fa0000 - 0x0000000067836000 	C:\Program Files\Java\jdk1.8.0_92\jre\bin\server\jvm.dll
0x00007fff12950000 - 0x00007fff12959000 	C:\Windows\SYSTEM32\WSOCK32.dll
0x00007fff167b0000 - 0x00007fff167cf000 	C:\Windows\SYSTEM32\WINMM.dll
0x00007fff16980000 - 0x00007fff1698a000 	C:\Windows\SYSTEM32\VERSION.dll
0x00007fff1ab10000 - 0x00007fff1ab17000 	C:\Windows\system32\PSAPI.DLL
0x00007fff192a0000 - 0x00007fff192f8000 	C:\Windows\system32\WS2_32.dll
0x00007fff16130000 - 0x00007fff1615a000 	C:\Windows\SYSTEM32\WINMMBASE.dll
0x00007fff1b2d0000 - 0x00007fff1b2d9000 	C:\Windows\system32\NSI.dll
0x00007fff18ff0000 - 0x00007fff1903a000 	C:\Windows\SYSTEM32\cfgmgr32.dll
0x00007fff17ac0000 - 0x00007fff17ae6000 	C:\Windows\SYSTEM32\DEVOBJ.dll
0x0000000067920000 - 0x000000006792f000 	C:\Program Files\Java\jdk1.8.0_92\jre\bin\verify.dll
0x00000000678f0000 - 0x0000000067919000 	C:\Program Files\Java\jdk1.8.0_92\jre\bin\java.dll
0x00000000678d0000 - 0x00000000678e6000 	C:\Program Files\Java\jdk1.8.0_92\jre\bin\zip.dll

VM Arguments:
jvm_args: -Djava.awt.headless=true -Xmx1024M -Dfile.encoding=windows-1252 -Duser.country=GB -Duser.language=en -Duser.variant 
java_command: com.android.dx.command.Main --dex --force-jumbo --num-threads=4 --multi-dex --output D:\Software\Android\Projects\Game\app\build\intermediates\transforms\dex\debug\folders\1000\5\slice_8 D:\Software\Android\Projects\Game\app\build\intermediates\transforms\instantRunSlicer\debug\folders\1\5\slice_8
java_class_path (initial): C:\Users\Shekhar\AppData\Local\Android\Sdk\build-tools\23.0.3\lib\dx.jar
Launcher Type: SUN_STANDARD

Environment Variables:
PATH=C:\ProgramData\Oracle\Java\javapath;C:\Program Files (x86)\Intel\iCLS Client\;C:\Program Files\Intel\iCLS Client\;C:\Windows\system32;C:\Windows;C:\Windows\System32\Wbem;C:\Windows\System32\WindowsPowerShell\v1.0\;C:\Program Files\Intel\Intel(R) Management Engine Components\DAL;C:\Program Files\Intel\Intel(R) Management Engine Components\IPT;C:\Program Files (x86)\Intel\Intel(R) Management Engine Components\DAL;C:\Program Files (x86)\Intel\Intel(R) Management Engine Components\IPT;C:\Program Files (x86)\NVIDIA Corporation\PhysX\Common;C:\Program Files (x86)\MySQL\MySQL Fabric 1.5 & MySQL Utilities 1.5\;C:\Program Files (x86)\MySQL\MySQL Fabric 1.5 & MySQL Utilities 1.5\Doctrine extensions for PHP\;D:\Software\Matlab\MatlabR2015b\bin;C:\Program Files (x86)\Windows Kits\8.1\Windows Performance Toolkit\;D:\Software\Java\JDK 8\bin;
USERNAME=Shekhar
OS=Windows_NT
PROCESSOR_IDENTIFIER=Intel64 Family 6 Model 42 Stepping 7, GenuineIntel



---------------  S Y S T E M  ---------------

OS: Windows 8.1 , 64 bit Build 9600 (6.3.9600.17056)

CPU:total 4 (4 cores per cpu, 1 threads per core) family 6 model 42 stepping 7, cmov, cx8, fxsr, mmx, sse, sse2, sse3, ssse3, sse4.1, sse4.2, popcnt, avx, aes, clmul, tsc, tscinvbit

Memory: 4k page, physical 8348908k(1871728k free), swap 10446060k(7028k free)

vm_info: Java HotSpot(TM) 64-Bit Server VM (25.92-b14) for windows-amd64 JRE (1.8.0_92-b14), built on Mar 31 2016 21:03:04 by "java_re" with MS VC++ 10.0 (VS2010)

time: Mon Aug 22 23:31:43 2016
elapsed time: 6 seconds (0d 0h 0m 6s)

