#
# There is insufficient memory for the Java Runtime Environment to continue.
# Native memory allocation (malloc) failed to allocate 1048576 bytes for AllocateHeap
# Possible reasons:
#   The system is out of physical RAM or swap space
#   In 32 bit mode, the process size limit was hit
# Possible solutions:
#   Reduce memory load on the system
#   Increase physical memory or swap space
#   Check if swap backing store is full
#   Use 64 bit Java on a 64 bit OS
#   Decrease Java heap size (-Xmx/-Xms)
#   Decrease number of Java threads
#   Decrease Java thread stack sizes (-Xss)
#   Set larger code cache with -XX:ReservedCodeCacheSize=
# This output file may be truncated or incomplete.
#
#  Out of Memory Error (memory/allocation.inline.hpp:61), pid=1192, tid=0x0000000000000f84
#
# JRE version:  (8.0_92-b14) (build )
# Java VM: Java HotSpot(TM) 64-Bit Server VM (25.92-b14 mixed mode windows-amd64 compressed oops)
# Failed to write core dump. Minidumps are not enabled by default on client versions of Windows
#

---------------  T H R E A D  ---------------

Current thread (0x00000000020a0800):  JavaThread "Unknown thread" [_thread_in_vm, id=3972, stack(0x0000000001ef0000,0x0000000001ff0000)]

Stack: [0x0000000001ef0000,0x0000000001ff0000]
[error occurred during error reporting (printing stack bounds), id 0xc0000005]

Native frames: (J=compiled Java code, j=interpreted, Vv=VM code, C=native code)


---------------  P R O C E S S  ---------------

Java Threads: ( => current thread )

Other Threads:

=>0x00000000020a0800 (exited) JavaThread "Unknown thread" [_thread_in_vm, id=3972, stack(0x0000000001ef0000,0x0000000001ff0000)]

VM state:not at safepoint (normal execution)

VM Mutex/Monitor currently owned by a thread: None

Heap:
 PSYoungGen      total 38400K, used 665K [0x00000000eab00000, 0x00000000ed580000, 0x0000000100000000)
  eden space 33280K, 2% used [0x00000000eab00000,0x00000000eaba6670,0x00000000ecb80000)
  from space 5120K, 0% used [0x00000000ed080000,0x00000000ed080000,0x00000000ed580000)
  to   space 5120K, 0% used [0x00000000ecb80000,0x00000000ecb80000,0x00000000ed080000)
 ParOldGen       total 87552K, used 0K [0x00000000c0000000, 0x00000000c5580000, 0x00000000eab00000)
  object space 87552K, 0% used [0x00000000c0000000,0x00000000c0000000,0x00000000c5580000)
 Metaspace       used 783K, capacity 1092K, committed 1152K, reserved 1060864K
  class space    used 75K, capacity 384K, committed 384K, reserved 1048576K

Card table byte_map: [0x0000000011640000,0x0000000011850000] byte_map_base: 0x0000000011040000

Marking Bits: (ParMarkBitMap*) 0x000000006c9864f0
 Begin Bits: [0x0000000011db0000, 0x0000000012db0000)
 End Bits:   [0x0000000012db0000, 0x0000000013db0000)

Polling page: 0x0000000000780000

CodeCache: size=245760Kb used=328Kb max_used=328Kb free=245431Kb
 bounds [0x0000000002280000, 0x00000000024f0000, 0x0000000011280000]
 total_blobs=58 nmethods=0 adapters=38
 compilation: enabled

Compilation events (0 events):
No events

GC Heap History (0 events):
No events

Deoptimization events (0 events):
No events

Internal exceptions (0 events):
No events

Events (10 events):
Event: 0.035 loading class java/lang/Short
Event: 0.035 loading class java/lang/Short done
Event: 0.035 loading class java/lang/Integer
Event: 0.035 loading class java/lang/Integer done
Event: 0.035 loading class java/lang/Long
Event: 0.035 loading class java/lang/Long done
Event: 0.036 loading class java/lang/NullPointerException
Event: 0.036 loading class java/lang/NullPointerException done
Event: 0.036 loading class java/lang/ArithmeticException
Event: 0.036 loading class java/lang/ArithmeticException done


Dynamic libraries:
0x00007ff6d5ca0000 - 0x00007ff6d5cd7000 	C:\Program Files\Java\jdk1.8.0_92\bin\java.exe
0x00007ffdb1fa0000 - 0x00007ffdb214c000 	C:\Windows\SYSTEM32\ntdll.dll
0x00007ffdb1e60000 - 0x00007ffdb1f9a000 	C:\Windows\system32\KERNEL32.DLL
0x00007ffdaf5f0000 - 0x00007ffdaf705000 	C:\Windows\system32\KERNELBASE.dll
0x00007ffdade30000 - 0x00007ffdadebe000 	C:\Windows\system32\apphelp.dll
0x00007ffd9bb20000 - 0x00007ffd9bb73000 	C:\Windows\AppPatch\AppPatch64\AcGenral.DLL
0x00007ffdb1d10000 - 0x00007ffdb1db7000 	C:\Windows\system32\msvcrt.dll
0x00007ffdaf0a0000 - 0x00007ffdaf0cb000 	C:\Windows\SYSTEM32\SspiCli.dll
0x00007ffdb1460000 - 0x00007ffdb14b1000 	C:\Windows\system32\SHLWAPI.dll
0x00007ffdb1830000 - 0x00007ffdb19a1000 	C:\Windows\system32\USER32.dll
0x00007ffdb19b0000 - 0x00007ffdb1b28000 	C:\Windows\system32\ole32.dll
0x00007ffdafc10000 - 0x00007ffdb113b000 	C:\Windows\system32\SHELL32.dll
0x00007ffdaec30000 - 0x00007ffdaec4e000 	C:\Windows\SYSTEM32\USERENV.dll
0x00007ffdb14c0000 - 0x00007ffdb156a000 	C:\Windows\system32\ADVAPI32.dll
0x00007ffda3800000 - 0x00007ffda381b000 	C:\Windows\SYSTEM32\MPR.dll
0x00007ffdb1320000 - 0x00007ffdb1456000 	C:\Windows\system32\RPCRT4.dll
0x00007ffdaf8b0000 - 0x00007ffdaf907000 	C:\Windows\SYSTEM32\sechost.dll
0x00007ffdb1140000 - 0x00007ffdb1316000 	C:\Windows\SYSTEM32\combase.dll
0x00007ffdb16a0000 - 0x00007ffdb17ef000 	C:\Windows\system32\GDI32.dll
0x00007ffdaf1f0000 - 0x00007ffdaf204000 	C:\Windows\SYSTEM32\profapi.dll
0x00007ffdad840000 - 0x00007ffdad8df000 	C:\Windows\SYSTEM32\SHCORE.dll
0x00007ffdb17f0000 - 0x00007ffdb1824000 	C:\Windows\system32\IMM32.DLL
0x00007ffdaf710000 - 0x00007ffdaf849000 	C:\Windows\system32\MSCTF.dll
0x00007ffdad000000 - 0x00007ffdad27b000 	C:\Windows\WinSxS\amd64_microsoft.windows.common-controls_6595b64144ccf1df_6.0.9600.18006_none_623f33d3ecbe86e8\COMCTL32.dll
0x0000000069f00000 - 0x0000000069fd2000 	C:\Program Files\Java\jdk1.8.0_92\jre\bin\msvcr100.dll
0x000000006c170000 - 0x000000006ca06000 	C:\Program Files\Java\jdk1.8.0_92\jre\bin\server\jvm.dll
0x00007ffdaa210000 - 0x00007ffdaa219000 	C:\Windows\SYSTEM32\WSOCK32.dll
0x00007ffdab3f0000 - 0x00007ffdab40f000 	C:\Windows\SYSTEM32\WINMM.dll
0x00007ffdabb60000 - 0x00007ffdabb6a000 	C:\Windows\SYSTEM32\VERSION.dll
0x00007ffdb1630000 - 0x00007ffdb1637000 	C:\Windows\system32\PSAPI.DLL
0x00007ffdaf930000 - 0x00007ffdaf988000 	C:\Windows\system32\WS2_32.dll
0x00007ffdab3a0000 - 0x00007ffdab3ca000 	C:\Windows\SYSTEM32\WINMMBASE.dll
0x00007ffdafc00000 - 0x00007ffdafc09000 	C:\Windows\system32\NSI.dll
0x00007ffdaf4a0000 - 0x00007ffdaf4ea000 	C:\Windows\SYSTEM32\cfgmgr32.dll
0x00007ffdae080000 - 0x00007ffdae0a6000 	C:\Windows\SYSTEM32\DEVOBJ.dll
0x000000006c160000 - 0x000000006c16f000 	C:\Program Files\Java\jdk1.8.0_92\jre\bin\verify.dll
0x000000006c130000 - 0x000000006c159000 	C:\Program Files\Java\jdk1.8.0_92\jre\bin\java.dll
0x000000006c110000 - 0x000000006c126000 	C:\Program Files\Java\jdk1.8.0_92\jre\bin\zip.dll

VM Arguments:
jvm_args: -Djava.awt.headless=true -Xmx1024M -Dfile.encoding=windows-1252 -Duser.country=GB -Duser.language=en -Duser.variant 
java_command: com.android.dx.command.Main --dex --force-jumbo --num-threads=4 --multi-dex --output D:\Software\Android\Projects\Game\app\build\intermediates\transforms\dex\debug\folders\1000\10\com.android.support-animated-vector-drawable-23.4.0_752178d5d3322e60474331b0375202a24ba3f24d D:\Software\Android\Projects\Game\app\build\intermediates\exploded-aar\com.android.support\animated-vector-drawable\23.4.0\jars\classes.jar
java_class_path (initial): C:\Users\Drishti\AppData\Local\Android\Sdk\build-tools\23.0.3\lib\dx.jar
Launcher Type: SUN_STANDARD

Environment Variables:
PATH=C:\ProgramData\Oracle\Java\javapath;C:\Program Files (x86)\Intel\iCLS Client\;C:\Program Files\Intel\iCLS Client\;C:\Windows\system32;C:\Windows;C:\Windows\System32\Wbem;C:\Windows\System32\WindowsPowerShell\v1.0\;C:\Program Files\Intel\Intel(R) Management Engine Components\DAL;C:\Program Files\Intel\Intel(R) Management Engine Components\IPT;C:\Program Files (x86)\Intel\Intel(R) Management Engine Components\DAL;C:\Program Files (x86)\Intel\Intel(R) Management Engine Components\IPT;C:\Program Files (x86)\NVIDIA Corporation\PhysX\Common;C:\Program Files (x86)\MySQL\MySQL Fabric 1.5 & MySQL Utilities 1.5\;C:\Program Files (x86)\MySQL\MySQL Fabric 1.5 & MySQL Utilities 1.5\Doctrine extensions for PHP\;D:\Software\Matlab\MatlabR2015b\bin;C:\Program Files (x86)\Windows Kits\8.1\Windows Performance Toolkit\;D:\Software\Java\JDK 8\bin;
USERNAME=Drishti
OS=Windows_NT
PROCESSOR_IDENTIFIER=Intel64 Family 6 Model 42 Stepping 7, GenuineIntel



---------------  S Y S T E M  ---------------

OS: Windows 8.1 , 64 bit Build 9600 (6.3.9600.17056)

CPU:total 4 (4 cores per cpu, 1 threads per core) family 6 model 42 stepping 7, cmov, cx8, fxsr, mmx, sse, sse2, sse3, ssse3, sse4.1, sse4.2, popcnt, avx, aes, clmul, tsc, tscinvbit

Memory: 4k page, physical 8348912k(2783320k free), swap 10446064k(3584k free)

vm_info: Java HotSpot(TM) 64-Bit Server VM (25.92-b14) for windows-amd64 JRE (1.8.0_92-b14), built on Mar 31 2016 21:03:04 by "java_re" with MS VC++ 10.0 (VS2010)

time: Thu Jul 14 00:22:30 2016
elapsed time: 0 seconds (0d 0h 0m 0s)

