#
# There is insufficient memory for the Java Runtime Environment to continue.
# Native memory allocation (malloc) failed to allocate 94096 bytes for Chunk::new
# Possible reasons:
#   The system is out of physical RAM or swap space
#   In 32 bit mode, the process size limit was hit
# Possible solutions:
#   Reduce memory load on the system
#   Increase physical memory or swap space
#   Check if swap backing store is full
#   Use 64 bit Java on a 64 bit OS
#   Decrease Java heap size (-Xmx/-Xms)
#   Decrease number of Java threads
#   Decrease Java thread stack sizes (-Xss)
#   Set larger code cache with -XX:ReservedCodeCacheSize=
# This output file may be truncated or incomplete.
#
#  Out of Memory Error (allocation.cpp:390), pid=7428, tid=0x0000000000000bf0
#
# JRE version: Java(TM) SE Runtime Environment (8.0_92-b14) (build 1.8.0_92-b14)
# Java VM: Java HotSpot(TM) 64-Bit Server VM (25.92-b14 mixed mode windows-amd64 compressed oops)
# Failed to write core dump. Minidumps are not enabled by default on client versions of Windows
#

---------------  T H R E A D  ---------------

Current thread (0x0000000014e18800):  JavaThread "C2 CompilerThread1" daemon [_thread_in_native, id=3056, stack(0x0000000016500000,0x0000000016600000)]

Stack: [0x0000000016500000,0x0000000016600000]
[error occurred during error reporting (printing stack bounds), id 0xc0000005]

Native frames: (J=compiled Java code, j=interpreted, Vv=VM code, C=native code)


Current CompileTask:
C2:   1584  833       4       java.util.HashMap::get (23 bytes)


---------------  P R O C E S S  ---------------

Java Threads: ( => current thread )
  0x0000000016858000 JavaThread "pool-2-thread-4" [_thread_in_vm, id=7844, stack(0x0000000017100000,0x0000000017200000)]
  0x0000000016857800 JavaThread "pool-2-thread-3" [_thread_in_vm, id=5248, stack(0x0000000017000000,0x0000000017100000)]
  0x0000000016793000 JavaThread "pool-2-thread-2" [_thread_in_Java, id=7784, stack(0x0000000016f00000,0x0000000017000000)]
  0x0000000016792800 JavaThread "pool-3-thread-1" [_thread_blocked, id=6252, stack(0x0000000016e00000,0x0000000016f00000)]
  0x000000001678b000 JavaThread "pool-2-thread-1" [_thread_blocked, id=5640, stack(0x0000000016d00000,0x0000000016e00000)]
  0x0000000016607800 JavaThread "Service Thread" daemon [_thread_blocked, id=7616, stack(0x0000000016b00000,0x0000000016c00000)]
  0x0000000016600800 JavaThread "C1 CompilerThread2" daemon [_thread_in_native, id=7584, stack(0x0000000016a00000,0x0000000016b00000)]
=>0x0000000014e18800 JavaThread "C2 CompilerThread1" daemon [_thread_in_native, id=3056, stack(0x0000000016500000,0x0000000016600000)]
  0x0000000014dca000 JavaThread "C2 CompilerThread0" daemon [_thread_blocked, id=5396, stack(0x0000000016400000,0x0000000016500000)]
  0x0000000014dc8800 JavaThread "Attach Listener" daemon [_thread_blocked, id=6520, stack(0x0000000016300000,0x0000000016400000)]
  0x0000000014dc7800 JavaThread "Signal Dispatcher" daemon [_thread_blocked, id=5320, stack(0x0000000016200000,0x0000000016300000)]
  0x0000000014daa800 JavaThread "Finalizer" daemon [_thread_blocked, id=2644, stack(0x0000000016020000,0x0000000016120000)]
  0x00000000026df800 JavaThread "Reference Handler" daemon [_thread_blocked, id=6572, stack(0x0000000015f20000,0x0000000016020000)]
  0x00000000025f0800 JavaThread "main" [_thread_blocked, id=5808, stack(0x0000000002470000,0x0000000002570000)]

Other Threads:
  0x0000000014d88000 VMThread [stack: 0x0000000015e20000,0x0000000015f20000] [id=6320]
  0x0000000016623000 WatcherThread [stack: 0x0000000016c00000,0x0000000016d00000] [id=7644]

VM state:not at safepoint (normal execution)

VM Mutex/Monitor currently owned by a thread:  ([mutex/lock_event])
[0x000000000257e6d0] MethodData_lock - owner thread: 0x0000000016857800

Heap:
 PSYoungGen      total 38400K, used 19371K [0x00000000eab00000, 0x00000000ed580000, 0x0000000100000000)
  eden space 33280K, 58% used [0x00000000eab00000,0x00000000ebdeaf60,0x00000000ecb80000)
  from space 5120K, 0% used [0x00000000ed080000,0x00000000ed080000,0x00000000ed580000)
  to   space 5120K, 0% used [0x00000000ecb80000,0x00000000ecb80000,0x00000000ed080000)
 ParOldGen       total 87552K, used 0K [0x00000000c0000000, 0x00000000c5580000, 0x00000000eab00000)
  object space 87552K, 0% used [0x00000000c0000000,0x00000000c0000000,0x00000000c5580000)
 Metaspace       used 5815K, capacity 6770K, committed 7040K, reserved 1056768K
  class space    used 603K, capacity 618K, committed 640K, reserved 1048576K

Card table byte_map: [0x0000000011ab0000,0x0000000011cc0000] byte_map_base: 0x00000000114b0000

Marking Bits: (ParMarkBitMap*) 0x000000005f5164f0
 Begin Bits: [0x0000000012220000, 0x0000000013220000)
 End Bits:   [0x0000000013220000, 0x0000000014220000)

Polling page: 0x0000000000cd0000

CodeCache: size=245760Kb used=3296Kb max_used=3296Kb free=242463Kb
 bounds [0x00000000026f0000, 0x0000000002a30000, 0x00000000116f0000]
 total_blobs=1106 nmethods=837 adapters=182
 compilation: enabled

Compilation events (10 events):
Event: 1.503 Thread 0x0000000014e18800 nmethod 823 0x0000000002a1e750 code [0x0000000002a1e8a0, 0x0000000002a1eb18]
Event: 1.527 Thread 0x0000000014dca000 nmethod 821 0x0000000002a27910 code [0x0000000002a27b80, 0x0000000002a292d8]
Event: 1.582 Thread 0x0000000014e18800  833       4       java.util.HashMap::get (23 bytes)
Event: 1.582 Thread 0x0000000016600800  834       3       com.android.dx.ssa.SsaRenamer$BlockRenamer$1::visitPhiInsn (60 bytes)
Event: 1.583 Thread 0x0000000016600800 nmethod 834 0x0000000002a263d0 code [0x0000000002a265c0, 0x0000000002a27248]
Event: 1.583 Thread 0x0000000016600800  835       3       com.android.dx.ssa.SsaRenamer::access$900 (6 bytes)
Event: 1.583 Thread 0x0000000016600800 nmethod 835 0x0000000002a215d0 code [0x0000000002a21740, 0x0000000002a21930]
Event: 1.583 Thread 0x0000000016600800  836       3       com.android.dx.ssa.SsaRenamer::isVersionZeroRegister (14 bytes)
Event: 1.583 Thread 0x0000000016600800 nmethod 836 0x0000000002a21250 code [0x0000000002a213a0, 0x0000000002a21550]
Event: 1.583 Thread 0x0000000016600800  837       3       com.android.dx.ssa.SCCP::addUsersToWorklist (103 bytes)

GC Heap History (0 events):
No events

Deoptimization events (4 events):
Event: 1.318 Thread 0x00000000025f0800 Uncommon trap: reason=unstable_if action=reinterpret pc=0x00000000029307b0 method=java.util.HashMap.getNode(ILjava/lang/Object;)Ljava/util/HashMap$Node; @ 62
Event: 1.358 Thread 0x00000000025f0800 Uncommon trap: reason=unstable_if action=reinterpret pc=0x00000000029779e4 method=java.util.HashMap.getNode(ILjava/lang/Object;)Ljava/util/HashMap$Node; @ 129
Event: 1.443 Thread 0x0000000016793000 Uncommon trap: reason=unstable_if action=reinterpret pc=0x000000000296f53c method=java.util.HashMap.getNode(ILjava/lang/Object;)Ljava/util/HashMap$Node; @ 129
Event: 1.469 Thread 0x0000000016793000 Uncommon trap: reason=unstable_if action=reinterpret pc=0x00000000029e621c method=com.android.dx.rop.cst.Constant.compareTo(Lcom/android/dx/rop/cst/Constant;)I @ 12

Internal exceptions (2 events):
Event: 0.088 Thread 0x00000000025f0800 Exception <a 'java/lang/NoSuchMethodError': Method sun.misc.Unsafe.defineClass(Ljava/lang/String;[BII)Ljava/lang/Class; name or signature does not match> (0x00000000eab07cc0) thrown at [D:\re\workspace\8-2-build-windows-amd64-cygwin\jdk8u92\6642\hotspot\sr2- ”≤|∂?
Event: 0.088 Thread 0x00000000025f0800 Exception <a 'java/lang/NoSuchMethodError': Method sun.misc.Unsafe.prefetchRead(Ljava/lang/Object;J)V name or signature does not match> (0x00000000eab07fa8) thrown at [D:\re\workspace\8-2-build-windows-amd64-cygwin\jdk8u92\6642\hotspot\src\share\vm\prims\j

Events (10 events):
Event: 1.443 Thread 0x0000000016793000 Uncommon trap: trap_request=0xffffff65 fr.pc=0x000000000296f53c
Event: 1.443 Thread 0x0000000016793000 DEOPT PACKING pc=0x000000000296f53c sp=0x0000000016ffe490
Event: 1.443 Thread 0x0000000016793000 DEOPT UNPACKING pc=0x000000000273582a sp=0x0000000016ffe3b0 mode 2
Event: 1.469 Thread 0x0000000016793000 Uncommon trap: trap_request=0xffffff65 fr.pc=0x00000000029e621c
Event: 1.469 Thread 0x0000000016793000 DEOPT PACKING pc=0x00000000029e621c sp=0x0000000016ffe460
Event: 1.469 Thread 0x0000000016793000 DEOPT UNPACKING pc=0x000000000273582a sp=0x0000000016ffe400 mode 2
Event: 1.486 loading class java/util/HashMap$KeySet
Event: 1.486 loading class java/util/HashMap$KeySet done
Event: 1.486 loading class java/util/HashMap$KeyIterator
Event: 1.486 loading class java/util/HashMap$KeyIterator done


Dynamic libraries:
0x00007ff6c6660000 - 0x00007ff6c6697000 	C:\Program Files\Java\jdk1.8.0_92\bin\java.exe
0x00007fffd9b80000 - 0x00007fffd9d2c000 	C:\Windows\SYSTEM32\ntdll.dll
0x00007fffd8a70000 - 0x00007fffd8baa000 	C:\Windows\system32\KERNEL32.DLL
0x00007fffd6fa0000 - 0x00007fffd70b5000 	C:\Windows\system32\KERNELBASE.dll
0x00007fffd3670000 - 0x00007fffd36fe000 	C:\Windows\system32\apphelp.dll
0x00007fffc4d00000 - 0x00007fffc4d53000 	C:\Windows\AppPatch\AppPatch64\AcGenral.DLL
0x00007fffd9ab0000 - 0x00007fffd9b57000 	C:\Windows\system32\msvcrt.dll
0x00007fffd6c80000 - 0x00007fffd6cab000 	C:\Windows\SYSTEM32\SspiCli.dll
0x00007fffd7370000 - 0x00007fffd73c1000 	C:\Windows\system32\SHLWAPI.dll
0x00007fffd8f70000 - 0x00007fffd90e1000 	C:\Windows\system32\USER32.dll
0x00007fffd8df0000 - 0x00007fffd8f68000 	C:\Windows\system32\ole32.dll
0x00007fffd73d0000 - 0x00007fffd88fb000 	C:\Windows\system32\SHELL32.dll
0x00007fffd6440000 - 0x00007fffd645e000 	C:\Windows\SYSTEM32\USERENV.dll
0x00007fffd8900000 - 0x00007fffd89aa000 	C:\Windows\system32\ADVAPI32.dll
0x00007fffca470000 - 0x00007fffca48b000 	C:\Windows\SYSTEM32\MPR.dll
0x00007fffd91a0000 - 0x00007fffd92d6000 	C:\Windows\system32\RPCRT4.dll
0x00007fffd72f0000 - 0x00007fffd7347000 	C:\Windows\SYSTEM32\sechost.dll
0x00007fffd98d0000 - 0x00007fffd9aa6000 	C:\Windows\SYSTEM32\combase.dll
0x00007fffd9660000 - 0x00007fffd97af000 	C:\Windows\system32\GDI32.dll
0x00007fffd6dd0000 - 0x00007fffd6de4000 	C:\Windows\SYSTEM32\profapi.dll
0x00007fffd5420000 - 0x00007fffd54bf000 	C:\Windows\SYSTEM32\SHCORE.dll
0x00007fffd92e0000 - 0x00007fffd9314000 	C:\Windows\system32\IMM32.DLL
0x00007fffd9320000 - 0x00007fffd9459000 	C:\Windows\system32\MSCTF.dll
0x00007fffd2cf0000 - 0x00007fffd2f6b000 	C:\Windows\WinSxS\amd64_microsoft.windows.common-controls_6595b64144ccf1df_6.0.9600.18006_none_623f33d3ecbe86e8\COMCTL32.dll
0x000000005ca50000 - 0x000000005cb22000 	C:\Program Files\Java\jdk1.8.0_92\jre\bin\msvcr100.dll
0x000000005ed00000 - 0x000000005f596000 	C:\Program Files\Java\jdk1.8.0_92\jre\bin\server\jvm.dll
0x00007fffcbfb0000 - 0x00007fffcbfb9000 	C:\Windows\SYSTEM32\WSOCK32.dll
0x00007fffd4e90000 - 0x00007fffd4eaf000 	C:\Windows\SYSTEM32\WINMM.dll
0x00007fffd4e80000 - 0x00007fffd4e8a000 	C:\Windows\SYSTEM32\VERSION.dll
0x00007fffd7350000 - 0x00007fffd7357000 	C:\Windows\system32\PSAPI.DLL
0x00007fffd8bb0000 - 0x00007fffd8c08000 	C:\Windows\system32\WS2_32.dll
0x00007fffd3910000 - 0x00007fffd393a000 	C:\Windows\SYSTEM32\WINMMBASE.dll
0x00007fffd98c0000 - 0x00007fffd98c9000 	C:\Windows\system32\NSI.dll
0x00007fffd6ea0000 - 0x00007fffd6eea000 	C:\Windows\SYSTEM32\cfgmgr32.dll
0x00007fffd5c80000 - 0x00007fffd5ca6000 	C:\Windows\SYSTEM32\DEVOBJ.dll
0x000000005ecf0000 - 0x000000005ecff000 	C:\Program Files\Java\jdk1.8.0_92\jre\bin\verify.dll
0x000000005ecc0000 - 0x000000005ece9000 	C:\Program Files\Java\jdk1.8.0_92\jre\bin\java.dll
0x000000005eca0000 - 0x000000005ecb6000 	C:\Program Files\Java\jdk1.8.0_92\jre\bin\zip.dll

VM Arguments:
jvm_args: -Djava.awt.headless=true -Xmx1024M -Dfile.encoding=windows-1252 -Duser.country=GB -Duser.language=en -Duser.variant 
java_command: com.android.dx.command.Main --dex --force-jumbo --num-threads=4 --multi-dex --output D:\Software\Android\Projects\Game\app\build\intermediates\transforms\dex\debug\folders\1000\10\com.android.support-support-vector-drawable-23.4.0_e9da8f2ae2c64ab9bf221690f296351cf3b3269e D:\Software\Android\Projects\Game\app\build\intermediates\exploded-aar\com.android.support\support-vector-drawable\23.4.0\jars\classes.jar
java_class_path (initial): C:\Users\Shekhar\AppData\Local\Android\Sdk\build-tools\23.0.3\lib\dx.jar
Launcher Type: SUN_STANDARD

Environment Variables:
PATH=C:\ProgramData\Oracle\Java\javapath;C:\Program Files (x86)\Intel\iCLS Client\;C:\Program Files\Intel\iCLS Client\;C:\Windows\system32;C:\Windows;C:\Windows\System32\Wbem;C:\Windows\System32\WindowsPowerShell\v1.0\;C:\Program Files\Intel\Intel(R) Management Engine Components\DAL;C:\Program Files\Intel\Intel(R) Management Engine Components\IPT;C:\Program Files (x86)\Intel\Intel(R) Management Engine Components\DAL;C:\Program Files (x86)\Intel\Intel(R) Management Engine Components\IPT;C:\Program Files (x86)\NVIDIA Corporation\PhysX\Common;C:\Program Files (x86)\MySQL\MySQL Fabric 1.5 & MySQL Utilities 1.5\;C:\Program Files (x86)\MySQL\MySQL Fabric 1.5 & MySQL Utilities 1.5\Doctrine extensions for PHP\;D:\Software\Matlab\MatlabR2015b\bin;C:\Program Files (x86)\Windows Kits\8.1\Windows Performance Toolkit\;D:\Software\Java\JDK 8\bin;
USERNAME=Shekhar
OS=Windows_NT
PROCESSOR_IDENTIFIER=Intel64 Family 6 Model 42 Stepping 7, GenuineIntel



---------------  S Y S T E M  ---------------

OS: Windows 8.1 , 64 bit Build 9600 (6.3.9600.17056)

CPU:total 4 (4 cores per cpu, 1 threads per core) family 6 model 42 stepping 7, cmov, cx8, fxsr, mmx, sse, sse2, sse3, ssse3, sse4.1, sse4.2, popcnt, avx, aes, clmul, tsc, tscinvbit

Memory: 4k page, physical 8348912k(1174220k free), swap 10446064k(4828k free)

vm_info: Java HotSpot(TM) 64-Bit Server VM (25.92-b14) for windows-amd64 JRE (1.8.0_92-b14), built on Mar 31 2016 21:03:04 by "java_re" with MS VC++ 10.0 (VS2010)

time: Tue Jul 05 22:02:42 2016
elapsed time: 1 seconds (0d 0h 0m 1s)

