#
# A fatal error has been detected by the Java Runtime Environment:
#
#  EXCEPTION_ACCESS_VIOLATION (0xc0000005) at pc=0x000000005ef12a37, pid=7472, tid=0x0000000000001e74
#
# JRE version: Java(TM) SE Runtime Environment (8.0_92-b14) (build 1.8.0_92-b14)
# Java VM: Java HotSpot(TM) 64-Bit Server VM (25.92-b14 mixed mode windows-amd64 compressed oops)
# Problematic frame:
# V  [jvm.dll+0x212a37]
#
# Failed to write core dump. Minidumps are not enabled by default on client versions of Windows
#
# If you would like to submit a bug report, please visit:
#   http://bugreport.java.com/bugreport/crash.jsp
#

---------------  T H R E A D  ---------------

Current thread (0x0000000016fec800):  JavaThread "pool-2-thread-4" [_thread_in_vm, id=7796, stack(0x0000000017850000,0x0000000017950000)]

siginfo: ExceptionCode=0xc0000005, writing address 0x0000000017949350

Registers:
RAX=0x0000000017949350, RBX=0x0000000000000007, RCX=0x0000000000006000, RDX=0x0000000000000006
RSP=0x000000001794f350, RBP=0x0000000000000000, RSI=0x000000001794f350, RDI=0x0000000000000007
R8 =0x0000000000000006, R9 =0x0000000016fa0c50, R10=0x0000000014bad400, R11=0x000000001785a148
R12=0x0000000016fa0c50, R13=0x0000000016fec800, R14=0x000000001794f418, R15=0x0000000014bad400
RIP=0x000000005ef12a37, EFLAGS=0x0000000000010206

Top of Stack: (sp=0x000000001794f350)
0x000000001794f350:   00007fffd8bb0000 00007fff00000002
0x000000001794f360:   0000000016fec800 0000000016fa0c50
0x000000001794f370:   00000000ffffffff 000000005ef13967
0x000000001794f380:   000000001794f480 0000000014bad400
0x000000001794f390:   0000000016fec800 000000005edbfd93
0x000000001794f3a0:   000000001794f3e0 0000000016fec800
0x000000001794f3b0:   000000001794f470 0000000016fec800
0x000000001794f3c0:   0000000014bad400 0000000016fec800
0x000000001794f3d0:   0000000002e63200 0000000016fec800
0x000000001794f3e0:   0000000014bad400 0000000016fec800
0x000000001794f3f0:   0000000014bad400 0000000016fec800
0x000000001794f400:   0000000000000001 0000000014bad400
0x000000001794f410:   0000000016fec800 0000000016e6df80
0x000000001794f420:   0000000016fec800 000000005edc127d
0x000000001794f430:   000000001794f738 00000001000069a0
0x000000001794f440:   00000001000069a0 0000000000000000 

Instructions: (pc=0x000000005ef12a37)
0x000000005ef12a17:   48 89 6c 24 30 33 ed 66 90 e8 cb 38 08 00 ff c3
0x000000005ef12a27:   48 63 c8 48 8b c6 48 0f af cf 48 ff c7 48 2b c1
0x000000005ef12a37:   89 28 48 63 c3 48 3b 05 7d dc 58 00 7e db 48 8b
0x000000005ef12a47:   6c 24 30 48 8b 5c 24 38 48 8b 74 24 40 48 83 c4 


Register to memory mapping:

RAX=0x0000000017949350 is pointing into the stack for thread: 0x0000000016fec800
RBX=0x0000000000000007 is an unknown value
RCX=0x0000000000006000 is an unknown value
RDX=0x0000000000000006 is an unknown value
RSP=0x000000001794f350 is pointing into the stack for thread: 0x0000000016fec800
RBP=0x0000000000000000 is an unknown value
RSI=0x000000001794f350 is pointing into the stack for thread: 0x0000000016fec800
RDI=0x0000000000000007 is an unknown value
R8 =0x0000000000000006 is an unknown value
R9 =0x0000000016fa0c50 is an unknown value
R10={method} {0x0000000014bad408} 'run' '()V' in 'java/lang/Thread'
R11=0x000000001785a148 is pointing into the stack for thread: 0x0000000016fec800
R12=0x0000000016fa0c50 is an unknown value
R13=0x0000000016fec800 is a thread
R14=0x000000001794f418 is pointing into the stack for thread: 0x0000000016fec800
R15={method} {0x0000000014bad408} 'run' '()V' in 'java/lang/Thread'


Stack: [0x0000000017850000,0x0000000017950000],  sp=0x000000001794f350,  free space=1020k
Native frames: (J=compiled Java code, j=interpreted, Vv=VM code, C=native code)


---------------  P R O C E S S  ---------------

Java Threads: ( => current thread )
=>0x0000000016fec800 JavaThread "pool-2-thread-4" [_thread_in_vm, id=7796, stack(0x0000000017850000,0x0000000017950000)]
  0x0000000016f85000 JavaThread "pool-2-thread-3" [_thread_blocked, id=7840, stack(0x0000000017750000,0x0000000017850000)]
  0x0000000016f84000 JavaThread "pool-2-thread-2" [_thread_blocked, id=7876, stack(0x0000000017650000,0x0000000017750000)]
  0x0000000016f9e800 JavaThread "pool-3-thread-1" [_thread_blocked, id=7764, stack(0x0000000017550000,0x0000000017650000)]
  0x0000000016f9d800 JavaThread "pool-2-thread-1" [_thread_blocked, id=6024, stack(0x0000000017450000,0x0000000017550000)]
  0x0000000016e56800 JavaThread "Service Thread" daemon [_thread_blocked, id=7640, stack(0x0000000017250000,0x0000000017350000)]
  0x000000001557a000 JavaThread "C1 CompilerThread2" daemon [_thread_blocked, id=7652, stack(0x0000000016d50000,0x0000000016e50000)]
  0x0000000015525000 JavaThread "C2 CompilerThread1" daemon [_thread_blocked, id=7500, stack(0x0000000016c50000,0x0000000016d50000)]
  0x0000000015529000 JavaThread "C2 CompilerThread0" daemon [_thread_blocked, id=7624, stack(0x0000000016b50000,0x0000000016c50000)]
  0x0000000015527800 JavaThread "Attach Listener" daemon [_thread_blocked, id=7632, stack(0x0000000016a50000,0x0000000016b50000)]
  0x0000000015526800 JavaThread "Signal Dispatcher" daemon [_thread_blocked, id=7636, stack(0x0000000016950000,0x0000000016a50000)]
  0x000000001550a800 JavaThread "Finalizer" daemon [_thread_blocked, id=7700, stack(0x0000000016770000,0x0000000016870000)]
  0x0000000002e3f800 JavaThread "Reference Handler" daemon [_thread_blocked, id=7608, stack(0x0000000016670000,0x0000000016770000)]
  0x0000000002d50800 JavaThread "main" [_thread_in_vm, id=2624, stack(0x0000000002b80000,0x0000000002c80000)]

Other Threads:
  0x00000000154e7800 VMThread [stack: 0x0000000016570000,0x0000000016670000] [id=7620]
  0x0000000016e6b000 WatcherThread [stack: 0x0000000017350000,0x0000000017450000] [id=2244]

VM state:not at safepoint (normal execution)

VM Mutex/Monitor currently owned by a thread: None

Heap:
 PSYoungGen      total 38400K, used 8673K [0x00000000eab00000, 0x00000000ed580000, 0x0000000100000000)
  eden space 33280K, 26% used [0x00000000eab00000,0x00000000eb3785f8,0x00000000ecb80000)
  from space 5120K, 0% used [0x00000000ed080000,0x00000000ed080000,0x00000000ed580000)
  to   space 5120K, 0% used [0x00000000ecb80000,0x00000000ecb80000,0x00000000ed080000)
 ParOldGen       total 87552K, used 0K [0x00000000c0000000, 0x00000000c5580000, 0x00000000eab00000)
  object space 87552K, 0% used [0x00000000c0000000,0x00000000c0000000,0x00000000c5580000)
 Metaspace       used 4414K, capacity 5520K, committed 5760K, reserved 1056768K
  class space    used 492K, capacity 520K, committed 640K, reserved 1048576K

Card table byte_map: [0x0000000012210000,0x0000000012420000] byte_map_base: 0x0000000011c10000

Marking Bits: (ParMarkBitMap*) 0x000000005f5164f0
 Begin Bits: [0x0000000012980000, 0x0000000013980000)
 End Bits:   [0x0000000013980000, 0x0000000014980000)

Polling page: 0x0000000001370000

CodeCache: size=245760Kb used=1749Kb max_used=1749Kb free=244010Kb
 bounds [0x0000000002e50000, 0x00000000030c0000, 0x0000000011e50000]
 total_blobs=539 nmethods=278 adapters=174
 compilation: enabled

Compilation events (10 events):
Event: 1.452 Thread 0x000000001557a000 nmethod 251 0x0000000002ff8890 code [0x0000000002ff8aa0, 0x0000000002ff95d8]
Event: 1.453 Thread 0x000000001557a000  252       3       com.android.dx.cf.iface.StdAttributeList::get (9 bytes)
Event: 1.454 Thread 0x000000001557a000 nmethod 252 0x0000000002ffb210 code [0x0000000002ffb380, 0x0000000002ffb688]
Event: 1.454 Thread 0x000000001557a000  253       3       sun.misc.URLClassPath::getResource (83 bytes)
Event: 1.454 Thread 0x0000000015529000 nmethod 249 0x0000000002ffd310 code [0x0000000002ffd460, 0x0000000002ffd8f8]
Event: 1.454 Thread 0x000000001557a000 nmethod 253 0x0000000002ffab10 code [0x0000000002ffaca0, 0x0000000002ffb068]
Event: 1.456 Thread 0x000000001557a000  255       3       java.util.WeakHashMap::remove (133 bytes)
Event: 1.457 Thread 0x000000001557a000 nmethod 255 0x0000000002ffc1d0 code [0x0000000002ffc3c0, 0x0000000002ffce88]
Event: 1.457 Thread 0x000000001557a000  254   !   3       java.util.zip.ZipFile$ZipFileInputStream::close (110 bytes)
Event: 1.457 Thread 0x000000001557a000 nmethod 254 0x0000000002ff9d10 code [0x0000000002ff9ec0, 0x0000000002ffa6d8]

GC Heap History (0 events):
No events

Deoptimization events (0 events):
No events

Internal exceptions (2 events):
Event: 0.310 Thread 0x0000000002d50800 Exception <a 'java/lang/NoSuchMethodError': Method sun.misc.Unsafe.defineClass(Ljava/lang/String;[BII)Ljava/lang/Class; name or signature does not match> (0x00000000eab07cc0) thrown at [D:\re\workspace\8-2-build-windows-amd64-cygwin\jdk8u92\6642\hotspot\srÎ–ÎðÓÓ?
Event: 0.310 Thread 0x0000000002d50800 Exception <a 'java/lang/NoSuchMethodError': Method sun.misc.Unsafe.prefetchRead(Ljava/lang/Object;J)V name or signature does not match> (0x00000000eab07fa8) thrown at [D:\re\workspace\8-2-build-windows-amd64-cygwin\jdk8u92\6642\hotspot\src\share\vm\prims\j

Events (10 events):
Event: 1.455 loading class com/android/dx/rop/code/BasicBlock$Visitor
Event: 1.455 loading class com/android/dx/rop/code/BasicBlock$Visitor done
Event: 1.456 loading class com/android/dx/rop/code/Insn
Event: 1.456 loading class com/android/dx/rop/code/Insn done
Event: 1.456 loading class com/android/dx/rop/code/PlainInsn
Event: 1.456 loading class com/android/dx/rop/code/PlainInsn done
Event: 1.456 loading class com/android/dx/rop/code/ThrowingInsn
Event: 1.456 loading class com/android/dx/rop/code/ThrowingInsn done
Event: 1.457 loading class com/android/dx/rop/code/PlainCstInsn
Event: 1.457 loading class com/android/dx/rop/code/PlainCstInsn done


Dynamic libraries:
0x00007ff6c6660000 - 0x00007ff6c6697000 	C:\Program Files\Java\jdk1.8.0_92\bin\java.exe
0x00007fffd9b80000 - 0x00007fffd9d2c000 	C:\Windows\SYSTEM32\ntdll.dll
0x00007fffd8a70000 - 0x00007fffd8baa000 	C:\Windows\system32\KERNEL32.DLL
0x00007fffd6fa0000 - 0x00007fffd70b5000 	C:\Windows\system32\KERNELBASE.dll
0x00007fffd3670000 - 0x00007fffd36fe000 	C:\Windows\system32\apphelp.dll
0x00007fffc4d00000 - 0x00007fffc4d53000 	C:\Windows\AppPatch\AppPatch64\AcGenral.DLL
0x00007fffd9ab0000 - 0x00007fffd9b57000 	C:\Windows\system32\msvcrt.dll
0x00007fffd6c80000 - 0x00007fffd6cab000 	C:\Windows\SYSTEM32\SspiCli.dll
0x00007fffd7370000 - 0x00007fffd73c1000 	C:\Windows\system32\SHLWAPI.dll
0x00007fffd8f70000 - 0x00007fffd90e1000 	C:\Windows\system32\USER32.dll
0x00007fffd8df0000 - 0x00007fffd8f68000 	C:\Windows\system32\ole32.dll
0x00007fffd73d0000 - 0x00007fffd88fb000 	C:\Windows\system32\SHELL32.dll
0x00007fffd6440000 - 0x00007fffd645e000 	C:\Windows\SYSTEM32\USERENV.dll
0x00007fffd8900000 - 0x00007fffd89aa000 	C:\Windows\system32\ADVAPI32.dll
0x00007fffca470000 - 0x00007fffca48b000 	C:\Windows\SYSTEM32\MPR.dll
0x00007fffd91a0000 - 0x00007fffd92d6000 	C:\Windows\system32\RPCRT4.dll
0x00007fffd72f0000 - 0x00007fffd7347000 	C:\Windows\SYSTEM32\sechost.dll
0x00007fffd98d0000 - 0x00007fffd9aa6000 	C:\Windows\SYSTEM32\combase.dll
0x00007fffd9660000 - 0x00007fffd97af000 	C:\Windows\system32\GDI32.dll
0x00007fffd6dd0000 - 0x00007fffd6de4000 	C:\Windows\SYSTEM32\profapi.dll
0x00007fffd5420000 - 0x00007fffd54bf000 	C:\Windows\SYSTEM32\SHCORE.dll
0x00007fffd92e0000 - 0x00007fffd9314000 	C:\Windows\system32\IMM32.DLL
0x00007fffd9320000 - 0x00007fffd9459000 	C:\Windows\system32\MSCTF.dll
0x00007fffd2cf0000 - 0x00007fffd2f6b000 	C:\Windows\WinSxS\amd64_microsoft.windows.common-controls_6595b64144ccf1df_6.0.9600.18006_none_623f33d3ecbe86e8\COMCTL32.dll
0x000000005ca50000 - 0x000000005cb22000 	C:\Program Files\Java\jdk1.8.0_92\jre\bin\msvcr100.dll
0x000000005ed00000 - 0x000000005f596000 	C:\Program Files\Java\jdk1.8.0_92\jre\bin\server\jvm.dll
0x00007fffcbfb0000 - 0x00007fffcbfb9000 	C:\Windows\SYSTEM32\WSOCK32.dll
0x00007fffd4e90000 - 0x00007fffd4eaf000 	C:\Windows\SYSTEM32\WINMM.dll
0x00007fffd4e80000 - 0x00007fffd4e8a000 	C:\Windows\SYSTEM32\VERSION.dll
0x00007fffd7350000 - 0x00007fffd7357000 	C:\Windows\system32\PSAPI.DLL
0x00007fffd8bb0000 - 0x00007fffd8c08000 	C:\Windows\system32\WS2_32.dll
0x00007fffd3910000 - 0x00007fffd393a000 	C:\Windows\SYSTEM32\WINMMBASE.dll
0x00007fffd98c0000 - 0x00007fffd98c9000 	C:\Windows\system32\NSI.dll
0x00007fffd6ea0000 - 0x00007fffd6eea000 	C:\Windows\SYSTEM32\cfgmgr32.dll
0x00007fffd5c80000 - 0x00007fffd5ca6000 	C:\Windows\SYSTEM32\DEVOBJ.dll
0x000000005ecf0000 - 0x000000005ecff000 	C:\Program Files\Java\jdk1.8.0_92\jre\bin\verify.dll
0x000000005ecc0000 - 0x000000005ece9000 	C:\Program Files\Java\jdk1.8.0_92\jre\bin\java.dll
0x000000005eca0000 - 0x000000005ecb6000 	C:\Program Files\Java\jdk1.8.0_92\jre\bin\zip.dll

VM Arguments:
jvm_args: -Djava.awt.headless=true -Xmx1024M -Dfile.encoding=windows-1252 -Duser.country=GB -Duser.language=en -Duser.variant 
java_command: com.android.dx.command.Main --dex --force-jumbo --num-threads=4 --multi-dex --output D:\Software\Android\Projects\Game\app\build\intermediates\transforms\dex\debug\folders\1000\10\instant-run_a971d08ef66c2f37c9e8d57f6a1bf03832c80da8 D:\Software\Android\Projects\Game\app\build\intermediates\incremental-runtime-classes\debug\instant-run.jar
java_class_path (initial): C:\Users\Shekhar\AppData\Local\Android\Sdk\build-tools\23.0.3\lib\dx.jar
Launcher Type: SUN_STANDARD

Environment Variables:
PATH=C:\ProgramData\Oracle\Java\javapath;C:\Program Files (x86)\Intel\iCLS Client\;C:\Program Files\Intel\iCLS Client\;C:\Windows\system32;C:\Windows;C:\Windows\System32\Wbem;C:\Windows\System32\WindowsPowerShell\v1.0\;C:\Program Files\Intel\Intel(R) Management Engine Components\DAL;C:\Program Files\Intel\Intel(R) Management Engine Components\IPT;C:\Program Files (x86)\Intel\Intel(R) Management Engine Components\DAL;C:\Program Files (x86)\Intel\Intel(R) Management Engine Components\IPT;C:\Program Files (x86)\NVIDIA Corporation\PhysX\Common;C:\Program Files (x86)\MySQL\MySQL Fabric 1.5 & MySQL Utilities 1.5\;C:\Program Files (x86)\MySQL\MySQL Fabric 1.5 & MySQL Utilities 1.5\Doctrine extensions for PHP\;D:\Software\Matlab\MatlabR2015b\bin;C:\Program Files (x86)\Windows Kits\8.1\Windows Performance Toolkit\;D:\Software\Java\JDK 8\bin;
USERNAME=Shekhar
OS=Windows_NT
PROCESSOR_IDENTIFIER=Intel64 Family 6 Model 42 Stepping 7, GenuineIntel



---------------  S Y S T E M  ---------------

OS: Windows 8.1 , 64 bit Build 9600 (6.3.9600.17056)

CPU:total 4 (4 cores per cpu, 1 threads per core) family 6 model 42 stepping 7, cmov, cx8, fxsr, mmx, sse, sse2, sse3, ssse3, sse4.1, sse4.2, popcnt, avx, aes, clmul, tsc, tscinvbit

Memory: 4k page, physical 8348912k(1174880k free), swap 10446064k(8052k free)

vm_info: Java HotSpot(TM) 64-Bit Server VM (25.92-b14) for windows-amd64 JRE (1.8.0_92-b14), built on Mar 31 2016 21:03:04 by "java_re" with MS VC++ 10.0 (VS2010)

time: Tue Jul 05 22:02:42 2016
elapsed time: 1 seconds (0d 0h 0m 1s)

