#
# There is insufficient memory for the Java Runtime Environment to continue.
# Native memory allocation (malloc) failed to allocate 86384 bytes for Chunk::new
# Possible reasons:
#   The system is out of physical RAM or swap space
#   In 32 bit mode, the process size limit was hit
# Possible solutions:
#   Reduce memory load on the system
#   Increase physical memory or swap space
#   Check if swap backing store is full
#   Use 64 bit Java on a 64 bit OS
#   Decrease Java heap size (-Xmx/-Xms)
#   Decrease number of Java threads
#   Decrease Java thread stack sizes (-Xss)
#   Set larger code cache with -XX:ReservedCodeCacheSize=
# This output file may be truncated or incomplete.
#
#  Out of Memory Error (allocation.cpp:390), pid=4964, tid=0x00000000000014a4
#
# JRE version: Java(TM) SE Runtime Environment (8.0_92-b14) (build 1.8.0_92-b14)
# Java VM: Java HotSpot(TM) 64-Bit Server VM (25.92-b14 mixed mode windows-amd64 compressed oops)
# Failed to write core dump. Minidumps are not enabled by default on client versions of Windows
#

---------------  T H R E A D  ---------------

Current thread (0x00000000146f8800):  JavaThread "C2 CompilerThread1" daemon [_thread_in_native, id=5284, stack(0x0000000015de0000,0x0000000015ee0000)]

Stack: [0x0000000015de0000,0x0000000015ee0000]
[error occurred during error reporting (printing stack bounds), id 0xc0000005]

Native frames: (J=compiled Java code, j=interpreted, Vv=VM code, C=native code)


Current CompileTask:
C2:  14702 2647       4       com.android.dx.dex.code.DalvCode::finishProcessingIfNecessary (69 bytes)


---------------  P R O C E S S  ---------------

Java Threads: ( => current thread )
  0x00000000162f4000 JavaThread "pool-1-thread-1" [_thread_in_Java, id=4220, stack(0x00000000165e0000,0x00000000166e0000)]
  0x0000000015fe7000 JavaThread "Service Thread" daemon [_thread_blocked, id=6100, stack(0x00000000163e0000,0x00000000164e0000)]
  0x00000000146fb000 JavaThread "C1 CompilerThread2" daemon [_thread_blocked, id=2828, stack(0x0000000015ee0000,0x0000000015fe0000)]
=>0x00000000146f8800 JavaThread "C2 CompilerThread1" daemon [_thread_in_native, id=5284, stack(0x0000000015de0000,0x0000000015ee0000)]
  0x00000000146aa800 JavaThread "C2 CompilerThread0" daemon [_thread_in_native, id=5992, stack(0x0000000015ce0000,0x0000000015de0000)]
  0x00000000146a9800 JavaThread "Attach Listener" daemon [_thread_blocked, id=5884, stack(0x0000000015be0000,0x0000000015ce0000)]
  0x00000000146a6000 JavaThread "Signal Dispatcher" daemon [_thread_blocked, id=3744, stack(0x0000000015ae0000,0x0000000015be0000)]
  0x000000001468a800 JavaThread "Finalizer" daemon [_thread_blocked, id=4812, stack(0x0000000015900000,0x0000000015a00000)]
  0x0000000014669000 JavaThread "Reference Handler" daemon [_thread_blocked, id=1476, stack(0x0000000015800000,0x0000000015900000)]
  0x0000000001ed0800 JavaThread "main" [_thread_blocked, id=5800, stack(0x0000000001dd0000,0x0000000001ed0000)]

Other Threads:
  0x0000000014666800 VMThread [stack: 0x0000000015700000,0x0000000015800000] [id=5916]
  0x000000001600b800 WatcherThread [stack: 0x00000000164e0000,0x00000000165e0000] [id=4604]

VM state:not at safepoint (normal execution)

VM Mutex/Monitor currently owned by a thread: None

Heap:
 PSYoungGen      total 138240K, used 19049K [0x00000000eab00000, 0x00000000f3700000, 0x0000000100000000)
  eden space 133120K, 10% used [0x00000000eab00000,0x00000000eb8a12c0,0x00000000f2d00000)
  from space 5120K, 99% used [0x00000000f2d00000,0x00000000f31f93a0,0x00000000f3200000)
  to   space 5120K, 0% used [0x00000000f3200000,0x00000000f3200000,0x00000000f3700000)
 ParOldGen       total 87552K, used 42751K [0x00000000c0000000, 0x00000000c5580000, 0x00000000eab00000)
  object space 87552K, 48% used [0x00000000c0000000,0x00000000c29bfc98,0x00000000c5580000)
 Metaspace       used 6904K, capacity 7608K, committed 7936K, reserved 1056768K
  class space    used 646K, capacity 688K, committed 768K, reserved 1048576K

Card table byte_map: [0x0000000011390000,0x00000000115a0000] byte_map_base: 0x0000000010d90000

Marking Bits: (ParMarkBitMap*) 0x0000000059b264f0
 Begin Bits: [0x0000000011b00000, 0x0000000012b00000)
 End Bits:   [0x0000000012b00000, 0x0000000013b00000)

Polling page: 0x00000000005b0000

CodeCache: size=245760Kb used=12426Kb max_used=12426Kb free=233333Kb
 bounds [0x0000000001fd0000, 0x0000000002c00000, 0x0000000010fd0000]
 total_blobs=2826 nmethods=2555 adapters=183
 compilation: enabled

Compilation events (10 events):
Event: 14.673 Thread 0x00000000146fb000 2646       3       com.android.dx.dex.file.DebugInfoEncoder::emitTypeIndex (45 bytes)
Event: 14.673 Thread 0x00000000146fb000 nmethod 2646 0x0000000002bf6150 code [0x0000000002bf6340, 0x0000000002bf6c58]
Event: 14.674 Thread 0x00000000146fb000 2649       3       com.android.dx.dex.file.DebugInfoEncoder::emitAdvanceLine (82 bytes)
Event: 14.675 Thread 0x00000000146fb000 nmethod 2649 0x0000000002bf6f90 code [0x0000000002bf71c0, 0x0000000002bf7e68]
Event: 14.687 Thread 0x00000000146fb000 2650       3       com.android.dx.dex.file.DebugInfoEncoder::emitLocalEnd (83 bytes)
Event: 14.688 Thread 0x00000000146fb000 nmethod 2650 0x0000000002bf8490 code [0x0000000002bf86e0, 0x0000000002bf95f8]
Event: 14.688 Thread 0x00000000146fb000 2651       3       com.android.dx.dex.file.DebugInfoEncoder::emitLocalStart (108 bytes)
Event: 14.690 Thread 0x00000000146fb000 nmethod 2651 0x0000000002bf9d50 code [0x0000000002bf9fe0, 0x0000000002bfb0d8]
Event: 14.696 Thread 0x00000000146fb000 2654       3       com.android.dx.dex.file.DebugInfoEncoder::emitAdvancePc (82 bytes)
Event: 14.697 Thread 0x00000000146fb000 nmethod 2654 0x0000000002bfb910 code [0x0000000002bfbb40, 0x0000000002bfc7e8]

GC Heap History (10 events):
Event: 4.798 GC heap before
{Heap before GC invocations=1 (full 0):
 PSYoungGen      total 38400K, used 33280K [0x00000000eab00000, 0x00000000ed580000, 0x0000000100000000)
  eden space 33280K, 100% used [0x00000000eab00000,0x00000000ecb80000,0x00000000ecb80000)
  from space 5120K, 0% used [0x00000000ed080000,0x00000000ed080000,0x00000000ed580000)
  to   space 5120K, 0% used [0x00000000ecb80000,0x00000000ecb80000,0x00000000ed080000)
 ParOldGen       total 87552K, used 0K [0x00000000c0000000, 0x00000000c5580000, 0x00000000eab00000)
  object space 87552K, 0% used [0x00000000c0000000,0x00000000c0000000,0x00000000c5580000)
 Metaspace       used 6020K, capacity 6898K, committed 7040K, reserved 1056768K
  class space    used 603K, capacity 618K, committed 640K, reserved 1048576K
Event: 4.870 GC heap after
Heap after GC invocations=1 (full 0):
 PSYoungGen      total 38400K, used 5098K [0x00000000eab00000, 0x00000000ef600000, 0x0000000100000000)
  eden space 33280K, 0% used [0x00000000eab00000,0x00000000eab00000,0x00000000ecb80000)
  from space 5120K, 99% used [0x00000000ecb80000,0x00000000ed07aa60,0x00000000ed080000)
  to   space 5120K, 0% used [0x00000000ef100000,0x00000000ef100000,0x00000000ef600000)
 ParOldGen       total 87552K, used 956K [0x00000000c0000000, 0x00000000c5580000, 0x00000000eab00000)
  object space 87552K, 1% used [0x00000000c0000000,0x00000000c00ef1d8,0x00000000c5580000)
 Metaspace       used 6020K, capacity 6898K, committed 7040K, reserved 1056768K
  class space    used 603K, capacity 618K, committed 640K, reserved 1048576K
}
Event: 6.720 GC heap before
{Heap before GC invocations=2 (full 0):
 PSYoungGen      total 38400K, used 38378K [0x00000000eab00000, 0x00000000ef600000, 0x0000000100000000)
  eden space 33280K, 100% used [0x00000000eab00000,0x00000000ecb80000,0x00000000ecb80000)
  from space 5120K, 99% used [0x00000000ecb80000,0x00000000ed07aa60,0x00000000ed080000)
  to   space 5120K, 0% used [0x00000000ef100000,0x00000000ef100000,0x00000000ef600000)
 ParOldGen       total 87552K, used 956K [0x00000000c0000000, 0x00000000c5580000, 0x00000000eab00000)
  object space 87552K, 1% used [0x00000000c0000000,0x00000000c00ef1d8,0x00000000c5580000)
 Metaspace       used 6223K, capacity 7090K, committed 7296K, reserved 1056768K
  class space    used 604K, capacity 618K, committed 640K, reserved 1048576K
Event: 6.782 GC heap after
Heap after GC invocations=2 (full 0):
 PSYoungGen      total 71680K, used 5101K [0x00000000eab00000, 0x00000000ef600000, 0x0000000100000000)
  eden space 66560K, 0% used [0x00000000eab00000,0x00000000eab00000,0x00000000eec00000)
  from space 5120K, 99% used [0x00000000ef100000,0x00000000ef5fb7a0,0x00000000ef600000)
  to   space 5120K, 0% used [0x00000000eec00000,0x00000000eec00000,0x00000000ef100000)
 ParOldGen       total 87552K, used 4962K [0x00000000c0000000, 0x00000000c5580000, 0x00000000eab00000)
  object space 87552K, 5% used [0x00000000c0000000,0x00000000c04d89c8,0x00000000c5580000)
 Metaspace       used 6223K, capacity 7090K, committed 7296K, reserved 1056768K
  class space    used 604K, capacity 618K, committed 640K, reserved 1048576K
}
Event: 8.139 GC heap before
{Heap before GC invocations=3 (full 0):
 PSYoungGen      total 71680K, used 71661K [0x00000000eab00000, 0x00000000ef600000, 0x0000000100000000)
  eden space 66560K, 100% used [0x00000000eab00000,0x00000000eec00000,0x00000000eec00000)
  from space 5120K, 99% used [0x00000000ef100000,0x00000000ef5fb7a0,0x00000000ef600000)
  to   space 5120K, 0% used [0x00000000eec00000,0x00000000eec00000,0x00000000ef100000)
 ParOldGen       total 87552K, used 4962K [0x00000000c0000000, 0x00000000c5580000, 0x00000000eab00000)
  object space 87552K, 5% used [0x00000000c0000000,0x00000000c04d89c8,0x00000000c5580000)
 Metaspace       used 6313K, capacity 7154K, committed 7296K, reserved 1056768K
  class space    used 605K, capacity 618K, committed 640K, reserved 1048576K
Event: 8.252 GC heap after
Heap after GC invocations=3 (full 0):
 PSYoungGen      total 71680K, used 5106K [0x00000000eab00000, 0x00000000f3700000, 0x0000000100000000)
  eden space 66560K, 0% used [0x00000000eab00000,0x00000000eab00000,0x00000000eec00000)
  from space 5120K, 99% used [0x00000000eec00000,0x00000000ef0fc908,0x00000000ef100000)
  to   space 5120K, 0% used [0x00000000f3200000,0x00000000f3200000,0x00000000f3700000)
 ParOldGen       total 87552K, used 15096K [0x00000000c0000000, 0x00000000c5580000, 0x00000000eab00000)
  object space 87552K, 17% used [0x00000000c0000000,0x00000000c0ebe1e8,0x00000000c5580000)
 Metaspace       used 6313K, capacity 7154K, committed 7296K, reserved 1056768K
  class space    used 605K, capacity 618K, committed 640K, reserved 1048576K
}
Event: 9.167 GC heap before
{Heap before GC invocations=4 (full 0):
 PSYoungGen      total 71680K, used 71666K [0x00000000eab00000, 0x00000000f3700000, 0x0000000100000000)
  eden space 66560K, 100% used [0x00000000eab00000,0x00000000eec00000,0x00000000eec00000)
  from space 5120K, 99% used [0x00000000eec00000,0x00000000ef0fc908,0x00000000ef100000)
  to   space 5120K, 0% used [0x00000000f3200000,0x00000000f3200000,0x00000000f3700000)
 ParOldGen       total 87552K, used 15096K [0x00000000c0000000, 0x00000000c5580000, 0x00000000eab00000)
  object space 87552K, 17% used [0x00000000c0000000,0x00000000c0ebe1e8,0x00000000c5580000)
 Metaspace       used 6422K, capacity 7192K, committed 7424K, reserved 1056768K
  class space    used 625K, capacity 656K, committed 768K, reserved 1048576K
Event: 9.615 GC heap after
Heap after GC invocations=4 (full 0):
 PSYoungGen      total 138240K, used 5105K [0x00000000eab00000, 0x00000000f3700000, 0x0000000100000000)
  eden space 133120K, 0% used [0x00000000eab00000,0x00000000eab00000,0x00000000f2d00000)
  from space 5120K, 99% used [0x00000000f3200000,0x00000000f36fc618,0x00000000f3700000)
  to   space 5120K, 0% used [0x00000000f2d00000,0x00000000f2d00000,0x00000000f3200000)
 ParOldGen       total 87552K, used 24481K [0x00000000c0000000, 0x00000000c5580000, 0x00000000eab00000)
  object space 87552K, 27% used [0x00000000c0000000,0x00000000c17e8488,0x00000000c5580000)
 Metaspace       used 6422K, capacity 7192K, committed 7424K, reserved 1056768K
  class space    used 625K, capacity 656K, committed 768K, reserved 1048576K
}
Event: 13.529 GC heap before
{Heap before GC invocations=5 (full 0):
 PSYoungGen      total 138240K, used 138225K [0x00000000eab00000, 0x00000000f3700000, 0x0000000100000000)
  eden space 133120K, 100% used [0x00000000eab00000,0x00000000f2d00000,0x00000000f2d00000)
  from space 5120K, 99% used [0x00000000f3200000,0x00000000f36fc618,0x00000000f3700000)
  to   space 5120K, 0% used [0x00000000f2d00000,0x00000000f2d00000,0x00000000f3200000)
 ParOldGen       total 87552K, used 24481K [0x00000000c0000000, 0x00000000c5580000, 0x00000000eab00000)
  object space 87552K, 27% used [0x00000000c0000000,0x00000000c17e8488,0x00000000c5580000)
 Metaspace       used 6631K, capacity 7320K, committed 7680K, reserved 1056768K
  class space    used 632K, capacity 656K, committed 768K, reserved 1048576K
Event: 13.625 GC heap after
Heap after GC invocations=5 (full 0):
 PSYoungGen      total 138240K, used 5092K [0x00000000eab00000, 0x00000000f3700000, 0x0000000100000000)
  eden space 133120K, 0% used [0x00000000eab00000,0x00000000eab00000,0x00000000f2d00000)
  from space 5120K, 99% used [0x00000000f2d00000,0x00000000f31f93a0,0x00000000f3200000)
  to   space 5120K, 0% used [0x00000000f3200000,0x00000000f3200000,0x00000000f3700000)
 ParOldGen       total 87552K, used 42751K [0x00000000c0000000, 0x00000000c5580000, 0x00000000eab00000)
  object space 87552K, 48% used [0x00000000c0000000,0x00000000c29bfc98,0x00000000c5580000)
 Metaspace       used 6631K, capacity 7320K, committed 7680K, reserved 1056768K
  class space    used 632K, capacity 656K, committed 768K, reserved 1048576K
}

Deoptimization events (10 events):
Event: 12.874 Thread 0x00000000162f4000 Uncommon trap: reason=class_check action=maybe_recompile pc=0x00000000024c9b08 method=java.util.Arrays.hashCode([Ljava/lang/Object;)I @ 43
Event: 12.874 Thread 0x00000000162f4000 Uncommon trap: reason=class_check action=maybe_recompile pc=0x00000000024c9b08 method=java.util.Arrays.hashCode([Ljava/lang/Object;)I @ 43
Event: 12.874 Thread 0x00000000162f4000 Uncommon trap: reason=class_check action=maybe_recompile pc=0x00000000024c9b08 method=java.util.Arrays.hashCode([Ljava/lang/Object;)I @ 43
Event: 12.874 Thread 0x00000000162f4000 Uncommon trap: reason=class_check action=maybe_recompile pc=0x00000000024c9b08 method=java.util.Arrays.hashCode([Ljava/lang/Object;)I @ 43
Event: 12.875 Thread 0x00000000162f4000 Uncommon trap: reason=class_check action=maybe_recompile pc=0x00000000024bd574 method=java.util.Arrays.hashCode([Ljava/lang/Object;)I @ 43
Event: 13.380 Thread 0x00000000162f4000 Uncommon trap: reason=unstable_if action=reinterpret pc=0x0000000002a93f60 method=java.util.HashMap.putVal(ILjava/lang/Object;Ljava/lang/Object;ZZ)Ljava/lang/Object; @ 109
Event: 14.105 Thread 0x00000000162f4000 Uncommon trap: reason=unstable_if action=reinterpret pc=0x00000000027d0f4c method=java.util.TreeMap.put(Ljava/lang/Object;Ljava/lang/Object;)Ljava/lang/Object; @ 163
Event: 14.107 Thread 0x00000000162f4000 Uncommon trap: reason=unstable_if action=reinterpret pc=0x0000000002843880 method=com.android.dx.rop.code.RegisterSpecSet.equals(Ljava/lang/Object;)Z @ 30
Event: 14.130 Thread 0x00000000162f4000 Uncommon trap: reason=unstable_if action=reinterpret pc=0x0000000002b3a8d8 method=com.android.dx.rop.code.RegisterSpec.matchesVariable(Lcom/android/dx/rop/code/RegisterSpec;)Z @ 59
Event: 14.594 Thread 0x00000000162f4000 Uncommon trap: reason=unstable_if action=reinterpret pc=0x0000000002a00bd8 method=java.util.ArrayList.<init>(I)V @ 5

Internal exceptions (6 events):
Event: 0.242 Thread 0x0000000001ed0800 Exception <a 'java/lang/NoSuchMethodError': Method sun.misc.Unsafe.defineClass(Ljava/lang/String;[BII)Ljava/lang/Class; name or signature does not match> (0x00000000eab07cc0) thrown at [D:\re\workspace\8-2-build-windows-amd64-cygwin\jdk8u92\6642\hotspot\sr‚“eßãíÎ?
Event: 0.242 Thread 0x0000000001ed0800 Exception <a 'java/lang/NoSuchMethodError': Method sun.misc.Unsafe.prefetchRead(Ljava/lang/Object;J)V name or signature does not match> (0x00000000eab07fa8) thrown at [D:\re\workspace\8-2-build-windows-amd64-cygwin\jdk8u92\6642\hotspot\src\share\vm\prims\jÄž‚´@
Event: 4.426 Thread 0x00000000162f0000 Implicit null exception at 0x00000000022a6707 to 0x00000000022a875d
Event: 8.762 Thread 0x00000000162f9000 Exception <a 'java/lang/ArrayIndexOutOfBoundsException': 18> (0x00000000ecd2b468) thrown at [D:\re\workspace\8-2-build-windows-amd64-cygwin\jdk8u92\6642\hotspot\src\share\vm\interpreter\interpreterRuntime.cpp, line 366]
Event: 8.763 Thread 0x00000000162f9000 Exception <a 'java/lang/ArrayIndexOutOfBoundsException'> (0x00000000ecd2cfe8) thrown at [D:\re\workspace\8-2-build-windows-amd64-cygwin\jdk8u92\6642\hotspot\src\share\vm\runtime\sharedRuntime.cpp, line 605]
Event: 8.763 Thread 0x00000000162f9000 Exception <a 'java/lang/ArrayIndexOutOfBoundsException'> (0x00000000ecd2e2d0) thrown at [D:\re\workspace\8-2-build-windows-amd64-cygwin\jdk8u92\6642\hotspot\src\share\vm\runtime\sharedRuntime.cpp, line 605]

Events (10 events):
Event: 14.266 Thread 0x00000000162f4000 DEOPT UNPACKING pc=0x000000000201787f sp=0x00000000166de740 mode 0
Event: 14.591 loading class com/android/dx/dex/file/DebugInfoEncoder
Event: 14.591 loading class com/android/dx/dex/file/DebugInfoEncoder done
Event: 14.593 loading class com/android/dx/dex/file/DebugInfoEncoder$1
Event: 14.593 loading class com/android/dx/dex/file/DebugInfoEncoder$1 done
Event: 14.593 loading class com/android/dx/dex/file/DebugInfoEncoder$2
Event: 14.593 loading class com/android/dx/dex/file/DebugInfoEncoder$2 done
Event: 14.594 Thread 0x00000000162f4000 Uncommon trap: trap_request=0xffffff65 fr.pc=0x0000000002a00bd8
Event: 14.594 Thread 0x00000000162f4000 DEOPT PACKING pc=0x0000000002a00bd8 sp=0x00000000166de7d0
Event: 14.594 Thread 0x00000000162f4000 DEOPT UNPACKING pc=0x000000000201582a sp=0x00000000166de778 mode 2


Dynamic libraries:
0x00007ff7a4b10000 - 0x00007ff7a4b47000 	C:\Program Files\Java\jdk1.8.0_92\bin\java.exe
0x00007ffe488a0000 - 0x00007ffe48a4c000 	C:\Windows\SYSTEM32\ntdll.dll
0x00007ffe480e0000 - 0x00007ffe4821a000 	C:\Windows\system32\KERNEL32.DLL
0x00007ffe45bc0000 - 0x00007ffe45cd5000 	C:\Windows\system32\KERNELBASE.dll
0x00007ffe44730000 - 0x00007ffe447be000 	C:\Windows\system32\apphelp.dll
0x00007ffe39f80000 - 0x00007ffe39fd3000 	C:\Windows\AppPatch\AppPatch64\AcGenral.DLL
0x00007ffe48280000 - 0x00007ffe48327000 	C:\Windows\system32\msvcrt.dll
0x00007ffe459a0000 - 0x00007ffe459cb000 	C:\Windows\SYSTEM32\SspiCli.dll
0x00007ffe46250000 - 0x00007ffe462a1000 	C:\Windows\system32\SHLWAPI.dll
0x00007ffe47f60000 - 0x00007ffe480d1000 	C:\Windows\system32\USER32.dll
0x00007ffe48720000 - 0x00007ffe48898000 	C:\Windows\system32\ole32.dll
0x00007ffe464b0000 - 0x00007ffe479db000 	C:\Windows\system32\SHELL32.dll
0x00007ffe45160000 - 0x00007ffe4517e000 	C:\Windows\SYSTEM32\USERENV.dll
0x00007ffe47b60000 - 0x00007ffe47c0a000 	C:\Windows\system32\ADVAPI32.dll
0x00007ffe392b0000 - 0x00007ffe392cb000 	C:\Windows\SYSTEM32\MPR.dll
0x00007ffe47e20000 - 0x00007ffe47f56000 	C:\Windows\system32\RPCRT4.dll
0x00007ffe46010000 - 0x00007ffe46067000 	C:\Windows\SYSTEM32\sechost.dll
0x00007ffe48540000 - 0x00007ffe48716000 	C:\Windows\SYSTEM32\combase.dll
0x00007ffe47c20000 - 0x00007ffe47d6f000 	C:\Windows\system32\GDI32.dll
0x00007ffe45af0000 - 0x00007ffe45b04000 	C:\Windows\SYSTEM32\profapi.dll
0x00007ffe44140000 - 0x00007ffe441df000 	C:\Windows\SYSTEM32\SHCORE.dll
0x00007ffe48240000 - 0x00007ffe48274000 	C:\Windows\system32\IMM32.DLL
0x00007ffe48400000 - 0x00007ffe48539000 	C:\Windows\system32\MSCTF.dll
0x00007ffe43900000 - 0x00007ffe43b7b000 	C:\Windows\WinSxS\amd64_microsoft.windows.common-controls_6595b64144ccf1df_6.0.9600.18006_none_623f33d3ecbe86e8\COMCTL32.dll
0x00000000570e0000 - 0x00000000571b2000 	C:\Program Files\Java\jdk1.8.0_92\jre\bin\msvcr100.dll
0x0000000059310000 - 0x0000000059ba6000 	C:\Program Files\Java\jdk1.8.0_92\jre\bin\server\jvm.dll
0x00007ffe39150000 - 0x00007ffe39159000 	C:\Windows\SYSTEM32\WSOCK32.dll
0x00007ffe430e0000 - 0x00007ffe430ff000 	C:\Windows\SYSTEM32\WINMM.dll
0x00007ffe43710000 - 0x00007ffe4371a000 	C:\Windows\SYSTEM32\VERSION.dll
0x00007ffe47aa0000 - 0x00007ffe47aa7000 	C:\Windows\system32\PSAPI.DLL
0x00007ffe48330000 - 0x00007ffe48388000 	C:\Windows\system32\WS2_32.dll
0x00007ffe42fd0000 - 0x00007ffe42ffa000 	C:\Windows\SYSTEM32\WINMMBASE.dll
0x00007ffe47c10000 - 0x00007ffe47c19000 	C:\Windows\system32\NSI.dll
0x00007ffe45fc0000 - 0x00007ffe4600a000 	C:\Windows\SYSTEM32\cfgmgr32.dll
0x00007ffe44980000 - 0x00007ffe449a6000 	C:\Windows\SYSTEM32\DEVOBJ.dll
0x0000000059300000 - 0x000000005930f000 	C:\Program Files\Java\jdk1.8.0_92\jre\bin\verify.dll
0x00000000592d0000 - 0x00000000592f9000 	C:\Program Files\Java\jdk1.8.0_92\jre\bin\java.dll
0x00000000592b0000 - 0x00000000592c6000 	C:\Program Files\Java\jdk1.8.0_92\jre\bin\zip.dll

VM Arguments:
jvm_args: -Djava.awt.headless=true -Xmx1024M -Dfile.encoding=windows-1252 -Duser.country=GB -Duser.language=en -Duser.variant 
java_command: com.android.dx.command.Main --dex --force-jumbo --num-threads=4 --multi-dex --output D:\Software\Android\Projects\Game\app\build\intermediates\transforms\dex\debug\folders\1000\10\com.android.support-appcompat-v7-23.4.0_ef45e7ddf47aa9041b305bfbd4aa8f4ebbc6e774 D:\Software\Android\Projects\Game\app\build\intermediates\exploded-aar\com.android.support\appcompat-v7\23.4.0\jars\classes.jar
java_class_path (initial): C:\Users\Shekhar\AppData\Local\Android\Sdk\build-tools\23.0.3\lib\dx.jar
Launcher Type: SUN_STANDARD

Environment Variables:
PATH=C:\ProgramData\Oracle\Java\javapath;C:\Program Files (x86)\Intel\iCLS Client\;C:\Program Files\Intel\iCLS Client\;C:\Windows\system32;C:\Windows;C:\Windows\System32\Wbem;C:\Windows\System32\WindowsPowerShell\v1.0\;C:\Program Files\Intel\Intel(R) Management Engine Components\DAL;C:\Program Files\Intel\Intel(R) Management Engine Components\IPT;C:\Program Files (x86)\Intel\Intel(R) Management Engine Components\DAL;C:\Program Files (x86)\Intel\Intel(R) Management Engine Components\IPT;C:\Program Files (x86)\NVIDIA Corporation\PhysX\Common;C:\Program Files (x86)\MySQL\MySQL Fabric 1.5 & MySQL Utilities 1.5\;C:\Program Files (x86)\MySQL\MySQL Fabric 1.5 & MySQL Utilities 1.5\Doctrine extensions for PHP\;D:\Software\Matlab\MatlabR2015b\bin;C:\Program Files (x86)\Windows Kits\8.1\Windows Performance Toolkit\;D:\Software\Java\JDK 8\bin;
USERNAME=Shekhar
OS=Windows_NT
PROCESSOR_IDENTIFIER=Intel64 Family 6 Model 42 Stepping 7, GenuineIntel



---------------  S Y S T E M  ---------------

OS: Windows 8.1 , 64 bit Build 9600 (6.3.9600.17056)

CPU:total 4 (4 cores per cpu, 1 threads per core) family 6 model 42 stepping 7, cmov, cx8, fxsr, mmx, sse, sse2, sse3, ssse3, sse4.1, sse4.2, popcnt, avx, aes, clmul, tsc, tscinvbit

Memory: 4k page, physical 8348912k(1203520k free), swap 10446064k(1732k free)

vm_info: Java HotSpot(TM) 64-Bit Server VM (25.92-b14) for windows-amd64 JRE (1.8.0_92-b14), built on Mar 31 2016 21:03:04 by "java_re" with MS VC++ 10.0 (VS2010)

time: Tue Jul 26 14:58:24 2016
elapsed time: 14 seconds (0d 0h 0m 14s)

